<?xml version="1.0"?><coverage lines-covered="2630" lines-valid="8391" line-rate="0.313431057084972" branches-covered="0" branches-valid="0" branch-rate="0" complexity="0" version="1.9" timestamp="1771186861"><sources><source>/Users/junhoyeo/tokscale-2</source></sources><packages><package name="packages/core/target/debug/build/serde_core-498164a011434064/out" line-rate="0" branch-rate="0" complexity="0"><classes></classes></package><package name="packages/core/target/aarch64-apple-darwin/release/build/serde-dde27930001b779e/out" line-rate="0" branch-rate="0" complexity="0"><classes></classes></package><package name="crates/tokscale-core/src/pricing" line-rate="0.5852459016393443" branch-rate="0" complexity="0"><classes><class name="aliases" filename="crates/tokscale-core/src/pricing/aliases.rs" line-rate="1" branch-rate="0" complexity="0"><methods/><lines><line number="4" hits="3"/><line number="5" hits="6"/><line number="6" hits="6"/><line number="7" hits="12"/><line number="8" hits="12"/><line number="9" hits="12"/><line number="10" hits="12"/><line number="11" hits="12"/><line number="12" hits="3"/><line number="15" hits="223"/><line number="16" hits="892"/></lines></class><class name="cache" filename="crates/tokscale-core/src/pricing/cache.rs" line-rate="0.37142857142857144" branch-rate="0" complexity="0"><methods/><lines><line number="8" hits="4"/><line number="9" hits="4"/><line number="10" hits="4"/><line number="14" hits="4"/><line number="15" hits="8"/><line number="24" hits="4"/><line number="25" hits="12"/><line number="26" hits="16"/><line number="27" hits="20"/><line number="29" hits="8"/><line number="30" hits="4"/><line number="34" hits="12"/><line number="35" hits="0"/><line number="38" hits="4"/><line number="41" hits="0"/><line number="42" hits="0"/><line number="43" hits="0"/><line number="45" hits="0"/><line number="46" hits="0"/><line number="47" hits="0"/><line number="54" hits="0"/><line number="56" hits="0"/><line number="57" hits="0"/><line number="58" hits="0"/><line number="59" hits="0"/><line number="61" hits="0"/><line number="62" hits="0"/><line number="65" hits="0"/><line number="66" hits="0"/><line number="67" hits="0"/><line number="68" hits="0"/><line number="69" hits="0"/><line number="72" hits="0"/><line number="73" hits="0"/><line number="76" hits="0"/></lines></class><class name="litellm" filename="crates/tokscale-core/src/pricing/litellm.rs" line-rate="0.12195121951219512" branch-rate="0" complexity="0"><methods/><lines><line number="21" hits="2"/><line number="22" hits="4"/><line number="25" hits="4"/><line number="26" hits="4"/><line number="27" hits="2"/><line number="30" hits="0"/><line number="31" hits="0"/><line number="32" hits="0"/><line number="35" hits="0"/><line number="37" hits="0"/><line number="38" hits="0"/><line number="39" hits="0"/><line number="40" hits="0"/><line number="42" hits="0"/><line number="43" hits="0"/><line number="46" hits="0"/><line number="49" hits="0"/><line number="50" hits="0"/><line number="51" hits="0"/><line number="52" hits="0"/><line number="54" hits="0"/><line number="56" hits="0"/><line number="59" hits="0"/><line number="60" hits="0"/><line number="61" hits="0"/><line number="64" hits="0"/><line number="65" hits="0"/><line number="66" hits="0"/><line number="67" hits="0"/><line number="69" hits="0"/><line number="70" hits="0"/><line number="71" hits="0"/><line number="75" hits="0"/><line number="76" hits="0"/><line number="78" hits="0"/><line number="82" hits="0"/><line number="83" hits="0"/><line number="84" hits="0"/><line number="85" hits="0"/><line number="87" hits="0"/><line number="93" hits="0"/></lines></class><class name="lookup" filename="crates/tokscale-core/src/pricing/lookup.rs" line-rate="0.8225806451612904" branch-rate="0" complexity="0"><methods/><lines><line number="87" hits="73"/><line number="91" hits="438"/><line number="92" hits="180994"/><line number="94" hits="438"/><line number="95" hits="21218"/><line number="97" hits="292"/><line number="98" hits="13431"/><line number="99" hits="26716"/><line number="102" hits="292"/><line number="103" hits="292"/><line number="104" hits="1203"/><line number="105" hits="2260"/><line number="106" hits="6780"/><line number="107" hits="2260"/><line number="108" hits="2260"/><line number="109" hits="5650"/><line number="122" hits="73"/><line number="126" hits="491382"/><line number="127" hits="982543"/><line number="128" hits="491382"/><line number="131" hits="1965528"/><line number="133" hits="982322"/><line number="134" hits="488075"/><line number="135" hits="488075"/><line number="136" hits="488075"/><line number="140" hits="1105"/><line number="142" hits="442"/><line number="143" hits="442"/><line number="144" hits="442"/><line number="145" hits="663"/><line number="146" hits="414"/><line number="147" hits="414"/><line number="148" hits="414"/><line number="153" hits="221"/><line number="156" hits="223"/><line number="161" hits="1115"/><line number="162" hits="669"/><line number="165" hits="549"/><line number="166" hits="5"/><line number="167" hits="4"/><line number="168" hits="972"/><line number="172" hits="381"/><line number="173" hits="158"/><line number="177" hits="172"/><line number="178" hits="42"/><line number="183" hits="55"/><line number="184" hits="9"/><line number="187" hits="14"/><line number="190" hits="324"/><line number="191" hits="748"/><line number="192" hits="100"/><line number="195" hits="491"/><line number="196" hits="43"/><line number="199" hits="204"/><line number="200" hits="46"/><line number="201" hits="0"/><line number="203" hits="49"/><line number="204" hits="3"/><line number="208" hits="222"/><line number="209" hits="112"/><line number="210" hits="24"/><line number="212" hits="50"/><line number="213" hits="10"/><line number="217" hits="289"/><line number="218" hits="1"/><line number="220" hits="286"/><line number="221" hits="0"/><line number="224" hits="143"/><line number="225" hits="0"/><line number="226" hits="0"/><line number="228" hits="0"/><line number="229" hits="0"/><line number="233" hits="143"/><line number="234" hits="13"/><line number="237" hits="520"/><line number="238" hits="520"/><line number="240" hits="260"/><line number="241" hits="32"/><line number="242" hits="48"/><line number="243" hits="48"/><line number="244" hits="48"/><line number="245" hits="48"/><line number="247" hits="32"/><line number="248" hits="10"/><line number="250" hits="12"/><line number="251" hits="0"/><line number="253" hits="12"/><line number="254" hits="0"/><line number="256" hits="12"/><line number="257" hits="0"/><line number="259" hits="6"/><line number="261" hits="10"/><line number="262" hits="0"/><line number="263" hits="104"/><line number="267" hits="1"/><line number="268" hits="3"/><line number="269" hits="1"/><line number="271" hits="0"/><line number="272" hits="0"/><line number="273" hits="0"/><line number="276" hits="0"/><line number="277" hits="0"/><line number="278" hits="0"/><line number="281" hits="0"/><line number="282" hits="0"/><line number="284" hits="0"/><line number="285" hits="0"/><line number="286" hits="0"/><line number="289" hits="0"/><line number="290" hits="0"/><line number="291" hits="0"/><line number="294" hits="0"/><line number="297" hits="1"/><line number="298" hits="3"/><line number="299" hits="1"/><line number="301" hits="0"/><line number="302" hits="0"/><line number="303" hits="0"/><line number="306" hits="0"/><line number="307" hits="0"/><line number="308" hits="0"/><line number="311" hits="0"/><line number="312" hits="0"/><line number="314" hits="0"/><line number="315" hits="0"/><line number="316" hits="0"/><line number="319" hits="0"/><line number="320" hits="0"/><line number="321" hits="0"/><line number="324" hits="0"/><line number="327" hits="392"/><line number="328" hits="1568"/><line number="329" hits="500"/><line number="330" hits="125"/><line number="331" hits="375"/><line number="332" hits="375"/><line number="333" hits="125"/><line number="337" hits="268"/><line number="338" hits="537"/><line number="339" hits="3"/><line number="340" hits="1"/><line number="341" hits="3"/><line number="342" hits="3"/><line number="343" hits="1"/><line number="347" hits="590"/><line number="348" hits="168"/><line number="349" hits="56"/><line number="350" hits="168"/><line number="351" hits="168"/><line number="352" hits="56"/><line number="356" hits="211"/><line number="359" hits="144"/><line number="360" hits="1433"/><line number="361" hits="2866"/><line number="362" hits="2867"/><line number="363" hits="3"/><line number="364" hits="1"/><line number="365" hits="3"/><line number="366" hits="3"/><line number="367" hits="1"/><line number="372" hits="143"/><line number="375" hits="143"/><line number="376" hits="1430"/><line number="377" hits="2860"/><line number="378" hits="2860"/><line number="379" hits="0"/><line number="380" hits="0"/><line number="381" hits="0"/><line number="382" hits="0"/><line number="383" hits="0"/><line number="388" hits="143"/><line number="391" hits="130"/><line number="392" hits="390"/><line number="393" hits="390"/><line number="395" hits="175847"/><line number="396" hits="351434"/><line number="397" hits="541407"/><line number="398" hits="318"/><line number="402" hits="416"/><line number="403" hits="26"/><line number="406" hits="312"/><line number="407" hits="134556"/><line number="408" hits="268904"/><line number="409" hits="403356"/><line number="410" hits="0"/><line number="414" hits="416"/><line number="417" hits="130"/><line number="418" hits="390"/><line number="419" hits="390"/><line number="421" hits="16300"/><line number="422" hits="32340"/><line number="423" hits="80850"/><line number="424" hits="50292"/><line number="425" hits="60"/><line number="429" hits="16"/><line number="430" hits="390"/><line number="432" hits="16"/><line number="435" hits="342"/><line number="436" hits="12604"/><line number="437" hits="24980"/><line number="438" hits="62450"/><line number="439" hits="37470"/><line number="440" hits="0"/><line number="444" hits="456"/><line number="447" hits="491315"/><line number="456" hits="1470848"/><line number="457" hits="976436"/><line number="458" hits="3097"/><line number="461" hits="976436"/><line number="462" hits="488218"/><line number="463" hits="11287329"/><line number="466" hits="976436"/><line number="467" hits="2441090"/><line number="468" hits="976436"/><line number="469" hits="976436"/><line number="471" hits="1464654"/><line number="472" hits="1464654"/><line number="473" hits="1464654"/><line number="474" hits="1464654"/><line number="476" hits="488218"/><line number="480" hits="260"/><line number="481" hits="780"/><line number="483" hits="260"/><line number="484" hits="108"/><line number="486" hits="206"/><line number="487" hits="0"/><line number="489" hits="206"/><line number="490" hits="20"/><line number="492" hits="196"/><line number="493" hits="0"/><line number="495" hits="196"/><line number="496" hits="0"/><line number="498" hits="196"/><line number="499" hits="0"/><line number="502" hits="196"/><line number="503" hits="0"/><line number="505" hits="196"/><line number="506" hits="40"/><line number="508" hits="176"/><line number="509" hits="0"/><line number="511" hits="176"/><line number="512" hits="0"/><line number="515" hits="176"/><line number="516" hits="112"/><line number="518" hits="120"/><line number="519" hits="8"/><line number="521" hits="116"/><line number="522" hits="0"/><line number="524" hits="116"/><line number="525" hits="12"/><line number="528" hits="110"/><line number="529" hits="0"/><line number="531" hits="110"/><line number="532" hits="0"/><line number="534" hits="110"/><line number="535" hits="0"/><line number="537" hits="110"/><line number="538" hits="0"/><line number="541" hits="330"/><line number="542" hits="220"/><line number="544" hits="110"/><line number="548" hits="191887"/><line number="549" hits="383774"/><line number="550" hits="0"/><line number="552" hits="575661"/><line number="555" hits="152225"/><line number="556" hits="304639"/><line number="557" hits="990"/><line number="558" hits="567"/><line number="559" hits="189"/><line number="560" hits="837"/><line number="561" hits="378"/><line number="563" hits="152036"/><line number="567" hits="178"/><line number="568" hits="534"/><line number="570" hits="178"/><line number="571" hits="36"/><line number="572" hits="13"/><line number="573" hits="6"/><line number="574" hits="6"/><line number="577" hits="159"/><line number="578" hits="48"/><line number="579" hits="11"/><line number="580" hits="22"/><line number="581" hits="4"/><line number="582" hits="10"/><line number="583" hits="10"/><line number="584" hits="0"/><line number="585" hits="0"/><line number="588" hits="134"/><line number="589" hits="0"/><line number="590" hits="0"/><line number="591" hits="0"/><line number="592" hits="0"/><line number="596" hits="134"/><line number="599" hits="336"/><line number="600" hits="1344"/><line number="601" hits="1680"/><line number="602" hits="672"/><line number="604" hits="5206"/><line number="605" hits="4870"/><line number="606" hits="625"/><line number="607" hits="1250"/><line number="608" hits="1250"/><line number="609" hits="416"/><line number="611" hits="128"/><line number="612" hits="146"/><line number="613" hits="92"/><line number="615" hits="36"/><line number="616" hits="12"/><line number="618" hits="56"/><line number="619" hits="28"/><line number="622" hits="14514"/><line number="626" hits="336"/><line number="627" hits="28"/><line number="629" hits="308"/><line number="633" hits="150"/><line number="634" hits="150"/><line number="635" hits="18"/><line number="637" hits="264"/><line number="643" hits="75"/><line number="647" hits="375"/><line number="649" hits="75"/><line number="650" hits="12"/><line number="653" hits="189"/><line number="655" hits="148"/><line number="656" hits="595"/><line number="658" hits="85"/><line number="659" hits="128"/><line number="660" hits="43"/><line number="665" hits="20"/><line number="671" hits="23"/><line number="675" hits="115"/><line number="677" hits="23"/><line number="678" hits="8"/><line number="681" hits="45"/><line number="683" hits="35"/><line number="684" hits="100"/><line number="686" hits="20"/><line number="688" hits="26"/><line number="689" hits="8"/><line number="693" hits="21"/><line number="694" hits="1"/><line number="699" hits="6"/><line number="702" hits="200"/><line number="703" hits="600"/><line number="704" hits="200"/><line number="706" hits="6431"/><line number="709" hits="74"/><line number="710" hits="222"/><line number="711" hits="74"/><line number="713" hits="1814"/><line number="716" hits="478"/><line number="721" hits="956"/><line number="722" hits="436"/><line number="725" hits="427"/><line number="726" hits="75"/><line number="727" hits="25"/><line number="728" hits="75"/><line number="729" hits="75"/><line number="730" hits="25"/><line number="735" hits="110"/><line number="736" hits="30"/><line number="737" hits="10"/><line number="738" hits="30"/><line number="739" hits="30"/><line number="740" hits="10"/><line number="745" hits="14"/><line number="746" hits="28"/><line number="747" hits="14"/><line number="748" hits="14"/><line number="749" hits="14"/></lines></class><class name="mod" filename="crates/tokscale-core/src/pricing/mod.rs" line-rate="0.8823529411764706" branch-rate="0" complexity="0"><methods/><lines><line number="21" hits="2"/><line number="26" hits="4"/><line number="30" hits="4"/><line number="31" hits="4"/><line number="32" hits="6"/><line number="34" hits="6"/><line number="36" hits="4"/><line number="39" hits="4"/><line number="40" hits="2"/><line number="41" hits="12"/><line number="42" hits="2"/><line number="43" hits="2"/><line number="46" hits="0"/><line number="51" hits="0"/><line number="54" hits="491310"/><line number="63" hits="491310"/><line number="64" hits="3439170"/></lines></class><class name="openrouter" filename="crates/tokscale-core/src/pricing/openrouter.rs" line-rate="0.05223880597014925" branch-rate="0" complexity="0"><methods/><lines><line number="67" hits="0"/><line number="68" hits="0"/><line number="70" hits="0"/><line number="71" hits="0"/><line number="72" hits="0"/><line number="73" hits="0"/><line number="74" hits="0"/><line number="75" hits="0"/><line number="76" hits="0"/><line number="77" hits="0"/><line number="78" hits="0"/><line number="79" hits="0"/><line number="80" hits="0"/><line number="81" hits="0"/><line number="82" hits="0"/><line number="83" hits="0"/><line number="87" hits="2"/><line number="88" hits="4"/><line number="91" hits="0"/><line number="92" hits="0"/><line number="95" hits="0"/><line number="98" hits="0"/><line number="104" hits="0"/><line number="106" hits="0"/><line number="107" hits="0"/><line number="108" hits="0"/><line number="111" hits="0"/><line number="113" hits="0"/><line number="114" hits="0"/><line number="115" hits="0"/><line number="116" hits="0"/><line number="117" hits="0"/><line number="119" hits="0"/><line number="121" hits="0"/><line number="125" hits="0"/><line number="126" hits="0"/><line number="129" hits="0"/><line number="130" hits="0"/><line number="132" hits="0"/><line number="137" hits="0"/><line number="138" hits="0"/><line number="139" hits="0"/><line number="140" hits="0"/><line number="141" hits="0"/><line number="143" hits="0"/><line number="145" hits="0"/><line number="149" hits="0"/><line number="150" hits="0"/><line number="152" hits="0"/><line number="153" hits="0"/><line number="159" hits="0"/><line number="164" hits="0"/><line number="171" hits="0"/><line number="175" hits="4"/><line number="176" hits="4"/><line number="177" hits="2"/><line number="181" hits="0"/><line number="182" hits="0"/><line number="183" hits="0"/><line number="184" hits="0"/><line number="185" hits="0"/><line number="188" hits="0"/><line number="190" hits="0"/><line number="191" hits="0"/><line number="192" hits="0"/><line number="193" hits="0"/><line number="194" hits="0"/><line number="195" hits="0"/><line number="196" hits="0"/><line number="198" hits="0"/><line number="199" hits="0"/><line number="200" hits="0"/><line number="201" hits="0"/><line number="202" hits="0"/><line number="203" hits="0"/><line number="205" hits="0"/><line number="207" hits="0"/><line number="211" hits="0"/><line number="212" hits="0"/><line number="213" hits="0"/><line number="214" hits="0"/><line number="215" hits="0"/><line number="216" hits="0"/><line number="217" hits="0"/><line number="219" hits="0"/><line number="221" hits="0"/><line number="224" hits="0"/><line number="225" hits="0"/><line number="226" hits="0"/><line number="229" hits="0"/><line number="230" hits="0"/><line number="231" hits="0"/><line number="232" hits="0"/><line number="233" hits="0"/><line number="237" hits="0"/><line number="238" hits="0"/><line number="239" hits="0"/><line number="240" hits="0"/><line number="241" hits="0"/><line number="242" hits="0"/><line number="243" hits="0"/><line number="244" hits="0"/><line number="245" hits="0"/><line number="246" hits="0"/><line number="247" hits="0"/><line number="248" hits="0"/><line number="251" hits="0"/><line number="253" hits="0"/><line number="256" hits="0"/><line number="257" hits="0"/><line number="258" hits="0"/><line number="259" hits="0"/><line number="262" hits="0"/><line number="265" hits="0"/><line number="266" hits="0"/><line number="269" hits="0"/><line number="271" hits="0"/><line number="274" hits="0"/><line number="276" hits="0"/><line number="278" hits="0"/><line number="279" hits="0"/><line number="280" hits="0"/><line number="282" hits="0"/><line number="284" hits="0"/><line number="287" hits="0"/><line number="291" hits="0"/><line number="293" hits="0"/><line number="294" hits="0"/><line number="295" hits="0"/><line number="299" hits="0"/><line number="300" hits="0"/><line number="303" hits="0"/><line number="306" hits="4"/><line number="307" hits="2"/></lines></class></classes></package><package name="packages/core/target/aarch64-apple-darwin/release/build/thiserror-4d0e29a2b88c31e4/out" line-rate="0" branch-rate="0" complexity="0"><classes></classes></package><package name="crates/tokscale-cli/src/tui/ui" line-rate="0" branch-rate="0" complexity="0"><classes><class name="bar_chart" filename="crates/tokscale-cli/src/tui/ui/bar_chart.rs" line-rate="0" branch-rate="0" complexity="0"><methods/><lines><line number="30" hits="0"/><line number="31" hits="0"/><line number="32" hits="0"/><line number="35" hits="0"/><line number="36" hits="0"/><line number="38" hits="0"/><line number="39" hits="0"/><line number="41" hits="0"/><line number="42" hits="0"/><line number="45" hits="0"/><line number="47" hits="0"/><line number="48" hits="0"/><line number="51" hits="0"/><line number="52" hits="0"/><line number="54" hits="0"/><line number="55" hits="0"/><line number="56" hits="0"/><line number="58" hits="0"/><line number="59" hits="0"/><line number="60" hits="0"/><line number="64" hits="0"/><line number="65" hits="0"/><line number="67" hits="0"/><line number="69" hits="0"/><line number="70" hits="0"/><line number="71" hits="0"/><line number="72" hits="0"/><line number="73" hits="0"/><line number="74" hits="0"/><line number="75" hits="0"/><line number="80" hits="0"/><line number="81" hits="0"/><line number="82" hits="0"/><line number="85" hits="0"/><line number="86" hits="0"/><line number="88" hits="0"/><line number="90" hits="0"/><line number="91" hits="0"/><line number="92" hits="0"/><line number="93" hits="0"/><line number="94" hits="0"/><line number="95" hits="0"/><line number="96" hits="0"/><line number="101" hits="0"/><line number="102" hits="0"/><line number="103" hits="0"/><line number="105" hits="0"/><line number="106" hits="0"/><line number="107" hits="0"/><line number="109" hits="0"/><line number="113" hits="0"/><line number="114" hits="0"/><line number="115" hits="0"/><line number="116" hits="0"/><line number="117" hits="0"/><line number="118" hits="0"/><line number="119" hits="0"/><line number="122" hits="0"/><line number="123" hits="0"/><line number="124" hits="0"/><line number="125" hits="0"/><line number="132" hits="0"/><line number="133" hits="0"/><line number="134" hits="0"/><line number="135" hits="0"/><line number="136" hits="0"/><line number="137" hits="0"/><line number="138" hits="0"/><line number="139" hits="0"/><line number="140" hits="0"/><line number="143" hits="0"/><line number="144" hits="0"/><line number="146" hits="0"/><line number="151" hits="0"/><line number="152" hits="0"/><line number="153" hits="0"/><line number="154" hits="0"/><line number="156" hits="0"/><line number="157" hits="0"/><line number="159" hits="0"/><line number="160" hits="0"/><line number="161" hits="0"/><line number="162" hits="0"/><line number="163" hits="0"/><line number="165" hits="0"/><line number="168" hits="0"/><line number="171" hits="0"/><line number="174" hits="0"/><line number="177" hits="0"/><line number="178" hits="0"/><line number="180" hits="0"/><line number="181" hits="0"/><line number="182" hits="0"/><line number="183" hits="0"/><line number="184" hits="0"/><line number="185" hits="0"/><line number="192" hits="0"/><line number="201" hits="0"/><line number="202" hits="0"/><line number="205" hits="0"/><line number="206" hits="0"/><line number="211" hits="0"/><line number="212" hits="0"/><line number="214" hits="0"/><line number="215" hits="0"/><line number="217" hits="0"/><line number="218" hits="0"/><line number="219" hits="0"/><line number="221" hits="0"/><line number="222" hits="0"/><line number="224" hits="0"/><line number="225" hits="0"/><line number="226" hits="0"/><line number="227" hits="0"/><line number="229" hits="0"/><line number="230" hits="0"/><line number="231" hits="0"/><line number="233" hits="0"/><line number="234" hits="0"/><line number="235" hits="0"/><line number="239" hits="0"/><line number="240" hits="0"/><line number="243" hits="0"/><line number="244" hits="0"/><line number="246" hits="0"/><line number="248" hits="0"/><line number="249" hits="0"/></lines></class><class name="daily" filename="crates/tokscale-cli/src/tui/ui/daily.rs" line-rate="0" branch-rate="0" complexity="0"><methods/><lines><line number="9" hits="0"/><line number="10" hits="0"/><line number="11" hits="0"/><line number="12" hits="0"/><line number="13" hits="0"/><line number="15" hits="0"/><line number="16" hits="0"/><line number="17" hits="0"/><line number="19" hits="0"/><line number="21" hits="0"/><line number="22" hits="0"/><line number="24" hits="0"/><line number="25" hits="0"/><line number="27" hits="0"/><line number="28" hits="0"/><line number="29" hits="0"/><line number="30" hits="0"/><line number="31" hits="0"/><line number="32" hits="0"/><line number="33" hits="0"/><line number="36" hits="0"/><line number="37" hits="0"/><line number="38" hits="0"/><line number="39" hits="0"/><line number="40" hits="0"/><line number="41" hits="0"/><line number="42" hits="0"/><line number="43" hits="0"/><line number="45" hits="0"/><line number="46" hits="0"/><line number="47" hits="0"/><line number="48" hits="0"/><line number="50" hits="0"/><line number="61" hits="0"/><line number="62" hits="0"/><line number="63" hits="0"/><line number="64" hits="0"/><line number="65" hits="0"/><line number="68" hits="0"/><line number="73" hits="0"/><line number="74" hits="0"/><line number="75" hits="0"/><line number="76" hits="0"/><line number="77" hits="0"/><line number="78" hits="0"/><line number="79" hits="0"/><line number="80" hits="0"/><line number="81" hits="0"/><line number="82" hits="0"/><line number="83" hits="0"/><line number="84" hits="0"/><line number="86" hits="0"/><line number="88" hits="0"/><line number="91" hits="0"/><line number="92" hits="0"/><line number="93" hits="0"/><line number="97" hits="0"/><line number="98" hits="0"/><line number="99" hits="0"/><line number="101" hits="0"/><line number="102" hits="0"/><line number="105" hits="0"/><line number="108" hits="0"/><line number="109" hits="0"/><line number="110" hits="0"/><line number="111" hits="0"/><line number="113" hits="0"/><line number="114" hits="0"/><line number="115" hits="0"/><line number="116" hits="0"/><line number="118" hits="0"/><line number="119" hits="0"/><line number="120" hits="0"/><line number="121" hits="0"/><line number="122" hits="0"/><line number="125" hits="0"/><line number="126" hits="0"/><line number="127" hits="0"/><line number="128" hits="0"/><line number="129" hits="0"/><line number="130" hits="0"/><line number="131" hits="0"/><line number="132" hits="0"/><line number="133" hits="0"/><line number="134" hits="0"/><line number="135" hits="0"/><line number="136" hits="0"/><line number="137" hits="0"/><line number="141" hits="0"/><line number="142" hits="0"/><line number="143" hits="0"/><line number="144" hits="0"/><line number="146" hits="0"/><line number="149" hits="0"/><line number="153" hits="0"/><line number="154" hits="0"/><line number="155" hits="0"/><line number="156" hits="0"/><line number="157" hits="0"/><line number="158" hits="0"/><line number="159" hits="0"/><line number="162" hits="0"/><line number="163" hits="0"/><line number="164" hits="0"/><line number="165" hits="0"/><line number="166" hits="0"/><line number="167" hits="0"/><line number="168" hits="0"/><line number="169" hits="0"/><line number="173" hits="0"/><line number="174" hits="0"/><line number="175" hits="0"/><line number="177" hits="0"/><line number="179" hits="0"/><line number="180" hits="0"/><line number="181" hits="0"/><line number="182" hits="0"/><line number="184" hits="0"/><line number="186" hits="0"/><line number="187" hits="0"/><line number="188" hits="0"/><line number="189" hits="0"/><line number="190" hits="0"/><line number="192" hits="0"/></lines></class><class name="footer" filename="crates/tokscale-cli/src/tui/ui/footer.rs" line-rate="0" branch-rate="0" complexity="0"><methods/><lines><line number="9" hits="0"/><line number="10" hits="0"/><line number="11" hits="0"/><line number="12" hits="0"/><line number="13" hits="0"/><line number="15" hits="0"/><line number="16" hits="0"/><line number="19" hits="0"/><line number="20" hits="0"/><line number="21" hits="0"/><line number="22" hits="0"/><line number="23" hits="0"/><line number="25" hits="0"/><line number="26" hits="0"/><line number="28" hits="0"/><line number="31" hits="0"/><line number="32" hits="0"/><line number="33" hits="0"/><line number="34" hits="0"/><line number="36" hits="0"/><line number="38" hits="0"/><line number="39" hits="0"/><line number="42" hits="0"/><line number="43" hits="0"/><line number="47" hits="0"/><line number="48" hits="0"/><line number="51" hits="0"/><line number="52" hits="0"/><line number="53" hits="0"/><line number="54" hits="0"/><line number="57" hits="0"/><line number="60" hits="0"/><line number="63" hits="0"/><line number="64" hits="0"/><line number="65" hits="0"/><line number="66" hits="0"/><line number="67" hits="0"/><line number="68" hits="0"/><line number="69" hits="0"/><line number="70" hits="0"/><line number="71" hits="0"/><line number="73" hits="0"/><line number="79" hits="0"/><line number="80" hits="0"/><line number="81" hits="0"/><line number="82" hits="0"/><line number="84" hits="0"/><line number="85" hits="0"/><line number="86" hits="0"/><line number="87" hits="0"/><line number="91" hits="0"/><line number="94" hits="0"/><line number="95" hits="0"/><line number="96" hits="0"/><line number="97" hits="0"/><line number="98" hits="0"/><line number="102" hits="0"/><line number="103" hits="0"/><line number="104" hits="0"/><line number="105" hits="0"/><line number="109" hits="0"/><line number="110" hits="0"/><line number="111" hits="0"/><line number="114" hits="0"/><line number="115" hits="0"/><line number="116" hits="0"/><line number="117" hits="0"/><line number="119" hits="0"/><line number="120" hits="0"/><line number="121" hits="0"/><line number="122" hits="0"/><line number="123" hits="0"/><line number="124" hits="0"/><line number="125" hits="0"/><line number="126" hits="0"/><line number="127" hits="0"/><line number="128" hits="0"/><line number="131" hits="0"/><line number="132" hits="0"/><line number="133" hits="0"/><line number="135" hits="0"/><line number="136" hits="0"/><line number="138" hits="0"/><line number="140" hits="0"/><line number="142" hits="0"/><line number="143" hits="0"/><line number="145" hits="0"/><line number="148" hits="0"/><line number="149" hits="0"/><line number="151" hits="0"/><line number="152" hits="0"/><line number="153" hits="0"/><line number="155" hits="0"/><line number="159" hits="0"/><line number="160" hits="0"/><line number="162" hits="0"/><line number="163" hits="0"/><line number="164" hits="0"/><line number="165" hits="0"/><line number="168" hits="0"/><line number="169" hits="0"/><line number="170" hits="0"/><line number="171" hits="0"/><line number="172" hits="0"/><line number="173" hits="0"/><line number="175" hits="0"/><line number="178" hits="0"/><line number="179" hits="0"/><line number="181" hits="0"/><line number="182" hits="0"/><line number="183" hits="0"/><line number="184" hits="0"/><line number="186" hits="0"/><line number="190" hits="0"/><line number="191" hits="0"/><line number="192" hits="0"/><line number="195" hits="0"/><line number="196" hits="0"/><line number="198" hits="0"/><line number="199" hits="0"/><line number="200" hits="0"/><line number="201" hits="0"/><line number="202" hits="0"/><line number="203" hits="0"/><line number="204" hits="0"/><line number="205" hits="0"/><line number="206" hits="0"/><line number="207" hits="0"/><line number="208" hits="0"/><line number="209" hits="0"/><line number="210" hits="0"/><line number="213" hits="0"/><line number="214" hits="0"/><line number="216" hits="0"/><line number="218" hits="0"/><line number="219" hits="0"/><line number="220" hits="0"/><line number="222" hits="0"/><line number="223" hits="0"/><line number="224" hits="0"/><line number="225" hits="0"/><line number="227" hits="0"/><line number="229" hits="0"/><line number="230" hits="0"/><line number="232" hits="0"/><line number="235" hits="0"/><line number="236" hits="0"/><line number="237" hits="0"/><line number="241" hits="0"/><line number="242" hits="0"/><line number="243" hits="0"/><line number="246" hits="0"/><line number="247" hits="0"/><line number="249" hits="0"/><line number="250" hits="0"/><line number="251" hits="0"/><line number="252" hits="0"/><line number="253" hits="0"/><line number="254" hits="0"/><line number="255" hits="0"/><line number="257" hits="0"/><line number="258" hits="0"/><line number="259" hits="0"/><line number="260" hits="0"/><line number="261" hits="0"/><line number="262" hits="0"/><line number="265" hits="0"/><line number="266" hits="0"/><line number="267" hits="0"/><line number="268" hits="0"/><line number="269" hits="0"/><line number="271" hits="0"/><line number="273" hits="0"/><line number="274" hits="0"/><line number="275" hits="0"/><line number="278" hits="0"/><line number="279" hits="0"/><line number="280" hits="0"/><line number="281" hits="0"/><line number="286" hits="0"/><line number="287" hits="0"/><line number="288" hits="0"/></lines></class><class name="header" filename="crates/tokscale-cli/src/tui/ui/header.rs" line-rate="0" branch-rate="0" complexity="0"><methods/><lines><line number="6" hits="0"/><line number="7" hits="0"/><line number="9" hits="0"/><line number="11" hits="0"/><line number="12" hits="0"/><line number="13" hits="0"/><line number="15" hits="0"/><line number="17" hits="0"/><line number="18" hits="0"/><line number="19" hits="0"/><line number="20" hits="0"/><line number="22" hits="0"/><line number="24" hits="0"/><line number="28" hits="0"/><line number="30" hits="0"/><line number="33" hits="0"/><line number="35" hits="0"/><line number="36" hits="0"/><line number="37" hits="0"/><line number="38" hits="0"/><line number="40" hits="0"/><line number="41" hits="0"/><line number="42" hits="0"/><line number="44" hits="0"/><line number="45" hits="0"/><line number="47" hits="0"/><line number="48" hits="0"/><line number="49" hits="0"/><line number="50" hits="0"/><line number="51" hits="0"/><line number="53" hits="0"/><line number="57" hits="0"/><line number="58" hits="0"/><line number="59" hits="0"/><line number="61" hits="0"/><line number="62" hits="0"/><line number="63" hits="0"/><line number="65" hits="0"/><line number="67" hits="0"/><line number="69" hits="0"/><line number="72" hits="0"/><line number="73" hits="0"/><line number="74" hits="0"/><line number="75" hits="0"/><line number="76" hits="0"/><line number="78" hits="0"/><line number="79" hits="0"/><line number="80" hits="0"/><line number="82" hits="0"/><line number="84" hits="0"/><line number="85" hits="0"/><line number="86" hits="0"/></lines></class><class name="mod" filename="crates/tokscale-cli/src/tui/ui/mod.rs" line-rate="0" branch-rate="0" complexity="0"><methods/><lines><line number="16" hits="0"/><line number="17" hits="0"/><line number="18" hits="0"/><line number="19" hits="0"/><line number="22" hits="0"/><line number="23" hits="0"/><line number="25" hits="0"/><line number="26" hits="0"/><line number="27" hits="0"/><line number="28" hits="0"/><line number="29" hits="0"/><line number="30" hits="0"/><line number="32" hits="0"/><line number="34" hits="0"/><line number="36" hits="0"/><line number="37" hits="0"/><line number="38" hits="0"/><line number="39" hits="0"/><line number="41" hits="0"/><line number="42" hits="0"/><line number="43" hits="0"/><line number="44" hits="0"/><line number="45" hits="0"/><line number="49" hits="0"/><line number="52" hits="0"/><line number="53" hits="0"/><line number="54" hits="0"/><line number="55" hits="0"/><line number="56" hits="0"/><line number="58" hits="0"/><line number="59" hits="0"/><line number="61" hits="0"/><line number="62" hits="0"/><line number="63" hits="0"/><line number="64" hits="0"/><line number="65" hits="0"/><line number="66" hits="0"/><line number="68" hits="0"/><line number="70" hits="0"/><line number="71" hits="0"/><line number="72" hits="0"/><line number="73" hits="0"/><line number="74" hits="0"/><line number="77" hits="0"/><line number="78" hits="0"/><line number="80" hits="0"/><line number="83" hits="0"/><line number="84" hits="0"/><line number="85" hits="0"/><line number="86" hits="0"/><line number="87" hits="0"/><line number="89" hits="0"/><line number="90" hits="0"/><line number="92" hits="0"/><line number="93" hits="0"/><line number="94" hits="0"/><line number="95" hits="0"/><line number="96" hits="0"/><line number="97" hits="0"/><line number="99" hits="0"/><line number="101" hits="0"/><line number="102" hits="0"/><line number="103" hits="0"/><line number="104" hits="0"/><line number="106" hits="0"/></lines></class><class name="models" filename="crates/tokscale-cli/src/tui/ui/models.rs" line-rate="0" branch-rate="0" complexity="0"><methods/><lines><line number="11" hits="0"/><line number="12" hits="0"/><line number="13" hits="0"/><line number="14" hits="0"/><line number="15" hits="0"/><line number="17" hits="0"/><line number="18" hits="0"/><line number="19" hits="0"/><line number="21" hits="0"/><line number="23" hits="0"/><line number="24" hits="0"/><line number="26" hits="0"/><line number="27" hits="0"/><line number="29" hits="0"/><line number="30" hits="0"/><line number="31" hits="0"/><line number="32" hits="0"/><line number="33" hits="0"/><line number="34" hits="0"/><line number="35" hits="0"/><line number="36" hits="0"/><line number="37" hits="0"/><line number="39" hits="0"/><line number="40" hits="0"/><line number="41" hits="0"/><line number="42" hits="0"/><line number="43" hits="0"/><line number="44" hits="0"/><line number="45" hits="0"/><line number="46" hits="0"/><line number="49" hits="0"/><line number="50" hits="0"/><line number="51" hits="0"/><line number="52" hits="0"/><line number="54" hits="0"/><line number="68" hits="0"/><line number="69" hits="0"/><line number="70" hits="0"/><line number="71" hits="0"/><line number="72" hits="0"/><line number="75" hits="0"/><line number="80" hits="0"/><line number="81" hits="0"/><line number="82" hits="0"/><line number="83" hits="0"/><line number="84" hits="0"/><line number="85" hits="0"/><line number="86" hits="0"/><line number="87" hits="0"/><line number="88" hits="0"/><line number="89" hits="0"/><line number="90" hits="0"/><line number="92" hits="0"/><line number="94" hits="0"/><line number="97" hits="0"/><line number="98" hits="0"/><line number="99" hits="0"/><line number="103" hits="0"/><line number="104" hits="0"/><line number="105" hits="0"/><line number="107" hits="0"/><line number="108" hits="0"/><line number="111" hits="0"/><line number="114" hits="0"/><line number="115" hits="0"/><line number="116" hits="0"/><line number="117" hits="0"/><line number="119" hits="0"/><line number="121" hits="0"/><line number="122" hits="0"/><line number="123" hits="0"/><line number="124" hits="0"/><line number="126" hits="0"/><line number="127" hits="0"/><line number="128" hits="0"/><line number="129" hits="0"/><line number="130" hits="0"/><line number="133" hits="0"/><line number="134" hits="0"/><line number="135" hits="0"/><line number="136" hits="0"/><line number="137" hits="0"/><line number="138" hits="0"/><line number="140" hits="0"/><line number="141" hits="0"/><line number="142" hits="0"/><line number="143" hits="0"/><line number="144" hits="0"/><line number="145" hits="0"/><line number="146" hits="0"/><line number="147" hits="0"/><line number="148" hits="0"/><line number="149" hits="0"/><line number="150" hits="0"/><line number="151" hits="0"/><line number="152" hits="0"/><line number="156" hits="0"/><line number="157" hits="0"/><line number="158" hits="0"/><line number="159" hits="0"/><line number="161" hits="0"/><line number="164" hits="0"/><line number="168" hits="0"/><line number="169" hits="0"/><line number="170" hits="0"/><line number="171" hits="0"/><line number="172" hits="0"/><line number="173" hits="0"/><line number="174" hits="0"/><line number="177" hits="0"/><line number="178" hits="0"/><line number="179" hits="0"/><line number="180" hits="0"/><line number="181" hits="0"/><line number="182" hits="0"/><line number="183" hits="0"/><line number="184" hits="0"/><line number="185" hits="0"/><line number="186" hits="0"/><line number="187" hits="0"/><line number="191" hits="0"/><line number="192" hits="0"/><line number="193" hits="0"/><line number="195" hits="0"/><line number="197" hits="0"/><line number="198" hits="0"/><line number="199" hits="0"/><line number="200" hits="0"/><line number="202" hits="0"/><line number="204" hits="0"/><line number="205" hits="0"/><line number="206" hits="0"/><line number="207" hits="0"/><line number="208" hits="0"/><line number="210" hits="0"/><line number="215" hits="0"/><line number="216" hits="0"/><line number="217" hits="0"/><line number="219" hits="0"/><line number="220" hits="0"/><line number="221" hits="0"/><line number="222" hits="0"/><line number="223" hits="0"/><line number="225" hits="0"/><line number="226" hits="0"/></lines></class><class name="overview" filename="crates/tokscale-cli/src/tui/ui/overview.rs" line-rate="0" branch-rate="0" complexity="0"><methods/><lines><line number="19" hits="0"/><line number="20" hits="0"/><line number="21" hits="0"/><line number="22" hits="0"/><line number="24" hits="0"/><line number="25" hits="0"/><line number="26" hits="0"/><line number="27" hits="0"/><line number="28" hits="0"/><line number="29" hits="0"/><line number="31" hits="0"/><line number="33" hits="0"/><line number="34" hits="0"/><line number="35" hits="0"/><line number="37" hits="0"/><line number="38" hits="0"/><line number="39" hits="0"/><line number="42" hits="0"/><line number="43" hits="0"/><line number="44" hits="0"/><line number="45" hits="0"/><line number="47" hits="0"/><line number="52" hits="0"/><line number="53" hits="0"/><line number="54" hits="0"/><line number="56" hits="0"/><line number="57" hits="0"/><line number="58" hits="0"/><line number="59" hits="0"/><line number="60" hits="0"/><line number="61" hits="0"/><line number="62" hits="0"/><line number="64" hits="0"/><line number="66" hits="0"/><line number="67" hits="0"/><line number="68" hits="0"/><line number="69" hits="0"/><line number="74" hits="0"/><line number="77" hits="0"/><line number="78" hits="0"/><line number="79" hits="0"/><line number="80" hits="0"/><line number="82" hits="0"/><line number="85" hits="0"/><line number="86" hits="0"/><line number="89" hits="0"/><line number="90" hits="0"/><line number="93" hits="0"/><line number="94" hits="0"/><line number="95" hits="0"/><line number="97" hits="0"/><line number="98" hits="0"/><line number="100" hits="0"/><line number="101" hits="0"/><line number="105" hits="0"/><line number="106" hits="0"/><line number="107" hits="0"/><line number="110" hits="0"/><line number="114" hits="0"/><line number="115" hits="0"/><line number="116" hits="0"/><line number="117" hits="0"/><line number="118" hits="0"/><line number="119" hits="0"/><line number="120" hits="0"/><line number="121" hits="0"/><line number="122" hits="0"/><line number="123" hits="0"/><line number="124" hits="0"/><line number="125" hits="0"/><line number="127" hits="0"/><line number="130" hits="0"/><line number="131" hits="0"/><line number="132" hits="0"/><line number="133" hits="0"/><line number="134" hits="0"/><line number="135" hits="0"/><line number="136" hits="0"/><line number="140" hits="0"/><line number="141" hits="0"/><line number="143" hits="0"/><line number="144" hits="0"/><line number="145" hits="0"/><line number="149" hits="0"/><line number="150" hits="0"/><line number="152" hits="0"/><line number="155" hits="0"/><line number="156" hits="0"/><line number="157" hits="0"/><line number="158" hits="0"/><line number="159" hits="0"/><line number="160" hits="0"/><line number="161" hits="0"/><line number="162" hits="0"/><line number="165" hits="0"/><line number="166" hits="0"/><line number="167" hits="0"/><line number="169" hits="0"/><line number="171" hits="0"/><line number="173" hits="0"/><line number="174" hits="0"/><line number="176" hits="0"/><line number="177" hits="0"/><line number="178" hits="0"/><line number="179" hits="0"/><line number="180" hits="0"/><line number="181" hits="0"/><line number="184" hits="0"/><line number="186" hits="0"/><line number="189" hits="0"/><line number="190" hits="0"/><line number="191" hits="0"/><line number="192" hits="0"/><line number="194" hits="0"/><line number="195" hits="0"/><line number="198" hits="0"/><line number="199" hits="0"/><line number="200" hits="0"/><line number="201" hits="0"/><line number="204" hits="0"/><line number="205" hits="0"/><line number="206" hits="0"/><line number="207" hits="0"/><line number="209" hits="0"/><line number="212" hits="0"/><line number="213" hits="0"/><line number="214" hits="0"/><line number="215" hits="0"/><line number="217" hits="0"/><line number="220" hits="0"/><line number="221" hits="0"/><line number="223" hits="0"/><line number="224" hits="0"/><line number="225" hits="0"/><line number="226" hits="0"/><line number="227" hits="0"/><line number="228" hits="0"/><line number="229" hits="0"/><line number="231" hits="0"/><line number="233" hits="0"/><line number="235" hits="0"/><line number="236" hits="0"/><line number="237" hits="0"/><line number="240" hits="0"/><line number="241" hits="0"/><line number="242" hits="0"/><line number="244" hits="0"/><line number="245" hits="0"/><line number="246" hits="0"/><line number="249" hits="0"/><line number="250" hits="0"/><line number="252" hits="0"/><line number="253" hits="0"/><line number="254" hits="0"/><line number="255" hits="0"/><line number="256" hits="0"/><line number="257" hits="0"/><line number="259" hits="0"/><line number="260" hits="0"/><line number="261" hits="0"/><line number="262" hits="0"/><line number="264" hits="0"/><line number="265" hits="0"/><line number="266" hits="0"/><line number="267" hits="0"/><line number="269" hits="0"/><line number="270" hits="0"/><line number="271" hits="0"/><line number="272" hits="0"/><line number="276" hits="0"/><line number="277" hits="0"/><line number="278" hits="0"/><line number="279" hits="0"/><line number="280" hits="0"/><line number="282" hits="0"/><line number="283" hits="0"/><line number="284" hits="0"/><line number="285" hits="0"/><line number="287" hits="0"/><line number="288" hits="0"/><line number="289" hits="0"/><line number="290" hits="0"/><line number="292" hits="0"/><line number="293" hits="0"/><line number="294" hits="0"/><line number="295" hits="0"/><line number="300" hits="0"/><line number="301" hits="0"/><line number="302" hits="0"/><line number="304" hits="0"/><line number="307" hits="0"/><line number="308" hits="0"/><line number="309" hits="0"/><line number="310" hits="0"/><line number="311" hits="0"/><line number="314" hits="0"/><line number="316" hits="0"/><line number="317" hits="0"/><line number="318" hits="0"/><line number="319" hits="0"/><line number="320" hits="0"/><line number="322" hits="0"/><line number="327" hits="0"/><line number="328" hits="0"/><line number="329" hits="0"/><line number="331" hits="0"/><line number="332" hits="0"/><line number="333" hits="0"/><line number="334" hits="0"/><line number="335" hits="0"/><line number="337" hits="0"/><line number="338" hits="0"/></lines></class><class name="spinner" filename="crates/tokscale-cli/src/tui/ui/spinner.rs" line-rate="0" branch-rate="0" complexity="0"><methods/><lines><line number="21" hits="0"/><line number="22" hits="0"/><line number="23" hits="0"/><line number="24" hits="0"/><line number="25" hits="0"/><line number="27" hits="0"/><line number="32" hits="0"/><line number="34" hits="0"/><line number="37" hits="0"/><line number="39" hits="0"/><line number="50" hits="0"/><line number="51" hits="0"/><line number="52" hits="0"/><line number="54" hits="0"/><line number="55" hits="0"/><line number="56" hits="0"/><line number="57" hits="0"/><line number="59" hits="0"/><line number="61" hits="0"/><line number="62" hits="0"/><line number="64" hits="0"/><line number="67" hits="0"/><line number="68" hits="0"/><line number="70" hits="0"/><line number="73" hits="0"/><line number="76" hits="0"/><line number="79" hits="0"/><line number="80" hits="0"/><line number="81" hits="0"/><line number="82" hits="0"/><line number="83" hits="0"/><line number="84" hits="0"/><line number="85" hits="0"/><line number="86" hits="0"/></lines></class><class name="stats" filename="crates/tokscale-cli/src/tui/ui/stats.rs" line-rate="0" branch-rate="0" complexity="0"><methods/><lines><line number="15" hits="0"/><line number="16" hits="0"/><line number="17" hits="0"/><line number="18" hits="0"/><line number="19" hits="0"/><line number="21" hits="0"/><line number="23" hits="0"/><line number="24" hits="0"/><line number="26" hits="0"/><line number="30" hits="0"/><line number="31" hits="0"/><line number="32" hits="0"/><line number="33" hits="0"/><line number="34" hits="0"/><line number="35" hits="0"/><line number="36" hits="0"/><line number="37" hits="0"/><line number="39" hits="0"/><line number="40" hits="0"/><line number="41" hits="0"/><line number="42" hits="0"/><line number="44" hits="0"/><line number="45" hits="0"/><line number="46" hits="0"/><line number="48" hits="0"/><line number="50" hits="0"/><line number="51" hits="0"/><line number="53" hits="0"/><line number="54" hits="0"/><line number="55" hits="0"/><line number="58" hits="0"/><line number="59" hits="0"/><line number="60" hits="0"/><line number="62" hits="0"/><line number="63" hits="0"/><line number="64" hits="0"/><line number="65" hits="0"/><line number="66" hits="0"/><line number="67" hits="0"/><line number="68" hits="0"/><line number="73" hits="0"/><line number="74" hits="0"/><line number="75" hits="0"/><line number="77" hits="0"/><line number="78" hits="0"/><line number="79" hits="0"/><line number="81" hits="0"/><line number="83" hits="0"/><line number="84" hits="0"/><line number="85" hits="0"/><line number="86" hits="0"/><line number="87" hits="0"/><line number="88" hits="0"/><line number="90" hits="0"/><line number="93" hits="0"/><line number="95" hits="0"/><line number="96" hits="0"/><line number="98" hits="0"/><line number="99" hits="0"/><line number="101" hits="0"/><line number="102" hits="0"/><line number="105" hits="0"/><line number="106" hits="0"/><line number="108" hits="0"/><line number="109" hits="0"/><line number="110" hits="0"/><line number="111" hits="0"/><line number="112" hits="0"/><line number="114" hits="0"/><line number="118" hits="0"/><line number="119" hits="0"/><line number="121" hits="0"/><line number="126" hits="0"/><line number="127" hits="0"/><line number="129" hits="0"/><line number="133" hits="0"/><line number="134" hits="0"/><line number="137" hits="0"/><line number="138" hits="0"/><line number="140" hits="0"/><line number="141" hits="0"/><line number="142" hits="0"/><line number="143" hits="0"/><line number="144" hits="0"/><line number="145" hits="0"/><line number="146" hits="0"/><line number="147" hits="0"/><line number="148" hits="0"/><line number="149" hits="0"/><line number="150" hits="0"/><line number="151" hits="0"/><line number="152" hits="0"/><line number="153" hits="0"/><line number="154" hits="0"/><line number="155" hits="0"/><line number="162" hits="0"/><line number="163" hits="0"/><line number="164" hits="0"/><line number="165" hits="0"/><line number="166" hits="0"/><line number="168" hits="0"/><line number="169" hits="0"/><line number="170" hits="0"/><line number="172" hits="0"/><line number="174" hits="0"/><line number="175" hits="0"/><line number="177" hits="0"/><line number="178" hits="0"/><line number="180" hits="0"/><line number="182" hits="0"/><line number="183" hits="0"/><line number="184" hits="0"/><line number="185" hits="0"/><line number="186" hits="0"/><line number="187" hits="0"/><line number="188" hits="0"/><line number="192" hits="0"/><line number="194" hits="0"/><line number="195" hits="0"/><line number="196" hits="0"/><line number="197" hits="0"/><line number="198" hits="0"/><line number="199" hits="0"/><line number="200" hits="0"/><line number="204" hits="0"/><line number="206" hits="0"/><line number="207" hits="0"/><line number="208" hits="0"/><line number="209" hits="0"/><line number="210" hits="0"/><line number="211" hits="0"/><line number="212" hits="0"/><line number="216" hits="0"/><line number="218" hits="0"/><line number="219" hits="0"/><line number="220" hits="0"/><line number="221" hits="0"/><line number="222" hits="0"/><line number="223" hits="0"/><line number="227" hits="0"/><line number="228" hits="0"/><line number="229" hits="0"/><line number="231" hits="0"/><line number="232" hits="0"/><line number="233" hits="0"/><line number="234" hits="0"/><line number="236" hits="0"/><line number="239" hits="0"/><line number="240" hits="0"/><line number="242" hits="0"/><line number="243" hits="0"/><line number="245" hits="0"/><line number="247" hits="0"/><line number="248" hits="0"/><line number="250" hits="0"/><line number="252" hits="0"/><line number="253" hits="0"/><line number="254" hits="0"/><line number="255" hits="0"/><line number="256" hits="0"/><line number="257" hits="0"/><line number="260" hits="0"/><line number="262" hits="0"/><line number="263" hits="0"/><line number="265" hits="0"/><line number="267" hits="0"/><line number="268" hits="0"/><line number="269" hits="0"/><line number="270" hits="0"/><line number="271" hits="0"/><line number="272" hits="0"/><line number="275" hits="0"/><line number="276" hits="0"/><line number="277" hits="0"/><line number="280" hits="0"/><line number="282" hits="0"/><line number="283" hits="0"/><line number="284" hits="0"/><line number="285" hits="0"/><line number="287" hits="0"/><line number="289" hits="0"/><line number="290" hits="0"/><line number="291" hits="0"/><line number="292" hits="0"/><line number="293" hits="0"/><line number="295" hits="0"/><line number="296" hits="0"/><line number="297" hits="0"/><line number="300" hits="0"/><line number="303" hits="0"/><line number="304" hits="0"/><line number="306" hits="0"/><line number="308" hits="0"/><line number="309" hits="0"/><line number="310" hits="0"/><line number="311" hits="0"/><line number="312" hits="0"/><line number="313" hits="0"/><line number="316" hits="0"/><line number="318" hits="0"/><line number="319" hits="0"/><line number="321" hits="0"/><line number="323" hits="0"/><line number="324" hits="0"/><line number="325" hits="0"/><line number="326" hits="0"/><line number="327" hits="0"/><line number="328" hits="0"/><line number="331" hits="0"/><line number="332" hits="0"/><line number="333" hits="0"/><line number="336" hits="0"/><line number="338" hits="0"/><line number="339" hits="0"/><line number="340" hits="0"/><line number="341" hits="0"/><line number="342" hits="0"/><line number="343" hits="0"/><line number="344" hits="0"/><line number="347" hits="0"/><line number="348" hits="0"/><line number="349" hits="0"/><line number="352" hits="0"/><line number="354" hits="0"/><line number="355" hits="0"/><line number="356" hits="0"/><line number="357" hits="0"/><line number="358" hits="0"/><line number="359" hits="0"/><line number="360" hits="0"/><line number="361" hits="0"/><line number="362" hits="0"/><line number="363" hits="0"/><line number="364" hits="0"/><line number="366" hits="0"/><line number="367" hits="0"/><line number="368" hits="0"/><line number="369" hits="0"/><line number="372" hits="0"/><line number="374" hits="0"/><line number="375" hits="0"/><line number="376" hits="0"/><line number="377" hits="0"/><line number="378" hits="0"/><line number="380" hits="0"/><line number="381" hits="0"/><line number="382" hits="0"/><line number="384" hits="0"/><line number="385" hits="0"/><line number="386" hits="0"/><line number="391" hits="0"/><line number="392" hits="0"/><line number="393" hits="0"/><line number="394" hits="0"/><line number="395" hits="0"/><line number="397" hits="0"/><line number="398" hits="0"/><line number="399" hits="0"/><line number="401" hits="0"/><line number="403" hits="0"/><line number="404" hits="0"/><line number="406" hits="0"/><line number="407" hits="0"/><line number="408" hits="0"/><line number="411" hits="0"/><line number="412" hits="0"/><line number="413" hits="0"/><line number="416" hits="0"/><line number="417" hits="0"/><line number="418" hits="0"/><line number="419" hits="0"/><line number="420" hits="0"/><line number="422" hits="0"/><line number="424" hits="0"/><line number="425" hits="0"/><line number="426" hits="0"/><line number="427" hits="0"/><line number="428" hits="0"/><line number="432" hits="0"/><line number="434" hits="0"/><line number="435" hits="0"/><line number="436" hits="0"/><line number="437" hits="0"/><line number="438" hits="0"/><line number="439" hits="0"/><line number="440" hits="0"/><line number="442" hits="0"/><line number="443" hits="0"/><line number="444" hits="0"/><line number="445" hits="0"/><line number="446" hits="0"/><line number="447" hits="0"/><line number="448" hits="0"/><line number="449" hits="0"/><line number="452" hits="0"/><line number="455" hits="0"/><line number="456" hits="0"/><line number="457" hits="0"/><line number="458" hits="0"/><line number="459" hits="0"/><line number="460" hits="0"/><line number="461" hits="0"/><line number="462" hits="0"/><line number="464" hits="0"/><line number="467" hits="0"/><line number="468" hits="0"/><line number="470" hits="0"/><line number="471" hits="0"/><line number="472" hits="0"/><line number="473" hits="0"/><line number="475" hits="0"/><line number="476" hits="0"/><line number="477" hits="0"/><line number="478" hits="0"/><line number="479" hits="0"/><line number="480" hits="0"/><line number="482" hits="0"/><line number="483" hits="0"/><line number="484" hits="0"/><line number="488" hits="0"/><line number="489" hits="0"/><line number="490" hits="0"/><line number="491" hits="0"/><line number="492" hits="0"/><line number="493" hits="0"/><line number="494" hits="0"/><line number="495" hits="0"/><line number="499" hits="0"/><line number="500" hits="0"/><line number="501" hits="0"/><line number="502" hits="0"/><line number="503" hits="0"/><line number="504" hits="0"/><line number="505" hits="0"/><line number="507" hits="0"/><line number="508" hits="0"/><line number="509" hits="0"/><line number="510" hits="0"/><line number="512" hits="0"/><line number="513" hits="0"/><line number="514" hits="0"/><line number="515" hits="0"/><line number="517" hits="0"/><line number="518" hits="0"/><line number="519" hits="0"/><line number="520" hits="0"/><line number="524" hits="0"/><line number="525" hits="0"/><line number="526" hits="0"/><line number="527" hits="0"/><line number="528" hits="0"/><line number="530" hits="0"/><line number="531" hits="0"/><line number="532" hits="0"/><line number="533" hits="0"/><line number="535" hits="0"/><line number="536" hits="0"/><line number="537" hits="0"/><line number="538" hits="0"/><line number="540" hits="0"/><line number="541" hits="0"/><line number="542" hits="0"/><line number="543" hits="0"/><line number="550" hits="0"/><line number="551" hits="0"/><line number="552" hits="0"/><line number="556" hits="0"/><line number="557" hits="0"/><line number="560" hits="0"/><line number="561" hits="0"/><line number="562" hits="0"/><line number="564" hits="0"/><line number="565" hits="0"/><line number="566" hits="0"/><line number="567" hits="0"/><line number="568" hits="0"/><line number="570" hits="0"/><line number="571" hits="0"/></lines></class><class name="widgets" filename="crates/tokscale-cli/src/tui/ui/widgets.rs" line-rate="0" branch-rate="0" complexity="0"><methods/><lines><line number="5" hits="0"/><line number="6" hits="0"/><line number="7" hits="0"/><line number="8" hits="0"/><line number="9" hits="0"/><line number="10" hits="0"/><line number="11" hits="0"/><line number="13" hits="0"/><line number="17" hits="0"/><line number="18" hits="0"/><line number="21" hits="0"/><line number="22" hits="0"/><line number="23" hits="0"/><line number="24" hits="0"/><line number="25" hits="0"/><line number="26" hits="0"/><line number="28" hits="0"/><line number="30" hits="0"/><line number="33" hits="0"/><line number="34" hits="0"/><line number="35" hits="0"/><line number="37" hits="0"/><line number="38" hits="0"/><line number="40" hits="0"/><line number="44" hits="0"/><line number="45" hits="0"/><line number="46" hits="0"/><line number="47" hits="0"/><line number="48" hits="0"/><line number="50" hits="0"/><line number="51" hits="0"/><line number="52" hits="0"/><line number="53" hits="0"/><line number="54" hits="0"/><line number="55" hits="0"/><line number="56" hits="0"/><line number="57" hits="0"/><line number="58" hits="0"/><line number="62" hits="0"/><line number="63" hits="0"/><line number="65" hits="0"/><line number="66" hits="0"/><line number="67" hits="0"/><line number="68" hits="0"/><line number="70" hits="0"/><line number="71" hits="0"/><line number="72" hits="0"/><line number="73" hits="0"/><line number="74" hits="0"/><line number="75" hits="0"/><line number="76" hits="0"/><line number="77" hits="0"/><line number="78" hits="0"/><line number="80" hits="0"/><line number="81" hits="0"/><line number="82" hits="0"/><line number="83" hits="0"/><line number="84" hits="0"/><line number="85" hits="0"/><line number="86" hits="0"/><line number="87" hits="0"/><line number="88" hits="0"/><line number="89" hits="0"/><line number="90" hits="0"/><line number="91" hits="0"/><line number="92" hits="0"/><line number="94" hits="0"/><line number="98" hits="0"/><line number="99" hits="0"/><line number="100" hits="0"/><line number="101" hits="0"/><line number="103" hits="0"/><line number="104" hits="0"/><line number="105" hits="0"/><line number="106" hits="0"/><line number="107" hits="0"/><line number="108" hits="0"/><line number="109" hits="0"/><line number="110" hits="0"/><line number="111" hits="0"/><line number="112" hits="0"/><line number="116" hits="0"/><line number="117" hits="0"/><line number="118" hits="0"/><line number="119" hits="0"/><line number="121" hits="0"/><line number="122" hits="0"/><line number="123" hits="0"/><line number="124" hits="0"/><line number="125" hits="0"/><line number="126" hits="0"/><line number="127" hits="0"/><line number="128" hits="0"/><line number="129" hits="0"/><line number="130" hits="0"/><line number="131" hits="0"/><line number="135" hits="0"/><line number="136" hits="0"/><line number="137" hits="0"/><line number="138" hits="0"/><line number="140" hits="0"/><line number="141" hits="0"/><line number="142" hits="0"/><line number="143" hits="0"/><line number="144" hits="0"/><line number="145" hits="0"/><line number="146" hits="0"/><line number="147" hits="0"/><line number="148" hits="0"/><line number="149" hits="0"/><line number="150" hits="0"/><line number="151" hits="0"/><line number="152" hits="0"/><line number="156" hits="0"/><line number="157" hits="0"/><line number="158" hits="0"/><line number="159" hits="0"/><line number="160" hits="0"/></lines></class></classes></package><package name="crates/tokscale-cli/src/tui" line-rate="0.0744398025066464" branch-rate="0" complexity="0"><classes><class name="app" filename="crates/tokscale-cli/src/tui/app.rs" line-rate="0.2693333333333333" branch-rate="0" complexity="0"><methods/><lines><line number="33" hits="1"/><line number="34" hits="1"/><line number="37" hits="4"/><line number="38" hits="4"/><line number="39" hits="1"/><line number="40" hits="1"/><line number="41" hits="1"/><line number="42" hits="1"/><line number="46" hits="4"/><line number="47" hits="4"/><line number="48" hits="1"/><line number="49" hits="1"/><line number="50" hits="1"/><line number="51" hits="1"/><line number="55" hits="4"/><line number="56" hits="4"/><line number="57" hits="1"/><line number="58" hits="1"/><line number="59" hits="1"/><line number="60" hits="1"/><line number="64" hits="4"/><line number="65" hits="4"/><line number="66" hits="1"/><line number="67" hits="1"/><line number="68" hits="1"/><line number="69" hits="1"/><line number="136" hits="6"/><line number="137" hits="12"/><line number="138" hits="18"/><line number="139" hits="6"/><line number="141" hits="6"/><line number="142" hits="18"/><line number="144" hits="12"/><line number="146" hits="6"/><line number="147" hits="0"/><line number="148" hits="0"/><line number="149" hits="0"/><line number="150" hits="0"/><line number="151" hits="0"/><line number="152" hits="0"/><line number="153" hits="0"/><line number="154" hits="0"/><line number="155" hits="0"/><line number="156" hits="0"/><line number="157" hits="0"/><line number="158" hits="0"/><line number="162" hits="114"/><line number="163" hits="108"/><line number="167" hits="12"/><line number="168" hits="0"/><line number="169" hits="6"/><line number="170" hits="0"/><line number="172" hits="6"/><line number="175" hits="18"/><line number="178" hits="12"/><line number="179" hits="6"/><line number="180" hits="6"/><line number="181" hits="6"/><line number="184" hits="18"/><line number="185" hits="12"/><line number="189" hits="18"/><line number="190" hits="6"/><line number="191" hits="6"/><line number="192" hits="6"/><line number="193" hits="6"/><line number="194" hits="6"/><line number="195" hits="6"/><line number="196" hits="6"/><line number="200" hits="6"/><line number="201" hits="6"/><line number="202" hits="6"/><line number="203" hits="6"/><line number="204" hits="6"/><line number="205" hits="0"/><line number="207" hits="6"/><line number="209" hits="12"/><line number="212" hits="6"/><line number="218" hits="0"/><line number="219" hits="0"/><line number="220" hits="0"/><line number="221" hits="0"/><line number="222" hits="0"/><line number="223" hits="0"/><line number="224" hits="0"/><line number="225" hits="0"/><line number="226" hits="0"/><line number="228" hits="0"/><line number="229" hits="0"/><line number="230" hits="0"/><line number="231" hits="0"/><line number="234" hits="0"/><line number="237" hits="0"/><line number="238" hits="0"/><line number="242" hits="0"/><line number="243" hits="0"/><line number="244" hits="0"/><line number="245" hits="0"/><line number="248" hits="0"/><line number="249" hits="0"/><line number="252" hits="0"/><line number="253" hits="0"/><line number="255" hits="0"/><line number="256" hits="0"/><line number="257" hits="0"/><line number="258" hits="0"/><line number="262" hits="0"/><line number="263" hits="0"/><line number="267" hits="0"/><line number="268" hits="0"/><line number="269" hits="0"/><line number="270" hits="0"/><line number="273" hits="0"/><line number="275" hits="0"/><line number="276" hits="0"/><line number="278" hits="0"/><line number="279" hits="0"/><line number="280" hits="0"/><line number="282" hits="0"/><line number="283" hits="0"/><line number="284" hits="0"/><line number="286" hits="0"/><line number="287" hits="0"/><line number="288" hits="0"/><line number="290" hits="0"/><line number="291" hits="0"/><line number="292" hits="0"/><line number="294" hits="0"/><line number="295" hits="0"/><line number="297" hits="0"/><line number="298" hits="0"/><line number="300" hits="0"/><line number="301" hits="0"/><line number="303" hits="0"/><line number="304" hits="0"/><line number="306" hits="0"/><line number="307" hits="0"/><line number="309" hits="0"/><line number="310" hits="0"/><line number="312" hits="0"/><line number="313" hits="0"/><line number="315" hits="0"/><line number="316" hits="0"/><line number="318" hits="0"/><line number="319" hits="0"/><line number="321" hits="0"/><line number="322" hits="0"/><line number="324" hits="0"/><line number="325" hits="0"/><line number="327" hits="0"/><line number="328" hits="0"/><line number="330" hits="0"/><line number="331" hits="0"/><line number="334" hits="0"/><line number="335" hits="0"/><line number="338" hits="0"/><line number="339" hits="0"/><line number="341" hits="0"/><line number="343" hits="0"/><line number="346" hits="0"/><line number="347" hits="0"/><line number="348" hits="0"/><line number="349" hits="0"/><line number="351" hits="0"/><line number="352" hits="0"/><line number="353" hits="0"/><line number="354" hits="0"/><line number="355" hits="0"/><line number="357" hits="0"/><line number="358" hits="0"/><line number="359" hits="0"/><line number="360" hits="0"/><line number="362" hits="0"/><line number="363" hits="0"/><line number="365" hits="0"/><line number="366" hits="0"/><line number="368" hits="0"/><line number="369" hits="0"/><line number="372" hits="0"/><line number="378" hits="0"/><line number="379" hits="0"/><line number="380" hits="0"/><line number="382" hits="0"/><line number="383" hits="0"/><line number="387" hits="2"/><line number="388" hits="6"/><line number="389" hits="2"/><line number="390" hits="1"/><line number="391" hits="1"/><line number="392" hits="1"/><line number="394" hits="3"/><line number="395" hits="4"/><line number="396" hits="2"/><line number="399" hits="0"/><line number="400" hits="0"/><line number="403" hits="0"/><line number="404" hits="0"/><line number="407" hits="4"/><line number="408" hits="4"/><line number="409" hits="4"/><line number="410" hits="4"/><line number="413" hits="2"/><line number="414" hits="2"/><line number="415" hits="1"/><line number="416" hits="1"/><line number="417" hits="0"/><line number="422" hits="2"/><line number="423" hits="8"/><line number="424" hits="2"/><line number="425" hits="1"/><line number="426" hits="2"/><line number="427" hits="0"/><line number="432" hits="4"/><line number="433" hits="4"/><line number="434" hits="8"/><line number="435" hits="0"/><line number="436" hits="0"/><line number="440" hits="3"/><line number="441" hits="3"/><line number="442" hits="2"/><line number="443" hits="1"/><line number="444" hits="1"/><line number="447" hits="1"/><line number="448" hits="1"/><line number="450" hits="6"/><line number="451" hits="9"/><line number="452" hits="3"/><line number="453" hits="3"/><line number="457" hits="0"/><line number="458" hits="0"/><line number="459" hits="0"/><line number="460" hits="0"/><line number="461" hits="0"/><line number="462" hits="0"/><line number="463" hits="0"/><line number="464" hits="0"/><line number="465" hits="0"/><line number="468" hits="0"/><line number="472" hits="0"/><line number="473" hits="0"/><line number="474" hits="0"/><line number="475" hits="0"/><line number="476" hits="0"/><line number="477" hits="0"/><line number="480" hits="0"/><line number="481" hits="0"/><line number="483" hits="0"/><line number="487" hits="0"/><line number="488" hits="0"/><line number="489" hits="0"/><line number="490" hits="0"/><line number="491" hits="0"/><line number="492" hits="0"/><line number="494" hits="0"/><line number="497" hits="0"/><line number="499" hits="0"/><line number="500" hits="0"/><line number="502" hits="0"/><line number="506" hits="0"/><line number="507" hits="0"/><line number="508" hits="0"/><line number="509" hits="0"/><line number="510" hits="0"/><line number="511" hits="0"/><line number="512" hits="0"/><line number="513" hits="0"/><line number="514" hits="0"/><line number="516" hits="0"/><line number="520" hits="0"/><line number="521" hits="0"/><line number="522" hits="0"/><line number="523" hits="0"/><line number="524" hits="0"/><line number="525" hits="0"/><line number="526" hits="0"/><line number="527" hits="0"/><line number="528" hits="0"/><line number="530" hits="0"/><line number="534" hits="0"/><line number="535" hits="0"/><line number="536" hits="0"/><line number="538" hits="0"/><line number="539" hits="0"/><line number="540" hits="0"/><line number="542" hits="0"/><line number="543" hits="0"/><line number="544" hits="0"/><line number="547" hits="0"/><line number="548" hits="0"/><line number="549" hits="0"/><line number="550" hits="0"/><line number="555" hits="0"/><line number="556" hits="0"/><line number="557" hits="0"/><line number="558" hits="0"/><line number="559" hits="0"/><line number="560" hits="0"/><line number="561" hits="0"/><line number="562" hits="0"/><line number="563" hits="0"/><line number="564" hits="0"/><line number="565" hits="0"/><line number="566" hits="0"/><line number="568" hits="0"/><line number="569" hits="0"/><line number="570" hits="0"/><line number="571" hits="0"/><line number="572" hits="0"/><line number="573" hits="0"/><line number="574" hits="0"/><line number="575" hits="0"/><line number="576" hits="0"/><line number="577" hits="0"/><line number="578" hits="0"/><line number="580" hits="0"/><line number="581" hits="0"/><line number="582" hits="0"/><line number="583" hits="0"/><line number="584" hits="0"/><line number="588" hits="0"/><line number="590" hits="0"/><line number="593" hits="0"/><line number="594" hits="0"/><line number="595" hits="0"/><line number="596" hits="0"/><line number="598" hits="0"/><line number="602" hits="0"/><line number="603" hits="0"/><line number="604" hits="0"/><line number="608" hits="3"/><line number="609" hits="6"/><line number="610" hits="3"/><line number="613" hits="0"/><line number="614" hits="0"/><line number="616" hits="0"/><line number="617" hits="0"/><line number="618" hits="0"/><line number="619" hits="0"/><line number="620" hits="0"/><line number="623" hits="0"/><line number="625" hits="0"/><line number="628" hits="0"/><line number="630" hits="0"/><line number="631" hits="0"/><line number="632" hits="0"/><line number="633" hits="0"/><line number="634" hits="0"/><line number="636" hits="0"/><line number="637" hits="0"/><line number="638" hits="0"/><line number="639" hits="0"/><line number="640" hits="0"/><line number="643" hits="0"/><line number="647" hits="0"/><line number="650" hits="0"/><line number="651" hits="0"/><line number="653" hits="0"/><line number="655" hits="0"/><line number="658" hits="0"/><line number="660" hits="0"/><line number="661" hits="0"/><line number="662" hits="0"/><line number="663" hits="0"/><line number="664" hits="0"/><line number="666" hits="0"/><line number="667" hits="0"/><line number="668" hits="0"/><line number="669" hits="0"/><line number="670" hits="0"/><line number="673" hits="0"/><line number="676" hits="0"/><line number="680" hits="0"/><line number="683" hits="0"/><line number="684" hits="0"/><line number="687" hits="0"/><line number="688" hits="0"/></lines></class><class name="cache" filename="crates/tokscale-cli/src/tui/cache.rs" line-rate="0" branch-rate="0" complexity="0"><methods/><lines><line number="24" hits="0"/><line number="25" hits="0"/><line number="29" hits="0"/><line number="30" hits="0"/><line number="111" hits="0"/><line number="113" hits="0"/><line number="114" hits="0"/><line number="115" hits="0"/><line number="116" hits="0"/><line number="117" hits="0"/><line number="123" hits="0"/><line number="125" hits="0"/><line number="126" hits="0"/><line number="127" hits="0"/><line number="128" hits="0"/><line number="129" hits="0"/><line number="135" hits="0"/><line number="137" hits="0"/><line number="138" hits="0"/><line number="139" hits="0"/><line number="140" hits="0"/><line number="141" hits="0"/><line number="142" hits="0"/><line number="148" hits="0"/><line number="150" hits="0"/><line number="151" hits="0"/><line number="152" hits="0"/><line number="153" hits="0"/><line number="154" hits="0"/><line number="155" hits="0"/><line number="161" hits="0"/><line number="163" hits="0"/><line number="164" hits="0"/><line number="165" hits="0"/><line number="171" hits="0"/><line number="173" hits="0"/><line number="174" hits="0"/><line number="175" hits="0"/><line number="181" hits="0"/><line number="183" hits="0"/><line number="184" hits="0"/><line number="185" hits="0"/><line number="186" hits="0"/><line number="198" hits="0"/><line number="201" hits="0"/><line number="202" hits="0"/><line number="203" hits="0"/><line number="204" hits="0"/><line number="210" hits="0"/><line number="212" hits="0"/><line number="213" hits="0"/><line number="214" hits="0"/><line number="215" hits="0"/><line number="223" hits="0"/><line number="226" hits="0"/><line number="227" hits="0"/><line number="228" hits="0"/><line number="229" hits="0"/><line number="235" hits="0"/><line number="237" hits="0"/><line number="253" hits="0"/><line number="254" hits="0"/><line number="255" hits="0"/><line number="257" hits="0"/><line number="258" hits="0"/><line number="259" hits="0"/><line number="260" hits="0"/><line number="263" hits="0"/><line number="268" hits="0"/><line number="270" hits="0"/><line number="271" hits="0"/><line number="272" hits="0"/><line number="273" hits="0"/><line number="274" hits="0"/><line number="275" hits="0"/><line number="276" hits="0"/><line number="284" hits="0"/><line number="285" hits="0"/><line number="286" hits="0"/><line number="289" hits="0"/><line number="290" hits="0"/><line number="291" hits="0"/><line number="292" hits="0"/><line number="293" hits="0"/><line number="295" hits="0"/><line number="296" hits="0"/><line number="297" hits="0"/><line number="303" hits="0"/><line number="304" hits="0"/><line number="305" hits="0"/><line number="307" hits="0"/><line number="308" hits="0"/><line number="309" hits="0"/><line number="312" hits="0"/><line number="316" hits="0"/><line number="317" hits="0"/><line number="319" hits="0"/><line number="320" hits="0"/><line number="323" hits="0"/><line number="324" hits="0"/><line number="325" hits="0"/><line number="328" hits="0"/><line number="329" hits="0"/><line number="333" hits="0"/><line number="337" hits="0"/><line number="338" hits="0"/><line number="339" hits="0"/><line number="343" hits="0"/><line number="344" hits="0"/><line number="345" hits="0"/><line number="349" hits="0"/><line number="350" hits="0"/><line number="351" hits="0"/><line number="352" hits="0"/><line number="356" hits="0"/><line number="360" hits="0"/><line number="364" hits="0"/><line number="365" hits="0"/><line number="366" hits="0"/><line number="367" hits="0"/><line number="369" hits="0"/><line number="371" hits="0"/><line number="372" hits="0"/><line number="374" hits="0"/><line number="379" hits="0"/><line number="380" hits="0"/><line number="381" hits="0"/><line number="384" hits="0"/><line number="385" hits="0"/><line number="388" hits="0"/><line number="389" hits="0"/><line number="390" hits="0"/><line number="392" hits="0"/><line number="393" hits="0"/><line number="394" hits="0"/><line number="395" hits="0"/><line number="399" hits="0"/><line number="400" hits="0"/><line number="404" hits="0"/><line number="405" hits="0"/><line number="406" hits="0"/><line number="407" hits="0"/><line number="409" hits="0"/><line number="410" hits="0"/></lines></class><class name="config" filename="crates/tokscale-cli/src/tui/config.rs" line-rate="0" branch-rate="0" complexity="0"><methods/><lines><line number="36" hits="0"/><line number="37" hits="0"/><line number="40" hits="0"/><line number="41" hits="0"/><line number="42" hits="0"/><line number="43" hits="0"/><line number="44" hits="0"/><line number="45" hits="0"/><line number="49" hits="0"/><line number="50" hits="0"/><line number="51" hits="0"/><line number="52" hits="0"/><line number="53" hits="0"/><line number="56" hits="0"/><line number="57" hits="0"/><line number="58" hits="0"/><line number="59" hits="0"/><line number="60" hits="0"/><line number="63" hits="0"/><line number="64" hits="0"/><line number="65" hits="0"/><line number="66" hits="0"/><line number="67" hits="0"/><line number="70" hits="0"/><line number="71" hits="0"/><line number="72" hits="0"/><line number="73" hits="0"/><line number="74" hits="0"/><line number="78" hits="0"/><line number="79" hits="0"/><line number="80" hits="0"/><line number="81" hits="0"/><line number="83" hits="0"/><line number="84" hits="0"/><line number="85" hits="0"/><line number="86" hits="0"/></lines></class><class name="event" filename="crates/tokscale-cli/src/tui/event.rs" line-rate="0" branch-rate="0" complexity="0"><methods/><lines><line number="20" hits="0"/><line number="21" hits="0"/><line number="22" hits="0"/><line number="24" hits="0"/><line number="25" hits="0"/><line number="26" hits="0"/><line number="27" hits="0"/><line number="28" hits="0"/><line number="29" hits="0"/><line number="32" hits="0"/><line number="33" hits="0"/><line number="34" hits="0"/><line numb
[...]
mber="609" hits="0"/><line number="612" hits="0"/><line number="615" hits="0"/><line number="617" hits="0"/><line number="619" hits="0"/><line number="620" hits="0"/><line number="621" hits="0"/><line number="624" hits="0"/><line number="625" hits="0"/><line number="628" hits="0"/><line number="629" hits="0"/><line number="631" hits="0"/><line number="632" hits="0"/><line number="633" hits="0"/><line number="634" hits="0"/><line number="635" hits="0"/><line number="636" hits="0"/><line number="639" hits="0"/><line number="640" hits="0"/><line number="641" hits="0"/><line number="642" hits="0"/><line number="645" hits="0"/><line number="646" hits="0"/><line number="647" hits="0"/><line number="648" hits="0"/><line number="649" hits="0"/><line number="650" hits="0"/><line number="651" hits="0"/><line number="654" hits="0"/><line number="655" hits="0"/><line number="656" hits="0"/><line number="657" hits="0"/><line number="658" hits="0"/><line number="659" hits="0"/><line number="660" hits="0"/><line number="661" hits="0"/><line number="668" hits="0"/><line number="669" hits="0"/><line number="670" hits="0"/><line number="672" hits="0"/><line number="673" hits="0"/><line number="674" hits="0"/><line number="676" hits="0"/><line number="680" hits="0"/><line number="682" hits="0"/><line number="683" hits="0"/><line number="686" hits="0"/><line number="687" hits="0"/><line number="689" hits="0"/><line number="691" hits="0"/><line number="694" hits="0"/><line number="695" hits="0"/><line number="696" hits="0"/><line number="697" hits="0"/><line number="699" hits="0"/><line number="702" hits="0"/><line number="703" hits="0"/><line number="705" hits="0"/><line number="707" hits="0"/><line number="710" hits="0"/><line number="711" hits="0"/><line number="712" hits="0"/><line number="713" hits="0"/><line number="715" hits="0"/><line number="719" hits="0"/><line number="720" hits="0"/><line number="721" hits="0"/><line number="723" hits="0"/><line number="724" hits="0"/><line number="727" hits="0"/><line number="728" hits="0"/><line number="731" hits="0"/><line number="732" hits="0"/><line number="734" hits="0"/><line number="736" hits="0"/><line number="738" hits="0"/><line number="740" hits="0"/><line number="741" hits="0"/><line number="742" hits="0"/><line number="743" hits="0"/><line number="744" hits="0"/><line number="745" hits="0"/><line number="749" hits="0"/><line number="750" hits="0"/><line number="751" hits="0"/><line number="752" hits="0"/><line number="754" hits="0"/><line number="755" hits="0"/><line number="756" hits="0"/><line number="757" hits="0"/><line number="758" hits="0"/><line number="759" hits="0"/><line number="764" hits="0"/><line number="767" hits="0"/><line number="775" hits="0"/><line number="776" hits="0"/><line number="778" hits="0"/><line number="779" hits="0"/><line number="780" hits="0"/><line number="782" hits="0"/><line number="783" hits="0"/><line number="786" hits="0"/><line number="787" hits="0"/><line number="789" hits="0"/><line number="793" hits="0"/><line number="794" hits="0"/><line number="796" hits="0"/><line number="797" hits="0"/><line number="799" hits="0"/><line number="801" hits="0"/><line number="802" hits="0"/><line number="803" hits="0"/><line number="804" hits="0"/><line number="806" hits="0"/><line number="807" hits="0"/><line number="808" hits="0"/><line number="809" hits="0"/><line number="810" hits="0"/><line number="811" hits="0"/><line number="814" hits="0"/><line number="815" hits="0"/><line number="817" hits="0"/><line number="818" hits="0"/><line number="819" hits="0"/><line number="821" hits="0"/><line number="822" hits="0"/><line number="824" hits="0"/><line number="825" hits="0"/><line number="828" hits="0"/><line number="829" hits="0"/><line number="830" hits="0"/><line number="831" hits="0"/><line number="834" hits="0"/><line number="835" hits="0"/><line number="839" hits="0"/><line number="841" hits="0"/><line number="842" hits="0"/><line number="843" hits="0"/><line number="845" hits="0"/><line number="846" hits="0"/><line number="847" hits="0"/><line number="850" hits="0"/><line number="851" hits="0"/><line number="852" hits="0"/><line number="854" hits="0"/><line number="855" hits="0"/><line number="856" hits="0"/><line number="860" hits="0"/><line number="869" hits="0"/><line number="870" hits="0"/><line number="872" hits="0"/><line number="873" hits="0"/><line number="874" hits="0"/><line number="876" hits="0"/><line number="877" hits="0"/><line number="878" hits="0"/><line number="879" hits="0"/><line number="882" hits="0"/><line number="883" hits="0"/><line number="884" hits="0"/><line number="885" hits="0"/><line number="886" hits="0"/><line number="887" hits="0"/><line number="888" hits="0"/><line number="892" hits="0"/><line number="893" hits="0"/><line number="897" hits="0"/><line number="898" hits="0"/><line number="899" hits="0"/><line number="900" hits="0"/><line number="901" hits="0"/><line number="903" hits="0"/><line number="904" hits="0"/><line number="905" hits="0"/><line number="906" hits="0"/><line number="908" hits="0"/><line number="909" hits="0"/><line number="912" hits="0"/><line number="915" hits="0"/><line number="916" hits="0"/><line number="917" hits="0"/><line number="920" hits="0"/><line number="921" hits="0"/><line number="922" hits="0"/><line number="923" hits="0"/><line number="924" hits="0"/><line number="925" hits="0"/><line number="930" hits="0"/><line number="939" hits="0"/><line number="940" hits="0"/><line number="943" hits="0"/><line number="944" hits="0"/><line number="945" hits="0"/><line number="946" hits="0"/><line number="947" hits="0"/><line number="948" hits="0"/><line number="950" hits="0"/><line number="951" hits="0"/><line number="952" hits="0"/><line number="953" hits="0"/><line number="954" hits="0"/><line number="955" hits="0"/><line number="956" hits="0"/><line number="958" hits="0"/><line number="959" hits="0"/><line number="965" hits="0"/><line number="975" hits="0"/><line number="976" hits="0"/><line number="979" hits="0"/><line number="980" hits="0"/><line number="981" hits="0"/><line number="982" hits="0"/><line number="984" hits="0"/><line number="985" hits="0"/><line number="986" hits="0"/><line number="987" hits="0"/><line number="988" hits="0"/><line number="989" hits="0"/><line number="990" hits="0"/><line number="992" hits="0"/><line number="993" hits="0"/><line number="997" hits="0"/><line number="998" hits="0"/><line number="999" hits="0"/><line number="1000" hits="0"/><line number="1001" hits="0"/><line number="1002" hits="0"/><line number="1003" hits="0"/><line number="1006" hits="0"/><line number="1007" hits="0"/><line number="1013" hits="0"/><line number="1022" hits="0"/><line number="1023" hits="0"/><line number="1026" hits="0"/><line number="1027" hits="0"/><line number="1028" hits="0"/><line number="1031" hits="0"/><line number="1032" hits="0"/><line number="1033" hits="0"/><line number="1034" hits="0"/><line number="1035" hits="0"/><line number="1038" hits="0"/><line number="1045" hits="0"/><line number="1046" hits="0"/><line number="1047" hits="0"/><line number="1050" hits="0"/><line number="1051" hits="0"/><line number="1052" hits="0"/><line number="1055" hits="0"/><line number="1056" hits="0"/><line number="1057" hits="0"/><line number="1058" hits="0"/><line number="1061" hits="0"/><line number="1062" hits="0"/><line number="1063" hits="0"/><line number="1064" hits="0"/><line number="1067" hits="0"/><line number="1068" hits="0"/><line number="1070" hits="0"/><line number="1071" hits="0"/><line number="1072" hits="0"/><line number="1075" hits="0"/><line number="1076" hits="0"/><line number="1077" hits="0"/><line number="1078" hits="0"/><line number="1079" hits="0"/><line number="1080" hits="0"/><line number="1083" hits="0"/><line number="1086" hits="0"/><line number="1087" hits="0"/><line number="1088" hits="0"/><line number="1090" hits="0"/><line number="1091" hits="0"/><line number="1093" hits="0"/><line number="1094" hits="0"/><line number="1096" hits="0"/><line number="1097" hits="0"/><line number="1100" hits="0"/><line number="1101" hits="0"/><line number="1103" hits="0"/><line number="1105" hits="0"/><line number="1107" hits="0"/><line number="1108" hits="0"/><line number="1110" hits="0"/><line number="1112" hits="0"/><line number="1115" hits="0"/><line number="1116" hits="0"/><line number="1117" hits="0"/><line number="1118" hits="0"/><line number="1120" hits="0"/><line number="1126" hits="0"/><line number="1129" hits="0"/><line number="1134" hits="0"/><line number="1135" hits="0"/><line number="1137" hits="0"/><line number="1138" hits="0"/><line number="1139" hits="0"/><line number="1142" hits="0"/><line number="1145" hits="0"/><line number="1151" hits="0"/><line number="1152" hits="0"/><line number="1154" hits="0"/><line number="1155" hits="0"/><line number="1156" hits="0"/><line number="1159" hits="0"/><line number="1160" hits="0"/><line number="1162" hits="0"/><line number="1163" hits="0"/><line number="1164" hits="0"/><line number="1165" hits="0"/><line number="1168" hits="0"/><line number="1169" hits="0"/><line number="1170" hits="0"/><line number="1171" hits="0"/><line number="1173" hits="0"/><line number="1174" hits="0"/><line number="1175" hits="0"/><line number="1176" hits="0"/><line number="1177" hits="0"/><line number="1179" hits="0"/><line number="1180" hits="0"/><line number="1181" hits="0"/><line number="1182" hits="0"/><line number="1184" hits="0"/><line number="1186" hits="0"/><line number="1187" hits="0"/><line number="1189" hits="0"/><line number="1192" hits="0"/><line number="1193" hits="0"/><line number="1194" hits="0"/><line number="1196" hits="0"/><line number="1197" hits="0"/><line number="1199" hits="0"/><line number="1200" hits="0"/><line number="1203" hits="0"/><line number="1204" hits="0"/><line number="1205" hits="0"/><line number="1208" hits="0"/><line number="1209" hits="0"/><line number="1210" hits="0"/><line number="1214" hits="0"/><line number="1217" hits="0"/><line number="1220" hits="0"/><line number="1221" hits="0"/><line number="1222" hits="0"/><line number="1223" hits="0"/><line number="1226" hits="0"/><line number="1227" hits="0"/><line number="1228" hits="0"/><line number="1231" hits="0"/><line number="1232" hits="0"/><line number="1233" hits="0"/><line number="1236" hits="14"/><line number="1237" hits="26"/><line number="1238" hits="2"/><line number="1241" hits="24"/><line number="1242" hits="12"/><line number="1243" hits="3"/><line number="1244" hits="9"/><line number="1245" hits="3"/><line number="1246" hits="6"/><line number="1247" hits="3"/><line number="1249" hits="3"/><line number="1253" hits="4"/><line number="1254" hits="8"/><line number="1255" hits="1"/><line number="1258" hits="12"/><line number="1259" hits="6"/><line number="1260" hits="6"/><line number="1261" hits="6"/><line number="1263" hits="9"/><line number="1264" hits="6"/><line number="1265" hits="12"/><line number="1266" hits="3"/><line number="1267" hits="0"/><line number="1269" hits="3"/><line number="1272" hits="0"/><line number="1273" hits="0"/><line number="1274" hits="0"/><line number="1276" hits="0"/><line number="1281" hits="10"/><line number="1282" hits="28"/><line number="1283" hits="13"/><line number="1284" hits="6"/><line number="1286" hits="2"/><line number="1287" hits="1"/><line number="1290" hits="6"/><line number="1292" hits="3"/><line number="1295" hits="20"/><line number="1296" hits="80"/><line number="1297" hits="80"/><line number="1299" hits="40"/><line number="1300" hits="85"/><line number="1301" hits="3"/><line number="1305" hits="12"/><line number="1306" hits="12"/><line number="1307" hits="6"/><line number="1308" hits="9"/><line number="1309" hits="6"/><line number="1310" hits="6"/><line number="1311" hits="6"/><line number="1313" hits="6"/><line number="1317" hits="7"/><line number="1318" hits="7"/><line number="1319" hits="4"/><line number="1321" hits="5"/><line number="1325" hits="7"/><line number="1326" hits="21"/><line number="1327" hits="21"/><line number="1328" hits="42"/><line number="1330" hits="21"/><line number="1331" hits="82"/><line number="1332" hits="122"/><line number="1333" hits="7"/><line number="1335" hits="102"/><line number="1338" hits="7"/><line number="1341" hits="0"/><line number="1342" hits="0"/><line number="1343" hits="0"/><line number="1344" hits="0"/><line number="1345" hits="0"/><line number="1346" hits="0"/><line number="1347" hits="0"/><line number="1348" hits="0"/><line number="1349" hits="0"/><line number="1350" hits="0"/><line number="1351" hits="0"/><line number="1352" hits="0"/><line number="1356" hits="0"/><line number="1357" hits="0"/><line number="1358" hits="0"/><line number="1359" hits="0"/><line number="1360" hits="0"/><line number="1361" hits="0"/><line number="1362" hits="0"/><line number="1363" hits="0"/><line number="1364" hits="0"/><line number="1365" hits="0"/><line number="1366" hits="0"/><line number="1367" hits="0"/><line number="1371" hits="0"/><line number="1372" hits="0"/><line number="1373" hits="0"/><line number="1374" hits="0"/><line number="1375" hits="0"/><line number="1376" hits="0"/><line number="1377" hits="0"/><line number="1378" hits="0"/><line number="1382" hits="14"/><line number="1383" hits="42"/><line number="1384" hits="14"/><line number="1385" hits="13"/><line number="1386" hits="13"/><line number="1387" hits="12"/><line number="1389" hits="3"/><line number="1391" hits="11"/><line number="1392" hits="10"/><line number="1393" hits="9"/><line number="1394" hits="9"/><line number="1396" hits="3"/><line number="1398" hits="8"/><line number="1399" hits="2"/><line number="1401" hits="6"/><line number="1402" hits="2"/><line number="1404" hits="7"/><line number="1405" hits="2"/><line number="1407" hits="2"/><line number="1410" hits="10"/><line number="1411" hits="17"/><line number="1412" hits="14"/><line number="1415" hits="9"/><line number="1416" hits="6"/><line number="1418" hits="3"/><line number="1419" hits="0"/><line number="1420" hits="0"/><line number="1421" hits="0"/><line number="1422" hits="0"/><line number="1423" hits="0"/><line number="1425" hits="0"/><line number="1429" hits="3"/><line number="1430" hits="0"/><line number="1431" hits="3"/><line number="1432" hits="0"/><line number="1435" hits="9"/><line number="1437" hits="6"/><line number="1440" hits="45"/><line number="1443" hits="3"/><line number="1444" hits="0"/><line number="1446" hits="3"/><line number="1447" hits="0"/><line number="1449" hits="3"/><line number="1450" hits="0"/><line number="1452" hits="3"/><line number="1453" hits="0"/><line number="1455" hits="3"/><line number="1456" hits="0"/><line number="1458" hits="3"/><line number="1459" hits="0"/><line number="1461" hits="3"/><line number="1462" hits="0"/><line number="1464" hits="3"/><line number="1465" hits="0"/><line number="1467" hits="3"/><line number="1468" hits="0"/><line number="1470" hits="3"/><line number="1471" hits="0"/><line number="1473" hits="3"/><line number="1474" hits="0"/><line number="1476" hits="3"/><line number="1477" hits="0"/><line number="1479" hits="3"/><line number="1480" hits="0"/><line number="1482" hits="3"/><line number="1483" hits="0"/><line number="1485" hits="3"/><line number="1486" hits="0"/><line number="1488" hits="3"/><line number="1489" hits="0"/><line number="1491" hits="3"/><line number="1492" hits="1"/><line number="1494" hits="2"/><line number="1495" hits="0"/><line number="1497" hits="2"/><line number="1498" hits="0"/><line number="1500" hits="2"/><line number="1501" hits="0"/><line number="1503" hits="2"/><line number="1504" hits="1"/><line number="1506" hits="1"/><line number="1507" hits="0"/><line number="1509" hits="1"/><line number="1510" hits="0"/><line number="1512" hits="1"/><line number="1513" hits="0"/><line number="1515" hits="1"/><line number="1516" hits="0"/><line number="1518" hits="1"/><line number="1519" hits="0"/><line number="1521" hits="1"/><line number="1522" hits="0"/><line number="1524" hits="1"/><line number="1525" hits="0"/><line number="1527" hits="1"/><line number="1528" hits="0"/><line number="1530" hits="1"/><line number="1531" hits="0"/><line number="1533" hits="1"/><line number="1534" hits="0"/><line number="1536" hits="1"/><line number="1537" hits="0"/><line number="1539" hits="1"/><line number="1540" hits="0"/><line number="1542" hits="1"/><line number="1543" hits="0"/><line number="1545" hits="1"/><line number="1546" hits="0"/><line number="1548" hits="1"/><line number="1549" hits="0"/><line number="1551" hits="1"/><line number="1552" hits="0"/><line number="1554" hits="1"/><line number="1555" hits="0"/><line number="1557" hits="1"/><line number="1558" hits="0"/><line number="1561" hits="2"/><line number="1562" hits="2"/><line number="1563" hits="2"/><line number="1564" hits="3"/><line number="1565" hits="1"/><line number="1566" hits="0"/><line number="1567" hits="0"/><line number="1568" hits="0"/><line number="1569" hits="0"/><line number="1570" hits="0"/><line number="1573" hits="3"/><line number="1574" hits="1"/><line number="1575" hits="3"/><line number="1576" hits="1"/><line number="1582" hits="2"/><line number="1583" hits="0"/><line number="1585" hits="1"/><line number="1589" hits="10"/><line number="1590" hits="10"/><line number="1591" hits="11"/><line number="1592" hits="10"/><line number="1593" hits="8"/><line number="1594" hits="9"/><line number="1595" hits="7"/><line number="1596" hits="8"/><line number="1597" hits="7"/><line number="1598" hits="5"/><line number="1599" hits="5"/><line number="1600" hits="5"/><line number="1601" hits="5"/><line number="1602" hits="5"/><line number="1603" hits="6"/><line number="1604" hits="4"/><line number="1605" hits="4"/><line number="1606" hits="4"/><line number="1607" hits="5"/><line number="1608" hits="3"/><line number="1609" hits="3"/><line number="1610" hits="3"/><line number="1614" hits="9"/><line number="1615" hits="27"/><line number="1617" hits="79"/><line number="1618" hits="18"/><line number="1619" hits="18"/><line number="1620" hits="18"/><line number="1621" hits="18"/><line number="1622" hits="18"/><line number="1623" hits="9"/><line number="1625" hits="70"/><line number="1626" hits="36"/><line number="1627" hits="12"/><line number="1631" hits="6"/><line number="1634" hits="8"/><line number="1635" hits="16"/><line number="1636" hits="8"/><line number="1637" hits="10"/><line number="1638" hits="10"/><line number="1639" hits="43"/><line number="1640" hits="4"/><line number="1645" hits="16"/><line number="1646" hits="16"/><line number="1647" hits="36"/><line number="1648" hits="7"/><line number="1649" hits="3"/><line number="1650" hits="2"/><line number="1651" hits="0"/><line number="1652" hits="0"/><line number="1653" hits="0"/><line number="1655" hits="0"/><line number="1661" hits="8"/><line number="1664" hits="10"/><line number="1665" hits="20"/><line number="1666" hits="1"/><line number="1669" hits="27"/><line number="1670" hits="18"/><line number="1671" hits="0"/><line number="1674" hits="18"/><line number="1675" hits="36"/><line number="1676" hits="27"/><line number="1677" hits="9"/><line number="1680" hits="7"/><line number="1681" hits="14"/><line number="1682" hits="1"/><line number="1685" hits="24"/><line number="1686" hits="6"/><line number="1687" hits="3"/><line number="1690" hits="3"/><line number="1691" hits="1"/><line number="1694" hits="12"/><line number="1695" hits="2"/><line number="1698" hits="0"/><line number="1699" hits="0"/><line number="1700" hits="0"/><line number="1701" hits="0"/><line number="1702" hits="0"/><line number="1703" hits="0"/><line number="1704" hits="0"/><line number="1705" hits="0"/><line number="1706" hits="0"/><line number="1707" hits="0"/><line number="1708" hits="0"/></lines></class></classes></package><package name="packages/core/target/release/build/thiserror-718e39c79d0a4b8a/out" line-rate="0" branch-rate="0" complexity="0"><classes></classes></package></packages></coverage>