TN:
SF:/Users/junhoyeo/tokscale-2/crates/tokscale-cli/src/auth.rs
FN:7,home_dir
FN:51,get_credentials_path
FN:55,ensure_config_dir
FN:69,save_credentials
FN:95,load_credentials
FN:105,clear_credentials
FN:115,get_api_base_url
FN:119,get_device_name
FN:127,open_browser
FN:146,login
FN:262,logout
FN:287,whoami
FNF:12
FNDA:17,home_dir
FNDA:12,get_credentials_path
FNDA:5,ensure_config_dir
FNDA:4,save_credentials
FNDA:3,load_credentials
FNDA:2,clear_credentials
FNDA:2,get_api_base_url
FNDA:0,get_device_name
FNDA:0,open_browser
FNDA:0,login
FNDA:0,logout
FNDA:0,whoami
DA:7,17
DA:8,34
DA:51,12
DA:52,24
DA:55,5
DA:56,15
DA:58,5
DA:59,10
DA:63,15
DA:66,5
DA:69,4
DA:70,4
DA:71,8
DA:72,12
DA:78,8
DA:83,8
DA:84,12
DA:92,4
DA:95,3
DA:96,9
DA:97,3
DA:98,1
DA:101,8
DA:102,6
DA:105,2
DA:106,4
DA:107,2
DA:108,2
DA:109,1
DA:111,1
DA:115,2
DA:116,6
DA:119,0
DA:120,0
DA:122,0
DA:123,0
DA:124,0
DA:127,0
DA:130,0
DA:146,0
DA:149,0
DA:150,0
DA:152,0
DA:154,0
DA:156,0
DA:158,0
DA:161,0
DA:163,0
DA:164,0
DA:166,0
DA:167,0
DA:170,0
DA:171,0
DA:172,0
DA:173,0
DA:176,0
DA:178,0
DA:179,0
DA:182,0
DA:184,0
DA:185,0
DA:186,0
DA:187,0
DA:188,0
DA:190,0
DA:193,0
DA:195,0
DA:197,0
DA:198,0
DA:200,0
DA:201,0
DA:203,0
DA:204,0
DA:205,0
DA:206,0
DA:209,0
DA:211,0
DA:212,0
DA:213,0
DA:214,0
DA:215,0
DA:218,0
DA:219,0
DA:220,0
DA:223,0
DA:225,0
DA:227,0
DA:229,0
DA:231,0
DA:232,0
DA:234,0
DA:238,0
DA:239,0
DA:242,0
DA:244,0
DA:248,0
DA:250,0
DA:254,0
DA:255,0
DA:259,0
DA:262,0
DA:265,0
DA:267,0
DA:268,0
DA:269,0
DA:272,0
DA:273,0
DA:275,0
DA:276,0
DA:277,0
DA:278,0
DA:281,0
DA:284,0
DA:287,0
DA:290,0
DA:291,0
DA:292,0
DA:294,0
DA:296,0
DA:299,0
DA:300,0
DA:302,0
DA:305,0
DA:306,0
DA:307,0
DA:308,0
DA:312,0
DA:314,0
LF:128
LH:32
end_of_record
TN:
SF:/Users/junhoyeo/tokscale-2/crates/tokscale-cli/src/commands/wrapped.rs
FN:98,run
FN:103,generate_wrapped
FN:158,load_wrapped_data
FN:340,build_top_agents
FN:396,generate_wrapped_image
FN:767,draw_contribution_graph
FN:839,draw_stat
FN:860,draw_text_mut_baseline
FN:897,measure_text_width
FN:915,draw_image
FN:930,draw_image_rounded
FN:965,draw_rounded_border
FN:1013,point_in_rounded_rect
FN:1038,blend_pixel_with_coverage
FN:1050,blend_pixel
FN:1086,ensure_fonts_loaded
FN:1129,fetch_and_cache_image
FN:1145,fetch_svg_and_convert_to_png
FN:1192,fetch_to_file
FN:1208,ensure_cache_dir
FN:1220,load_rgba_image
FN:1226,get_image_cache_dir
FN:1231,get_font_cache_dir
FN:1236,calculate_intensity
FN:1253,calculate_streaks
FN:1295,date_diff_days
FN:1305,format_tokens_short
FN:1317,format_cost
FN:1325,format_number_with_commas_i64
FN:1341,source_display_name
FN:1356,client_logo_url
FN:1371,provider_logo_url
FN:1382,get_provider_from_model
FN:1410,format_model_name
FN:1589,exact_model_display_name
FN:1614,split_quality_suffix
FN:1634,strip_date_suffix
FN:1664,capitalize_word
FN:1680,truncate_username
FN:1698,default_sources
FNF:40
FNDA:0,run
FNDA:0,generate_wrapped
FNDA:0,load_wrapped_data
FNDA:0,build_top_agents
FNDA:0,generate_wrapped_image
FNDA:0,draw_contribution_graph
FNDA:0,draw_stat
FNDA:0,draw_text_mut_baseline
FNDA:0,measure_text_width
FNDA:0,draw_image
FNDA:0,draw_image_rounded
FNDA:0,draw_rounded_border
FNDA:0,point_in_rounded_rect
FNDA:0,blend_pixel_with_coverage
FNDA:0,blend_pixel
FNDA:0,ensure_fonts_loaded
FNDA:0,fetch_and_cache_image
FNDA:0,fetch_svg_and_convert_to_png
FNDA:0,fetch_to_file
FNDA:0,ensure_cache_dir
FNDA:0,load_rgba_image
FNDA:0,get_image_cache_dir
FNDA:0,get_font_cache_dir
FNDA:14,calculate_intensity
FNDA:4,calculate_streaks
FNDA:20,date_diff_days
FNDA:12,format_tokens_short
FNDA:7,format_cost
FNDA:7,format_number_with_commas_i64
FNDA:0,source_display_name
FNDA:0,client_logo_url
FNDA:0,provider_logo_url
FNDA:14,get_provider_from_model
FNDA:10,format_model_name
FNDA:10,exact_model_display_name
FNDA:9,split_quality_suffix
FNDA:8,strip_date_suffix
FNDA:10,capitalize_word
FNDA:7,truncate_username
FNDA:0,default_sources
DA:98,0
DA:99,0
DA:100,0
DA:103,0
DA:104,0
DA:106,0
DA:107,0
DA:108,0
DA:110,0
DA:112,0
DA:113,0
DA:115,0
DA:116,0
DA:118,0
DA:119,0
DA:120,0
DA:121,0
DA:123,0
DA:124,0
DA:125,0
DA:126,0
DA:131,0
DA:132,0
DA:133,0
DA:134,0
DA:135,0
DA:138,0
DA:140,0
DA:141,0
DA:143,0
DA:144,0
DA:145,0
DA:146,0
DA:148,0
DA:151,0
DA:152,0
DA:153,0
DA:155,0
DA:158,0
DA:159,0
DA:160,0
DA:162,0
DA:163,0
DA:164,0
DA:166,0
DA:169,0
DA:171,0
DA:172,0
DA:174,0
DA:175,0
DA:177,0
DA:178,0
DA:181,0
DA:182,0
DA:183,0
DA:184,0
DA:185,0
DA:187,0
DA:189,0
DA:194,0
DA:195,0
DA:197,0
DA:199,0
DA:201,0
DA:204,0
DA:205,0
DA:207,0
DA:211,0
DA:214,0
DA:216,0
DA:217,0
DA:218,0
DA:219,0
DA:220,0
DA:221,0
DA:223,0
DA:226,0
DA:229,0
DA:230,0
DA:231,0
DA:232,0
DA:233,0
DA:234,0
DA:235,0
DA:237,0
DA:238,0
DA:240,0
DA:241,0
DA:242,0
DA:244,0
DA:245,0
DA:247,0
DA:248,0
DA:249,0
DA:250,0
DA:251,0
DA:252,0
DA:253,0
DA:257,0
DA:258,0
DA:259,0
DA:260,0
DA:261,0
DA:263,0
DA:264,0
DA:266,0
DA:267,0
DA:268,0
DA:269,0
DA:270,0
DA:274,0
DA:275,0
DA:276,0
DA:277,0
DA:278,0
DA:282,0
DA:283,0
DA:284,0
DA:286,0
DA:287,0
DA:288,0
DA:290,0
DA:291,0
DA:293,0
DA:294,0
DA:296,0
DA:299,0
DA:300,0
DA:302,0
DA:303,0
DA:304,0
DA:305,0
DA:307,0
DA:308,0
DA:309,0
DA:313,0
DA:315,0
DA:316,0
DA:318,0
DA:320,0
DA:321,0
DA:324,0
DA:326,0
DA:327,0
DA:328,0
DA:329,0
DA:330,0
DA:331,0
DA:332,0
DA:333,0
DA:334,0
DA:335,0
DA:336,0
DA:340,0
DA:341,0
DA:343,0
DA:344,0
DA:345,0
DA:348,0
DA:349,0
DA:352,0
DA:353,0
DA:354,0
DA:355,0
DA:356,0
DA:357,0
DA:359,0
DA:360,0
DA:361,0
DA:362,0
DA:366,0
DA:367,0
DA:370,0
DA:372,0
DA:374,0
DA:377,0
DA:378,0
DA:379,0
DA:382,0
DA:383,0
DA:384,0
DA:385,0
DA:386,0
DA:388,0
DA:390,0
DA:391,0
DA:392,0
DA:393,0
DA:396,0
DA:397,0
DA:398,0
DA:400,0
DA:401,0
DA:403,0
DA:404,0
DA:405,0
DA:407,0
DA:409,0
DA:410,0
DA:412,0
DA:413,0
DA:414,0
DA:415,0
DA:418,0
DA:419,0
DA:420,0
DA:423,0
DA:424,0
DA:426,0
DA:429,0
DA:430,0
DA:431,0
DA:434,0
DA:437,0
DA:439,0
DA:440,0
DA:442,0
DA:445,0
DA:446,0
DA:447,0
DA:450,0
DA:451,0
DA:453,0
DA:455,0
DA:456,0
DA:459,0
DA:460,0
DA:461,0
DA:464,0
DA:467,0
DA:469,0
DA:471,0
DA:472,0
DA:473,0
DA:476,0
DA:477,0
DA:480,0
DA:482,0
DA:483,0
DA:484,0
DA:485,0
DA:486,0
DA:487,0
DA:488,0
DA:491,0
DA:492,0
DA:493,0
DA:494,0
DA:495,0
DA:496,0
DA:497,0
DA:500,0
DA:501,0
DA:502,0
DA:503,0
DA:504,0
DA:505,0
DA:506,0
DA:507,0
DA:510,0
DA:517,0
DA:518,0
DA:519,0
DA:521,0
DA:522,0
DA:523,0
DA:525,0
DA:527,0
DA:529,0
DA:531,0
DA:532,0
DA:533,0
DA:536,0
DA:539,0
DA:541,0
DA:542,0
DA:544,0
DA:545,0
DA:546,0
DA:547,0
DA:548,0
DA:550,0
DA:552,0
DA:553,0
DA:555,0
DA:559,0
DA:560,0
DA:561,0
DA:562,0
DA:564,0
DA:565,0
DA:568,0
DA:569,0
DA:572,0
DA:573,0
DA:574,0
DA:576,0
DA:579,0
DA:580,0
DA:581,0
DA:582,0
DA:583,0
DA:584,0
DA:585,0
DA:588,0
DA:589,0
DA:591,0
DA:594,0
DA:595,0
DA:596,0
DA:598,0
DA:599,0
DA:600,0
DA:603,0
DA:607,0
DA:608,0
DA:609,0
DA:612,0
DA:615,0
DA:617,0
DA:619,0
DA:620,0
DA:621,0
DA:624,0
DA:625,0
DA:628,0
DA:629,0
DA:631,0
DA:632,0
DA:633,0
DA:634,0
DA:635,0
DA:636,0
DA:639,0
DA:640,0
DA:641,0
DA:642,0
DA:645,0
DA:646,0
DA:647,0
DA:648,0
DA:649,0
DA:650,0
DA:651,0
DA:654,0
DA:655,0
DA:656,0
DA:657,0
DA:658,0
DA:659,0
DA:660,0
DA:661,0
DA:668,0
DA:669,0
DA:670,0
DA:672,0
DA:673,0
DA:674,0
DA:676,0
DA:680,0
DA:682,0
DA:683,0
DA:686,0
DA:687,0
DA:689,0
DA:691,0
DA:694,0
DA:695,0
DA:696,0
DA:697,0
DA:699,0
DA:702,0
DA:703,0
DA:705,0
DA:707,0
DA:710,0
DA:711,0
DA:712,0
DA:713,0
DA:715,0
DA:719,0
DA:720,0
DA:721,0
DA:723,0
DA:724,0
DA:727,0
DA:728,0
DA:731,0
DA:732,0
DA:734,0
DA:736,0
DA:738,0
DA:740,0
DA:741,0
DA:742,0
DA:743,0
DA:744,0
DA:745,0
DA:749,0
DA:750,0
DA:751,0
DA:752,0
DA:754,0
DA:755,0
DA:756,0
DA:757,0
DA:758,0
DA:759,0
DA:764,0
DA:767,0
DA:775,0
DA:776,0
DA:778,0
DA:779,0
DA:780,0
DA:782,0
DA:783,0
DA:786,0
DA:787,0
DA:789,0
DA:793,0
DA:794,0
DA:796,0
DA:797,0
DA:799,0
DA:801,0
DA:802,0
DA:803,0
DA:804,0
DA:806,0
DA:807,0
DA:808,0
DA:809,0
DA:810,0
DA:811,0
DA:814,0
DA:815,0
DA:817,0
DA:818,0
DA:819,0
DA:821,0
DA:822,0
DA:824,0
DA:825,0
DA:828,0
DA:829,0
DA:830,0
DA:831,0
DA:834,0
DA:835,0
DA:839,0
DA:841,0
DA:842,0
DA:843,0
DA:845,0
DA:846,0
DA:847,0
DA:850,0
DA:851,0
DA:852,0
DA:854,0
DA:855,0
DA:856,0
DA:860,0
DA:869,0
DA:870,0
DA:872,0
DA:873,0
DA:874,0
DA:876,0
DA:877,0
DA:878,0
DA:879,0
DA:882,0
DA:883,0
DA:884,0
DA:885,0
DA:886,0
DA:887,0
DA:888,0
DA:892,0
DA:893,0
DA:897,0
DA:898,0
DA:899,0
DA:900,0
DA:901,0
DA:903,0
DA:904,0
DA:905,0
DA:906,0
DA:908,0
DA:909,0
DA:912,0
DA:915,0
DA:916,0
DA:917,0
DA:920,0
DA:921,0
DA:922,0
DA:923,0
DA:924,0
DA:925,0
DA:930,0
DA:939,0
DA:940,0
DA:943,0
DA:944,0
DA:945,0
DA:946,0
DA:947,0
DA:948,0
DA:950,0
DA:951,0
DA:952,0
DA:953,0
DA:954,0
DA:955,0
DA:956,0
DA:958,0
DA:959,0
DA:965,0
DA:975,0
DA:976,0
DA:979,0
DA:980,0
DA:981,0
DA:982,0
DA:984,0
DA:985,0
DA:986,0
DA:987,0
DA:988,0
DA:989,0
DA:990,0
DA:992,0
DA:993,0
DA:997,0
DA:998,0
DA:999,0
DA:1000,0
DA:1001,0
DA:1002,0
DA:1003,0
DA:1006,0
DA:1007,0
DA:1013,0
DA:1022,0
DA:1023,0
DA:1026,0
DA:1027,0
DA:1028,0
DA:1031,0
DA:1032,0
DA:1033,0
DA:1034,0
DA:1035,0
DA:1038,0
DA:1045,0
DA:1046,0
DA:1047,0
DA:1050,0
DA:1051,0
DA:1052,0
DA:1055,0
DA:1056,0
DA:1057,0
DA:1058,0
DA:1061,0
DA:1062,0
DA:1063,0
DA:1064,0
DA:1067,0
DA:1068,0
DA:1070,0
DA:1071,0
DA:1072,0
DA:1075,0
DA:1076,0
DA:1077,0
DA:1078,0
DA:1079,0
DA:1080,0
DA:1083,0
DA:1086,0
DA:1087,0
DA:1088,0
DA:1090,0
DA:1091,0
DA:1093,0
DA:1094,0
DA:1096,0
DA:1097,0
DA:1100,0
DA:1101,0
DA:1103,0
DA:1105,0
DA:1107,0
DA:1108,0
DA:1110,0
DA:1112,0
DA:1115,0
DA:1116,0
DA:1117,0
DA:1118,0
DA:1120,0
DA:1126,0
DA:1129,0
DA:1134,0
DA:1135,0
DA:1137,0
DA:1138,0
DA:1139,0
DA:1142,0
DA:1145,0
DA:1151,0
DA:1152,0
DA:1154,0
DA:1155,0
DA:1156,0
DA:1159,0
DA:1160,0
DA:1162,0
DA:1163,0
DA:1164,0
DA:1165,0
DA:1168,0
DA:1169,0
DA:1170,0
DA:1171,0
DA:1173,0
DA:1174,0
DA:1175,0
DA:1176,0
DA:1177,0
DA:1179,0
DA:1180,0
DA:1181,0
DA:1182,0
DA:1184,0
DA:1186,0
DA:1187,0
DA:1189,0
DA:1192,0
DA:1193,0
DA:1194,0
DA:1196,0
DA:1197,0
DA:1199,0
DA:1200,0
DA:1203,0
DA:1204,0
DA:1205,0
DA:1208,0
DA:1209,0
DA:1210,0
DA:1214,0
DA:1217,0
DA:1220,0
DA:1221,0
DA:1222,0
DA:1223,0
DA:1226,0
DA:1227,0
DA:1228,0
DA:1231,0
DA:1232,0
DA:1233,0
DA:1236,14
DA:1237,26
DA:1238,2
DA:1241,24
DA:1242,12
DA:1243,3
DA:1244,9
DA:1245,3
DA:1246,6
DA:1247,3
DA:1249,3
DA:1253,4
DA:1254,8
DA:1255,1
DA:1258,12
DA:1259,6
DA:1260,6
DA:1261,6
DA:1263,9
DA:1264,6
DA:1265,12
DA:1266,3
DA:1267,0
DA:1269,3
DA:1272,0
DA:1273,0
DA:1274,0
DA:1276,0
DA:1281,10
DA:1282,28
DA:1283,13
DA:1284,6
DA:1286,2
DA:1287,1
DA:1290,6
DA:1292,3
DA:1295,20
DA:1296,80
DA:1297,80
DA:1299,40
DA:1300,85
DA:1301,3
DA:1305,12
DA:1306,12
DA:1307,6
DA:1308,9
DA:1309,6
DA:1310,6
DA:1311,6
DA:1313,6
DA:1317,7
DA:1318,7
DA:1319,4
DA:1321,5
DA:1325,7
DA:1326,21
DA:1327,21
DA:1328,42
DA:1330,21
DA:1331,82
DA:1332,122
DA:1333,7
DA:1335,102
DA:1338,7
DA:1341,0
DA:1342,0
DA:1343,0
DA:1344,0
DA:1345,0
DA:1346,0
DA:1347,0
DA:1348,0
DA:1349,0
DA:1350,0
DA:1351,0
DA:1352,0
DA:1356,0
DA:1357,0
DA:1358,0
DA:1359,0
DA:1360,0
DA:1361,0
DA:1362,0
DA:1363,0
DA:1364,0
DA:1365,0
DA:1366,0
DA:1367,0
DA:1371,0
DA:1372,0
DA:1373,0
DA:1374,0
DA:1375,0
DA:1376,0
DA:1377,0
DA:1378,0
DA:1382,14
DA:1383,42
DA:1384,14
DA:1385,13
DA:1386,13
DA:1387,12
DA:1389,3
DA:1391,11
DA:1392,10
DA:1393,9
DA:1394,9
DA:1396,3
DA:1398,8
DA:1399,2
DA:1401,6
DA:1402,2
DA:1404,7
DA:1405,2
DA:1407,2
DA:1410,10
DA:1411,17
DA:1412,14
DA:1415,9
DA:1416,6
DA:1418,3
DA:1419,0
DA:1420,0
DA:1421,0
DA:1422,0
DA:1423,0
DA:1425,0
DA:1429,3
DA:1430,0
DA:1431,3
DA:1432,0
DA:1435,9
DA:1437,6
DA:1440,45
DA:1443,3
DA:1444,0
DA:1446,3
DA:1447,0
DA:1449,3
DA:1450,0
DA:1452,3
DA:1453,0
DA:1455,3
DA:1456,0
DA:1458,3
DA:1459,0
DA:1461,3
DA:1462,0
DA:1464,3
DA:1465,0
DA:1467,3
DA:1468,0
DA:1470,3
DA:1471,0
DA:1473,3
DA:1474,0
DA:1476,3
DA:1477,0
DA:1479,3
DA:1480,0
DA:1482,3
DA:1483,0
DA:1485,3
DA:1486,0
DA:1488,3
DA:1489,0
DA:1491,3
DA:1492,1
DA:1494,2
DA:1495,0
DA:1497,2
DA:1498,0
DA:1500,2
DA:1501,0
DA:1503,2
DA:1504,1
DA:1506,1
DA:1507,0
DA:1509,1
DA:1510,0
DA:1512,1
DA:1513,0
DA:1515,1
DA:1516,0
DA:1518,1
DA:1519,0
DA:1521,1
DA:1522,0
DA:1524,1
DA:1525,0
DA:1527,1
DA:1528,0
DA:1530,1
DA:1531,0
DA:1533,1
DA:1534,0
DA:1536,1
DA:1537,0
DA:1539,1
DA:1540,0
DA:1542,1
DA:1543,0
DA:1545,1
DA:1546,0
DA:1548,1
DA:1549,0
DA:1551,1
DA:1552,0
DA:1554,1
DA:1555,0
DA:1557,1
DA:1558,0
DA:1561,2
DA:1562,2
DA:1563,2
DA:1564,3
DA:1565,1
DA:1566,0
DA:1567,0
DA:1568,0
DA:1569,0
DA:1570,0
DA:1573,3
DA:1574,1
DA:1575,3
DA:1576,1
DA:1582,2
DA:1583,0
DA:1585,1
DA:1589,10
DA:1590,10
DA:1591,11
DA:1592,10
DA:1593,8
DA:1594,9
DA:1595,7
DA:1596,8
DA:1597,7
DA:1598,5
DA:1599,5
DA:1600,5
DA:1601,5
DA:1602,5
DA:1603,6
DA:1604,4
DA:1605,4
DA:1606,4
DA:1607,5
DA:1608,3
DA:1609,3
DA:1610,3
DA:1614,9
DA:1615,27
DA:1617,79
DA:1618,18
DA:1619,18
DA:1620,18
DA:1621,18
DA:1622,18
DA:1623,9
DA:1625,70
DA:1626,36
DA:1627,12
DA:1631,6
DA:1634,8
DA:1635,16
DA:1636,8
DA:1637,10
DA:1638,10
DA:1639,43
DA:1640,4
DA:1645,16
DA:1646,16
DA:1647,36
DA:1648,7
DA:1649,3
DA:1650,2
DA:1651,0
DA:1652,0
DA:1653,0
DA:1655,0
DA:1661,8
DA:1664,10
DA:1665,20
DA:1666,1
DA:1669,27
DA:1670,18
DA:1671,0
DA:1674,18
DA:1675,36
DA:1676,27
DA:1677,9
DA:1680,7
DA:1681,14
DA:1682,1
DA:1685,24
DA:1686,6
DA:1687,3
DA:1690,3
DA:1691,1
DA:1694,12
DA:1695,2
DA:1698,0
DA:1699,0
DA:1700,0
DA:1701,0
DA:1702,0
DA:1703,0
DA:1704,0
DA:1705,0
DA:1706,0
DA:1707,0
DA:1708,0
LF:981
LH:209
end_of_record
TN:
SF:/Users/junhoyeo/tokscale-2/crates/tokscale-cli/src/cursor.rs
FN:9,home_dir
FN:59,get_cursor_credentials_path
FN:63,get_old_cursor_credentials_path
FN:67,get_cursor_cache_dir
FN:71,get_old_cursor_cache_dir
FN:75,migrate_cache_dir_from_old_path
FN:91,copy_dir_recursive
FN:106,build_cursor_headers
FN:129,count_cursor_csv_rows
FN:137,atomic_write_file
FN:196,ensure_config_dir
FN:210,extract_user_id_from_session_token
FN:229,derive_account_id
FN:240,sanitize_account_id_for_filename
FN:266,load_credentials_store
FN:322,save_credentials_store
FN:337,resolve_account_id
FN:359,list_accounts
FN:393,find_account
FN:407,save_credentials
FN:449,remove_account
FN:511,remove_all_accounts
FN:535,set_active_account
FN:554,reconcile_cache_files
FN:587,load_active_credentials
FN:592,is_cursor_usage_csv_filename
FN:609,has_cursor_usage_cache
FN:628,is_cursor_logged_in
FN:632,load_credentials_for
FN:645,validate_cursor_session
FN:720,fetch_cursor_usage_csv
FN:749,sync_cursor_cache
FN:863,archive_cache_file
FN:882,run_cursor_login
FN:948,run_cursor_logout
FN:992,run_cursor_status
FN:1051,run_cursor_accounts
FN:1091,run_cursor_switch
FNF:38
FNDA:0,home_dir
FNDA:0,get_cursor_credentials_path
FNDA:0,get_old_cursor_credentials_path
FNDA:0,get_cursor_cache_dir
FNDA:0,get_old_cursor_cache_dir
FNDA:0,migrate_cache_dir_from_old_path
FNDA:5,copy_dir_recursive
FNDA:0,build_cursor_headers
FNDA:5,count_cursor_csv_rows
FNDA:5,atomic_write_file
FNDA:0,ensure_config_dir
FNDA:14,extract_user_id_from_session_token
FNDA:5,derive_account_id
FNDA:12,sanitize_account_id_for_filename
FNDA:0,load_credentials_store
FNDA:0,save_credentials_store
FNDA:0,resolve_account_id
FNDA:0,list_accounts
FNDA:0,find_account
FNDA:0,save_credentials
FNDA:0,remove_account
FNDA:0,remove_all_accounts
FNDA:0,set_active_account
FNDA:0,reconcile_cache_files
FNDA:0,load_active_credentials
FNDA:0,is_cursor_usage_csv_filename
FNDA:0,has_cursor_usage_cache
FNDA:0,is_cursor_logged_in
FNDA:0,load_credentials_for
FNDA:0,validate_cursor_session
FNDA:0,fetch_cursor_usage_csv
FNDA:0,sync_cursor_cache
FNDA:0,archive_cache_file
FNDA:0,run_cursor_login
FNDA:0,run_cursor_logout
FNDA:0,run_cursor_status
FNDA:0,run_cursor_accounts
FNDA:0,run_cursor_switch
DA:9,0
DA:10,0
DA:59,0
DA:60,0
DA:63,0
DA:64,0
DA:67,0
DA:68,0
DA:71,0
DA:72,0
DA:75,0
DA:76,0
DA:77,0
DA:79,0
DA:80,0
DA:82,0
DA:83,0
DA:84,0
DA:85,0
DA:91,5
DA:92,17
DA:93,14
DA:94,21
DA:95,35
DA:96,7
DA:97,4
DA:98,6
DA:100,15
DA:103,5
DA:106,0
DA:109,0
DA:110,0
DA:111,0
DA:113,0
DA:115,0
DA:116,0
DA:118,0
DA:120,0
DA:122,0
DA:124,0
DA:126,0
DA:129,5
DA:130,10
DA:133,15
DA:134,32
DA:137,5
DA:138,10
DA:140,5
DA:141,5
DA:142,2
DA:145,10
DA:147,10
DA:148,15
DA:149,10
DA:150,5
DA:152,20
DA:159,10
DA:164,10
DA:165,15
DA:173,10
DA:174,0
DA:175,0
DA:176,0
DA:177,0
DA:179,0
DA:180,0
DA:181,0
DA:182,0
DA:183,0
DA:184,0
DA:189,0
DA:190,0
DA:193,5
DA:196,0
DA:197,0
DA:199,0
DA:200,0
DA:204,0
DA:207,0
DA:210,14
DA:211,42
DA:212,28
DA:213,16
DA:214,8
DA:215,1
DA:217,3
DA:219,20
DA:220,16
DA:221,8
DA:222,1
DA:224,3
DA:226,6
DA:229,5
DA:230,7
DA:231,2
DA:233,6
DA:234,12
DA:235,9
DA:236,6
DA:237,6
DA:240,12
DA:241,36
DA:245,280
DA:246,582
DA:247,261
DA:249,7
DA:253,24
DA:254,24
DA:255,1
DA:257,11
DA:259,24
DA:260,6
DA:262,18
DA:266,0
DA:267,0
DA:268,0
DA:269,0
DA:270,0
DA:271,0
DA:272,0
DA:274,0
DA:277,0
DA:279,0
DA:280,0
DA:281,0
DA:282,0
DA:283,0
DA:284,0
DA:285,0
DA:288,0
DA:289,0
DA:291,0
DA:292,0
DA:293,0
DA:296,0
DA:300,0
DA:301,0
DA:302,0
DA:303,0
DA:310,0
DA:311,0
DA:312,0
DA:313,0
DA:316,0
DA:319,0
DA:322,0
DA:323,0
DA:324,0
DA:325,0
DA:326,0
DA:331,0
DA:334,0
DA:337,0
DA:338,0
DA:339,0
DA:340,0
DA:343,0
DA:344,0
DA:347,0
DA:348,0
DA:349,0
DA:350,0
DA:351,0
DA:356,0
DA:359,0
DA:360,0
DA:361,0
DA:362,0
DA:365,0
DA:366,0
DA:368,0
DA:369,0
DA:370,0
DA:371,0
DA:372,0
DA:373,0
DA:377,0
DA:378,0
DA:379,0
DA:380,0
DA:382,0
DA:385,0
DA:386,0
DA:387,0
DA:390,0
DA:393,0
DA:394,0
DA:395,0
DA:396,0
DA:398,0
DA:399,0
DA:400,0
DA:401,0
DA:402,0
DA:403,0
DA:407,0
DA:408,0
DA:409,0
DA:411,0
DA:413,0
DA:414,0
DA:417,0
DA:418,0
DA:419,0
DA:420,0
DA:421,0
DA:422,0
DA:424,0
DA:425,0
DA:426,0
DA:434,0
DA:436,0
DA:438,0
DA:441,0
DA:442,0
DA:444,0
DA:446,0
DA:449,0
DA:450,0
DA:451,0
DA:453,0
DA:454,0
DA:456,0
DA:458,0
DA:459,0
DA:460,0
DA:461,0
DA:462,0
DA:464,0
DA:465,0
DA:466,0
DA:468,0
DA:471,0
DA:472,0
DA:473,0
DA:474,0
DA:475,0
DA:477,0
DA:483,0
DA:485,0
DA:486,0
DA:487,0
DA:488,0
DA:490,0
DA:493,0
DA:494,0
DA:495,0
DA:496,0
DA:497,0
DA:499,0
DA:500,0
DA:501,0
DA:503,0
DA:507,0
DA:508,0
DA:511,0
DA:512,0
DA:513,0
DA:514,0
DA:515,0
DA:516,0
DA:517,0
DA:518,0
DA:519,0
DA:521,0
DA:528,0
DA:529,0
DA:530,0
DA:532,0
DA:535,0
DA:536,0
DA:537,0
DA:539,0
DA:540,0
DA:542,0
DA:544,0
DA:545,0
DA:548,0
DA:549,0
DA:551,0
DA:554,0
DA:555,0
DA:556,0
DA:557,0
DA:560,0
DA:561,0
DA:562,0
DA:563,0
DA:565,0
DA:566,0
DA:567,0
DA:570,0
DA:571,0
DA:572,0
DA:574,0
DA:577,0
DA:578,0
DA:579,0
DA:581,0
DA:584,0
DA:587,0
DA:588,0
DA:589,0
DA:592,0
DA:593,0
DA:594,0
DA:596,0
DA:597,0
DA:599,0
DA:600,0
DA:602,0
DA:603,0
DA:604,0
DA:605,0
DA:606,0
DA:609,0
DA:610,0
DA:611,0
DA:612,0
DA:613,0
DA:615,0
DA:616,0
DA:619,0
DA:620,0
DA:621,0
DA:622,0
DA:623,0
DA:624,0
DA:628,0
DA:629,0
DA:632,0
DA:633,0
DA:634,0
DA:635,0
DA:645,0
DA:646,0
DA:647,0
DA:648,0
DA:649,0
DA:650,0
DA:651,0
DA:653,0
DA:654,0
DA:655,0
DA:656,0
DA:657,0
DA:658,0
DA:663,0
DA:664,0
DA:666,0
DA:667,0
DA:668,0
DA:669,0
DA:673,0
DA:674,0
DA:675,0
DA:676,0
DA:677,0
DA:681,0
DA:682,0
DA:683,0
DA:684,0
DA:685,0
DA:686,0
DA:687,0
DA:692,0
DA:694,0
DA:696,0
DA:698,0
DA:701,0
DA:702,0
DA:704,0
DA:705,0
DA:715,0
DA:720,0
DA:721,0
DA:722,0
DA:723,0
DA:724,0
DA:726,0
DA:728,0
DA:729,0
DA:731,0
DA:736,0
DA:737,0
DA:740,0
DA:742,0
DA:743,0
DA:746,0
DA:749,0
DA:750,0
DA:752,0
DA:753,0
DA:755,0
DA:756,0
DA:757,0
DA:758,0
DA:763,0
DA:764,0
DA:765,0
DA:766,0
DA:767,0
DA:771,0
DA:772,0
DA:773,0
DA:774,0
DA:775,0
DA:776,0
DA:777,0
DA:781,0
DA:782,0
DA:783,0
DA:784,0
DA:785,0
DA:791,0
DA:794,0
DA:795,0
DA:796,0
DA:798,0
DA:799,0
DA:802,0
DA:803,0
DA:804,0
DA:806,0
DA:807,0
DA:809,0
DA:810,0
DA:811,0
DA:812,0
DA:814,0
DA:815,0
DA:816,0
DA:820,0
DA:822,0
DA:823,0
DA:825,0
DA:826,0
DA:829,0
DA:830,0
DA:835,0
DA:840,0
DA:841,0
DA:842,0
DA:843,0
DA:851,0
DA:863,0
DA:864,0
DA:865,0
DA:866,0
DA:867,0
DA:871,0
DA:875,0
DA:876,0
DA:877,0
DA:878,0
DA:879,0
DA:882,0
DA:886,0
DA:888,0
DA:890,0
DA:891,0
DA:892,0
DA:894,0
DA:895,0
DA:896,0
DA:898,0
DA:900,0
DA:901,0
DA:905,0
DA:906,0
DA:907,0
DA:908,0
DA:910,0
DA:911,0
DA:912,0
DA:915,0
DA:916,0
DA:918,0
DA:920,0
DA:921,0
DA:922,0
DA:923,0
DA:924,0
DA:926,0
DA:928,0
DA:931,0
DA:933,0
DA:934,0
DA:936,0
DA:937,0
DA:938,0
DA:940,0
DA:942,0
DA:943,0
DA:945,0
DA:948,0
DA:951,0
DA:952,0
DA:953,0
DA:954,0
DA:955,0
DA:958,0
DA:959,0
DA:960,0
DA:963,0
DA:964,0
DA:965,0
DA:967,0
DA:969,0
DA:972,0
DA:973,0
DA:974,0
DA:976,0
DA:977,0
DA:978,0
DA:979,0
DA:980,0
DA:981,0
DA:983,0
DA:984,0
DA:986,0
DA:989,0
DA:992,0
DA:996,0
DA:998,0
DA:999,0
DA:1001,0
DA:1004,0
DA:1005,0
DA:1007,0
DA:1008,0
DA:1009,0
DA:1010,0
DA:1013,0
DA:1014,0
DA:1015,0
DA:1016,0
DA:1019,0
DA:1023,0
DA:1025,0
DA:1026,0
DA:1027,0
DA:1028,0
DA:1031,0
DA:1033,0
DA:1035,0
DA:1036,0
DA:1037,0
DA:1038,0
DA:1041,0
DA:1042,0
DA:1043,0
DA:1044,0
DA:1046,0
DA:1048,0
DA:1051,0
DA:1054,0
DA:1056,0
DA:1061,0
DA:1062,0
DA:1063,0
DA:1066,0
DA:1067,0
DA:1068,0
DA:1071,0
DA:1072,0
DA:1073,0
DA:1074,0
DA:1076,0
DA:1078,0
DA:1079,0
DA:1080,0
DA:1082,0
DA:1084,0
DA:1086,0
DA:1088,0
DA:1091,0
DA:1094,0
DA:1095,0
DA:1097,0
DA:1100,0
LF:581
LH:64
end_of_record
TN:
SF:/Users/junhoyeo/tokscale-2/crates/tokscale-cli/src/main.rs
FN:414,main
FN:795,build_source_filter
FN:832,build_date_filter
FN:869,normalize_year_filter
FN:882,get_date_range_label
FN:933,LightSpinner::start
FN:963,LightSpinner::stop
FN:967,LightSpinner::stop_inner
FN:974,LightSpinner::frame
FN:1002,LightSpinner::scanner_state
FN:1024,<impl Drop for LightSpinner>::drop
FN:1029,run_models_report
FN:1411,run_monthly_report
FN:1669,run_wrapped_command
FN:1712,run_pricing_lookup
FN:1880,format_currency
FN:1884,dim_borders
FN:1901,format_model_name
FN:1912,capitalize_source
FN:1927,run_sources_command
FN:2246,get_headless_roots
FN:2263,get_codex_home
FN:2271,describe_path
FN:2284,format_number
FN:2379,to_ts_token_contribution_data
FN:2457,run_login_command
FN:2464,run_logout_command
FN:2468,run_whoami_command
FN:2472,prompt_star_repo
FN:2522,run_graph_command
FN:2653,run_submit_command
FN:2876,run_cursor_command
FN:2890,format_tokens_with_commas
FN:2904,run_headless_command
FNF:34
FNDA:22,main
FNDA:6,build_source_filter
FNDA:4,build_date_filter
FNDA:7,normalize_year_filter
FNDA:9,get_date_range_label
FNDA:0,LightSpinner::start
FNDA:0,LightSpinner::stop
FNDA:0,LightSpinner::stop_inner
FNDA:3,LightSpinner::frame
FNDA:12,LightSpinner::scanner_state
FNDA:0,<impl Drop for LightSpinner>::drop
FNDA:2,run_models_report
FNDA:0,run_monthly_report
FNDA:0,run_wrapped_command
FNDA:0,run_pricing_lookup
FNDA:9,format_currency
FNDA:2,dim_borders
FNDA:0,format_model_name
FNDA:10,capitalize_source
FNDA:0,run_sources_command
FNDA:0,get_headless_roots
FNDA:0,get_codex_home
FNDA:0,describe_path
FNDA:0,format_number
FNDA:0,to_ts_token_contribution_data
FNDA:0,run_login_command
FNDA:0,run_logout_command
FNDA:0,run_whoami_command
FNDA:0,prompt_star_repo
FNDA:0,run_graph_command
FNDA:0,run_submit_command
FNDA:0,run_cursor_command
FNDA:14,format_tokens_with_commas
FNDA:1,run_headless_command
DA:414,22
DA:417,44
DA:418,66
DA:420,22
DA:421,0
DA:424,3
DA:426,2
DA:427,2
DA:428,2
DA:429,2
DA:430,2
DA:431,2
DA:432,2
DA:433,2
DA:434,2
DA:435,2
DA:436,2
DA:437,2
DA:438,2
DA:439,2
DA:440,2
DA:441,2
DA:442,2
DA:443,2
DA:444,2
DA:445,2
DA:449,8
DA:450,0
DA:451,0
DA:453,6
DA:454,4
DA:455,4
DA:456,4
DA:457,4
DA:458,4
DA:459,4
DA:460,4
DA:461,2
DA:462,2
DA:464,14
DA:465,12
DA:466,4
DA:468,2
DA:469,2
DA:470,2
DA:471,2
DA:472,2
DA:473,2
DA:474,4
DA:475,2
DA:476,2
DA:477,2
DA:478,2
DA:482,0
DA:483,0
DA:484,0
DA:485,0
DA:486,0
DA:487,0
DA:488,0
DA:489,0
DA:494,0
DA:495,0
DA:496,0
DA:497,0
DA:498,0
DA:499,0
DA:500,0
DA:501,0
DA:502,0
DA:503,0
DA:504,0
DA:505,0
DA:506,0
DA:507,0
DA:508,0
DA:509,0
DA:510,0
DA:511,0
DA:512,0
DA:514,0
DA:515,0
DA:516,0
DA:517,0
DA:518,0
DA:519,0
DA:520,0
DA:521,0
DA:522,0
DA:523,0
DA:525,0
DA:526,0
DA:527,0
DA:529,0
DA:530,0
DA:531,0
DA:532,0
DA:533,0
DA:534,0
DA:535,0
DA:536,0
DA:537,0
DA:538,0
DA:542,0
DA:543,0
DA:544,0
DA:545,0
DA:546,0
DA:547,0
DA:548,0
DA:549,0
DA:554,0
DA:555,0
DA:556,0
DA:557,0
DA:558,0
DA:559,0
DA:560,0
DA:561,0
DA:562,0
DA:564,0
DA:565,0
DA:566,0
DA:567,0
DA:568,0
DA:569,0
DA:570,0
DA:571,0
DA:572,0
DA:573,0
DA:574,0
DA:575,0
DA:576,0
DA:577,0
DA:578,0
DA:579,0
DA:580,0
DA:581,0
DA:583,0
DA:584,0
DA:585,0
DA:586,0
DA:587,0
DA:588,0
DA:589,0
DA:590,0
DA:591,0
DA:592,0
DA:594,0
DA:595,0
DA:596,0
DA:599,0
DA:600,0
DA:601,0
DA:602,0
DA:603,0
DA:604,0
DA:605,0
DA:606,0
DA:607,0
DA:608,0
DA:609,0
DA:610,0
DA:611,0
DA:612,0
DA:613,0
DA:615,0
DA:616,0
DA:617,0
DA:618,0
DA:619,0
DA:620,0
DA:621,0
DA:622,0
DA:623,0
DA:624,0
DA:626,0
DA:627,0
DA:629,0
DA:630,0
DA:631,0
DA:632,0
DA:633,0
DA:634,0
DA:635,0
DA:636,0
DA:640,0
DA:641,0
DA:642,0
DA:643,0
DA:644,0
DA:645,0
DA:646,0
DA:647,0
DA:648,0
DA:649,0
DA:650,0
DA:651,0
DA:652,0
DA:653,0
DA:654,0
DA:655,0
DA:657,0
DA:658,0
DA:659,0
DA:660,0
DA:661,0
DA:662,0
DA:663,0
DA:664,0
DA:665,0
DA:666,0
DA:668,0
DA:669,0
DA:670,0
DA:673,1
DA:674,1
DA:675,1
DA:676,1
DA:677,1
DA:678,6
DA:680,0
DA:681,0
DA:682,0
DA:683,0
DA:684,0
DA:685,0
DA:686,0
DA:687,0
DA:688,0
DA:689,0
DA:690,0
DA:691,0
DA:692,0
DA:693,0
DA:694,0
DA:697,0
DA:698,0
DA:699,0
DA:700,0
DA:701,0
DA:702,0
DA:703,0
DA:704,0
DA:705,0
DA:706,0
DA:709,0
DA:710,0
DA:711,0
DA:712,0
DA:713,0
DA:714,0
DA:715,0
DA:718,0
DA:720,57
DA:721,38
DA:722,38
DA:723,38
DA:724,38
DA:725,38
DA:726,38
DA:727,38
DA:728,19
DA:729,19
DA:731,38
DA:732,95
DA:733,114
DA:734,76
DA:735,0
DA:736,0
DA:739,19
DA:741,0
DA:742,0
DA:743,0
DA:744,0
DA:745,0
DA:746,0
DA:747,0
DA:748,0
DA:749,0
DA:750,0
DA:751,0
DA:753,19
DA:756,19
DA:757,19
DA:758,19
DA:759,19
DA:760,19
DA:761,38
DA:762,19
DA:763,19
DA:764,19
DA:765,19
DA:769,0
DA:770,0
DA:771,0
DA:772,0
DA:773,0
DA:774,0
DA:775,0
DA:776,0
DA:795,6
DA:796,12
DA:797,9
DA:798,9
DA:800,8
DA:801,6
DA:803,7
DA:804,3
DA:806,7
DA:807,3
DA:809,7
DA:810,3
DA:812,7
DA:813,3
DA:815,7
DA:816,3
DA:818,7
DA:819,3
DA:821,8
DA:822,6
DA:825,12
DA:826,3
DA:828,3
DA:832,4
DA:843,4
DA:844,0
DA:845,0
DA:848,4
DA:849,0
DA:850,0
DA:851,0
DA:852,0
DA:853,0
DA:857,4
DA:858,0
DA:859,0
DA:860,0
DA:861,0
DA:862,0
DA:866,4
DA:869,7
DA:875,18
DA:876,3
DA:878,4
DA:882,9
DA:890,9
DA:891,1
DA:893,8
DA:894,1
DA:896,7
DA:897,0
DA:898,0
DA:900,9
DA:901,2
DA:903,10
DA:904,11
DA:905,6
DA:907,9
DA:908,4
DA:910,10
DA:911,1
DA:913,8
DA:933,0
DA:934,0
DA:935,0
DA:936,0
DA:938,0
DA:939,0
DA:940,0
DA:942,0
DA:943,0
DA:945,0
DA:946,0
DA:947,0
DA:948,0
DA:949,0
DA:950,0
DA:953,0
DA:954,0
DA:959,0
DA:963,0
DA:964,0
DA:967,0
DA:968,0
DA:969,0
DA:970,0
DA:974,3
DA:975,9
DA:976,6
DA:978,27
DA:979,48
DA:980,24
DA:981,6
DA:983,18
DA:985,0
DA:986,0
DA:988,0
DA:991,30
DA:992,36
DA:993,12
DA:995,36
DA:999,3
DA:1002,12
DA:1003,24
DA:1004,24
DA:1005,24
DA:1006,24
DA:1008,12
DA:1009,8
DA:1010,4
DA:1011,1
DA:1012,6
DA:1014,4
DA:1015,2
DA:1018,1
DA:1024,0
DA:1025,0
DA:1029,2
DA:1046,16
DA:1048,4
DA:1049,2
DA:1051,0
DA:1053,4
DA:1054,4
DA:1055,4
DA:1056,4
DA:1057,4
DA:1058,4
DA:1059,4
DA:1060,4
DA:1061,4
DA:1062,4
DA:1063,2
DA:1065,2
DA:1067,2
DA:1069,2
DA:1070,0
DA:1073,6
DA:1075,2
DA:1107,0
DA:1108,0
DA:1125,0
DA:1126,0
DA:1127,0
DA:1128,0
DA:1129,0
DA:1130,0
DA:1131,0
DA:1133,0
DA:1137,4
DA:1138,4
DA:1140,4
DA:1142,4
DA:1143,6
DA:1144,6
DA:1145,0
DA:1147,2
DA:1149,6
DA:1150,4
DA:1152,2
DA:1153,2
DA:1155,0
DA:1156,0
DA:1157,0
DA:1158,0
DA:1159,0
DA:1160,0
DA:1161,0
DA:1164,0
DA:1165,0
DA:1166,0
DA:1168,0
DA:1171,0
DA:1172,0
DA:1173,0
DA:1174,0
DA:1175,0
DA:1176,0
DA:1177,0
DA:1178,0
DA:1179,0
DA:1183,0
DA:1184,0
DA:1185,0
DA:1186,0
DA:1187,0
DA:1188,0
DA:1189,0
DA:1190,0
DA:1191,0
DA:1192,0
DA:1193,0
DA:1194,0
DA:1195,0
DA:1196,0
DA:1197,0
DA:1201,6
DA:1202,6
DA:1203,6
DA:1204,6
DA:1205,6
DA:1206,6
DA:1207,6
DA:1210,2
DA:1211,0
DA:1212,0
DA:1213,0
DA:1214,0
DA:1215,0
DA:1216,0
DA:1217,0
DA:1218,0
DA:1219,0
DA:1223,6
DA:1224,2
DA:1225,4
DA:1226,4
DA:1227,2
DA:1228,2
DA:1229,6
DA:1230,4
DA:1231,4
DA:1232,6
DA:1233,4
DA:1234,4
DA:1235,6
DA:1236,4
DA:1237,4
DA:1242,0
DA:1244,0
DA:1245,0
DA:1246,0
DA:1247,0
DA:1248,0
DA:1249,0
DA:1250,0
DA:1251,0
DA:1252,0
DA:1253,0
DA:1256,0
DA:1257,0
DA:1259,0
DA:1260,0
DA:1262,0
DA:1265,0
DA:1266,0
DA:1267,0
DA:1268,0
DA:1269,0
DA:1270,0
DA:1271,0
DA:1272,0
DA:1273,0
DA:1274,0
DA:1275,0
DA:1276,0
DA:1277,0
DA:1278,0
DA:1279,0
DA:1283,0
DA:1284,0
DA:1285,0
DA:1286,0
DA:1287,0
DA:1288,0
DA:1289,0
DA:1290,0
DA:1291,0
DA:1292,0
DA:1293,0
DA:1294,0
DA:1295,0
DA:1296,0
DA:1297,0
DA:1298,0
DA:1299,0
DA:1300,0
DA:1301,0
DA:1302,0
DA:1303,0
DA:1304,0
DA:1305,0
DA:1306,0
DA:1307,0
DA:1308,0
DA:1309,0
DA:1310,0
DA:1314,0
DA:1315,0
DA:1316,0
DA:1317,0
DA:1318,0
DA:1319,0
DA:1320,0
DA:1321,0
DA:1322,0
DA:1323,0
DA:1324,0
DA:1327,0
DA:1328,0
DA:1330,0
DA:1331,0
DA:1332,0
DA:1333,0
DA:1334,0
DA:1335,0
DA:1336,0
DA:1337,0
DA:1338,0
DA:1339,0
DA:1340,0
DA:1341,0
DA:1342,0
DA:1343,0
DA:1344,0
DA:1345,0
DA:1349,0
DA:1350,0
DA:1351,0
DA:1352,0
DA:1353,0
DA:1354,0
DA:1355,0
DA:1356,0
DA:1357,0
DA:1358,0
DA:1359,0
DA:1360,0
DA:1361,0
DA:1362,0
DA:1363,0
DA:1364,0
DA:1365,0
DA:1366,0
DA:1367,0
DA:1368,0
DA:1369,0
DA:1370,0
DA:1371,0
DA:1372,0
DA:1373,0
DA:1374,0
DA:1375,0
DA:1376,0
DA:1377,0
DA:1383,4
DA:1384,4
DA:1385,0
DA:1387,2
DA:1388,6
DA:1390,2
DA:1391,2
DA:1392,2
DA:1394,4
DA:1395,4
DA:1396,4
DA:1399,2
DA:1401,0
DA:1403,0
DA:1408,2
DA:1411,0
DA:1427,0
DA:1429,0
DA:1430,0
DA:1432,0
DA:1434,0
DA:1435,0
DA:1436,0
DA:1437,0
DA:1438,0
DA:1439,0
DA:1440,0
DA:1441,0
DA:1442,0
DA:1443,0
DA:1444,0
DA:1446,0
DA:1448,0
DA:1450,0
DA:1451,0
DA:1454,0
DA:1456,0
DA:1479,0
DA:1493,0
DA:1494,0
DA:1497,0
DA:1501,0
DA:1502,0
DA:1504,0
DA:1506,0
DA:1507,0
DA:1508,0
DA:1509,0
DA:1511,0
DA:1513,0
DA:1514,0
DA:1515,0
DA:1516,0
DA:1517,0
DA:1518,0
DA:1519,0
DA:1520,0
DA:1521,0
DA:1524,0
DA:1525,0
DA:1526,0
DA:1528,0
DA:1529,0
DA:1531,0
DA:1535,0
DA:1536,0
DA:1538,0
DA:1543,0
DA:1544,0
DA:1545,0
DA:1546,0
DA:1547,0
DA:1548,0
DA:1552,0
DA:1553,0
DA:1554,0
DA:1555,0
DA:1556,0
DA:1557,0
DA:1558,0
DA:1559,0
DA:1560,0
DA:1561,0
DA:1562,0
DA:1563,0
DA:1564,0
DA:1565,0
DA:1568,0
DA:1569,0
DA:1570,0
DA:1571,0
DA:1572,0
DA:1573,0
DA:1574,0
DA:1575,0
DA:1576,0
DA:1579,0
DA:1580,0
DA:1581,0
DA:1583,0
DA:1584,0
DA:1586,0
DA:1590,0
DA:1591,0
DA:1593,0
DA:1597,0
DA:1599,0
DA:1600,0
DA:1601,0
DA:1602,0
DA:1603,0
DA:1604,0
DA:1605,0
DA:1606,0
DA:1607,0
DA:1608,0
DA:1609,0
DA:1613,0
DA:1614,0
DA:1615,0
DA:1616,0
DA:1617,0
DA:1619,0
DA:1620,0
DA:1621,0
DA:1622,0
DA:1623,0
DA:1624,0
DA:1625,0
DA:1626,0
DA:1627,0
DA:1628,0
DA:1629,0
DA:1630,0
DA:1631,0
DA:1632,0
DA:1633,0
DA:1634,0
DA:1635,0
DA:1636,0
DA:1637,0
DA:1638,0
DA:1639,0
DA:1640,0
DA:1641,0
DA:1645,0
DA:1646,0
DA:1647,0
DA:1649,0
DA:1650,0
DA:1652,0
DA:1654,0
DA:1657,0
DA:1659,0
DA:1661,0
DA:1666,0
DA:1669,0
DA:1680,0
DA:1682,0
DA:1683,0
DA:1685,0
DA:1692,0
DA:1695,0
DA:1696,0
DA:1697,0
DA:1698,0
DA:1699,0
DA:1702,0
DA:1703,0
DA:1704,0
DA:1705,0
DA:1709,0
DA:1712,0
DA:1724,0
DA:1725,0
DA:1726,0
DA:1727,0
DA:1729,0
DA:1731,0
DA:1733,0
DA:1735,0
DA:1739,0
DA:1740,0
DA:1742,0
DA:1743,0
DA:1744,0
DA:1745,0
DA:1746,0
DA:1747,0
DA:1750,0
DA:1751,0
DA:1752,0
DA:1753,0
DA:1755,0
DA:1756,0
DA:1757,0
DA:1758,0
DA:1760,0
DA:1767,0
DA:1769,0
DA:1770,0
DA:1771,0
DA:1774,0
DA:1776,0
DA:1780,0
DA:1781,0
DA:1784,0
DA:1785,0
DA:1786,0
DA:1808,0
DA:1809,0
DA:1810,0
DA:1811,0
DA:1821,0
DA:1832,0
DA:1833,0
DA:1836,0
DA:1837,0
DA:1841,0
DA:1842,0
DA:1843,0
DA:1844,0
DA:1845,0
DA:1846,0
DA:1848,0
DA:1850,0
DA:1851,0
DA:1852,0
DA:1853,0
DA:1854,0
DA:1855,0
DA:1856,0
DA:1857,0
DA:1858,0
DA:1859,0
DA:1862,0
DA:1863,0
DA:1864,0
DA:1865,0
DA:1868,0
DA:1871,0
DA:1872,0
DA:1877,0
DA:1880,9
DA:1881,9
DA:1884,2
DA:1885,6
DA:1886,6
DA:1888,868
DA:1889,2950
DA:1890,1432
DA:1891,1432
DA:1892,716
DA:1894,1012
DA:1898,2
DA:1901,0
DA:1902,0
DA:1903,0
DA:1904,0
DA:1905,0
DA:1906,0
DA:1909,0
DA:1912,10
DA:1913,10
DA:1914,12
DA:1915,11
DA:1916,10
DA:1917,9
DA:1918,8
DA:1919,7
DA:1920,6
DA:1921,5
DA:1922,4
DA:1923,3
DA:1927,0
DA:1930,0
DA:1931,0
DA:1933,0
DA:1934,0
DA:1935,0
DA:1936,0
DA:1937,0
DA:1938,0
DA:1939,0
DA:1940,0
DA:1941,0
DA:1942,0
DA:1943,0
DA:1945,0
DA:1946,0
DA:1947,0
DA:1949,0
DA:1951,0
DA:1952,0
DA:1953,0
DA:1954,0
DA:1955,0
DA:1956,0
DA:1988,0
DA:1989,0
DA:1990,0
DA:1991,0
DA:1992,0
DA:1993,0
DA:1994,0
DA:1995,0
DA:1996,0
DA:1997,0
DA:1998,0
DA:1999,0
DA:2000,0
DA:2001,0
DA:2002,0
DA:2003,0
DA:2005,0
DA:2006,0
DA:2007,0
DA:2008,0
DA:2009,0
DA:2010,0
DA:2011,0
DA:2012,0
DA:2013,0
DA:2014,0
DA:2015,0
DA:2016,0
DA:2017,0
DA:2020,0
DA:2021,0
DA:2022,0
DA:2023,0
DA:2024,0
DA:2025,0
DA:2026,0
DA:2027,0
DA:2028,0
DA:2030,0
DA:2031,0
DA:2032,0
DA:2033,0
DA:2034,0
DA:2035,0
DA:2036,0
DA:2039,0
DA:2040,0
DA:2042,0
DA:2043,0
DA:2044,0
DA:2045,0
DA:2046,0
DA:2047,0
DA:2048,0
DA:2049,0
DA:2050,0
DA:2051,0
DA:2053,0
DA:2054,0
DA:2055,0
DA:2056,0
DA:2057,0
DA:2058,0
DA:2059,0
DA:2060,0
DA:2061,0
DA:2062,0
DA:2063,0
DA:2064,0
DA:2065,0
DA:2067,0
DA:2068,0
DA:2069,0
DA:2070,0
DA:2071,0
DA:2072,0
DA:2073,0
DA:2074,0
DA:2075,0
DA:2076,0
DA:2077,0
DA:2078,0
DA:2079,0
DA:2081,0
DA:2082,0
DA:2083,0
DA:2084,0
DA:2085,0
DA:2086,0
DA:2087,0
DA:2088,0
DA:2089,0
DA:2090,0
DA:2091,0
DA:2092,0
DA:2093,0
DA:2095,0
DA:2096,0
DA:2097,0
DA:2098,0
DA:2099,0
DA:2100,0
DA:2101,0
DA:2102,0
DA:2103,0
DA:2104,0
DA:2105,0
DA:2106,0
DA:2107,0
DA:2108,0
DA:2109,0
DA:2111,0
DA:2112,0
DA:2113,0
DA:2114,0
DA:2115,0
DA:2116,0
DA:2118,0
DA:2119,0
DA:2120,0
DA:2121,0
DA:2122,0
DA:2123,0
DA:2126,0
DA:2127,0
DA:2128,0
DA:2129,0
DA:2131,0
DA:2132,0
DA:2133,0
DA:2134,0
DA:2135,0
DA:2136,0
DA:2137,0
DA:2138,0
DA:2139,0
DA:2140,0
DA:2141,0
DA:2142,0
DA:2143,0
DA:2147,0
DA:2157,0
DA:2162,0
DA:2165,0
DA:2169,0
DA:2170,0
DA:2172,0
DA:2174,0
DA:2175,0
DA:2176,0
DA:2177,0
DA:2178,0
DA:2180,0
DA:2182,0
DA:2184,0
DA:2185,0
DA:2186,0
DA:2188,0
DA:2189,0
DA:2190,0
DA:2192,0
DA:2195,0
DA:2196,0
DA:2197,0
DA:2199,0
DA:2201,0
DA:2203,0
DA:2207,0
DA:2208,0
DA:2209,0
DA:2211,0
DA:2213,0
DA:2215,0
DA:2217,0
DA:2219,0
DA:2220,0
DA:2221,0
DA:2222,0
DA:2224,0
DA:2227,0
DA:2228,0
DA:2229,0
DA:2233,0
DA:2236,0
DA:2238,0
DA:2240,0
DA:2243,0
DA:2246,0
DA:2247,0
DA:2249,0
DA:2250,0
DA:2252,0
DA:2256,0
DA:2260,0
DA:2263,0
DA:2264,0
DA:2265,0
DA:2267,0
DA:2271,0
DA:2272,0
DA:2273,0
DA:2275,0
DA:2277,0
DA:2278,0
DA:2280,0
DA:2284,0
DA:2285,0
DA:2286,0
DA:2287,0
DA:2288,0
DA:2290,0
DA:2379,0
DA:2381,0
DA:2389,0
DA:2399,0
DA:2412,0
DA:2457,0
DA:2460,0
DA:2461,0
DA:2464,0
DA:2465,0
DA:2468,0
DA:2469,0
DA:2472,0
DA:2477,0
DA:2480,0
DA:2483,0
DA:2484,0
DA:2487,0
DA:2489,0
DA:2491,0
DA:2492,0
DA:2494,0
DA:2495,0
DA:2496,0
DA:2497,0
DA:2498,0
DA:2499,0
DA:2502,0
DA:2503,0
DA:2505,0
DA:2506,0
DA:2507,0
DA:2508,0
DA:2510,0
DA:2511,0
DA:2512,0
DA:2513,0
DA:2515,0
DA:2519,0
DA:2522,0
DA:2535,0
DA:2536,0
DA:2538,0
DA:2539,0
DA:2540,0
DA:2542,0
DA:2543,0
DA:2544,0
DA:2547,0
DA:2548,0
DA:2550,0
DA:2552,0
DA:2553,0
DA:2555,0
DA:2556,0
DA:2557,0
DA:2558,0
DA:2559,0
DA:2560,0
DA:2561,0
DA:2562,0
DA:2563,0
DA:2564,0
DA:2566,0
DA:2568,0
DA:2570,0
DA:2571,0
DA:2572,0
DA:2574,0
DA:2575,0
DA:2577,0
DA:2579,0
DA:2581,0
DA:2583,0
DA:2584,0
DA:2585,0
DA:2586,0
DA:2587,0
DA:2589,0
DA:2591,0
DA:2593,0
DA:2594,0
DA:2595,0
DA:2597,0
DA:2600,0
DA:2601,0
DA:2603,0
DA:2605,0
DA:2606,0
DA:2607,0
DA:2608,0
DA:2609,0
DA:2610,0
DA:2611,0
DA:2613,0
DA:2615,0
DA:2616,0
DA:2617,0
DA:2623,0
DA:2626,0
DA:2653,0
DA:2665,0
DA:2666,0
DA:2668,0
DA:2669,0
DA:2670,0
DA:2674,0
DA:2675,0
DA:2678,0
DA:2680,0
DA:2682,0
DA:2683,0
DA:2684,0
DA:2685,0
DA:2686,0
DA:2687,0
DA:2688,0
DA:2689,0
DA:2690,0
DA:2691,0
DA:2693,0
DA:2694,0
DA:2695,0
DA:2696,0
DA:2697,0
DA:2703,0
DA:2705,0
DA:2706,0
DA:2707,0
DA:2708,0
DA:2709,0
DA:2710,0
DA:2711,0
DA:2712,0
DA:2713,0
DA:2714,0
DA:2716,0
DA:2718,0
DA:2720,0
DA:2721,0
DA:2723,0
DA:2724,0
DA:2725,0
DA:2727,0
DA:2729,0
DA:2731,0
DA:2733,0
DA:2735,0
DA:2736,0
DA:2737,0
DA:2739,0
DA:2741,0
DA:2743,0
DA:2744,0
DA:2745,0
DA:2747,0
DA:2749,0
DA:2751,0
DA:2753,0
DA:2755,0
DA:2757,0
DA:2759,0
DA:2760,0
DA:2761,0
DA:2764,0
DA:2765,0
DA:2766,0
DA:2769,0
DA:2771,0
DA:2773,0
DA:2775,0
DA:2776,0
DA:2777,0
DA:2778,0
DA:2779,0
DA:2780,0
DA:2781,0
DA:2782,0
DA:2785,0
DA:2786,0
DA:2787,0
DA:2788,0
DA:2789,0
DA:2790,0
DA:2791,0
DA:2792,0
DA:2793,0
DA:2794,0
DA:2795,0
DA:2796,0
DA:2797,0
DA:2799,0
DA:2802,0
DA:2803,0
DA:2805,0
DA:2807,0
DA:2808,0
DA:2810,0
DA:2812,0
DA:2813,0
DA:2814,0
DA:2817,0
DA:2818,0
DA:2821,0
DA:2822,0
DA:2823,0
DA:2824,0
DA:2825,0
DA:2827,0
DA:2828,0
DA:2829,0
DA:2830,0
DA:2831,0
DA:2832,0
DA:2835,0
DA:2836,0
DA:2837,0
DA:2838,0
DA:2841,0
DA:2842,0
DA:2845,0
DA:2846,0
DA:2848,0
DA:2849,0
DA:2850,0
DA:2852,0
DA:2854,0
DA:2856,0
DA:2857,0
DA:2858,0
DA:2859,0
DA:2860,0
DA:2862,0
DA:2866,0
DA:2867,0
DA:2868,0
DA:2869,0
DA:2873,0
DA:2876,0
DA:2877,0
DA:2878,0
DA:2880,0
DA:2881,0
DA:2882,0
DA:2883,0
DA:2884,0
DA:2885,0
DA:2886,0
DA:2890,14
DA:2891,42
DA:2892,42
DA:2893,42
DA:2894,42
DA:2895,124
DA:2896,103
DA:2897,8
DA:2899,123
DA:2901,14
DA:2904,1
DA:2918,3
DA:2919,1
DA:2920,1
DA:2921,1
DA:2922,1
DA:2925,0
DA:2926,0
DA:2927,0
DA:2928,0
DA:2929,0
DA:2931,0
DA:2934,0
DA:2935,0
DA:2936,0
DA:2939,0
DA:2940,0
DA:2941,0
DA:2943,0
DA:2944,0
DA:2946,0
DA:2947,0
DA:2948,0
DA:2950,0
DA:2953,0
DA:2954,0
DA:2955,0
DA:2957,0
DA:2958,0
DA:2959,0
DA:2965,0
DA:2970,0
DA:2973,0
DA:2974,0
DA:2977,0
DA:2978,0
DA:2979,0
DA:2980,0
DA:2982,0
DA:2984,0
DA:2986,0
DA:2987,0
DA:2988,0
DA:2989,0
DA:2990,0
DA:2992,0
DA:2994,0
DA:2995,0
DA:2997,0
DA:2999,0
DA:3000,0
DA:3002,0
DA:3003,0
DA:3004,0
DA:3006,0
DA:3007,0
DA:3008,0
DA:3009,0
DA:3012,0
DA:3013,0
DA:3014,0
DA:3015,0
DA:3026,0
DA:3027,0
DA:3029,0
DA:3030,0
DA:3031,0
DA:3032,0
DA:3033,0
DA:3034,0
DA:3036,0
DA:3037,0
DA:3038,0
DA:3040,0
DA:3041,0
DA:3042,0
DA:3048,0
DA:3050,0
DA:3052,0
DA:3053,0
DA:3055,0
DA:3056,0
DA:3058,0
DA:3060,0
DA:3061,0
DA:3062,0
DA:3065,0
DA:3067,0
DA:3069,0
DA:3071,0
DA:3073,0
DA:3074,0
DA:3077,0
LF:1506
LH:262
end_of_record
TN:
SF:/Users/junhoyeo/tokscale-2/crates/tokscale-cli/src/tui/app.rs
FN:33,Tab::all
FN:37,Tab::as_str
FN:46,Tab::short_name
FN:55,Tab::next
FN:64,Tab::prev
FN:136,App::new_with_cached_data
FN:218,App::load_data
FN:237,App::set_background_loading
FN:242,App::update_data
FN:248,App::set_error
FN:252,App::on_tick
FN:267,App::handle_key_event
FN:346,App::handle_mouse_event
FN:378,App::handle_resize
FN:387,App::clamp_selection
FN:399,App::clear_click_areas
FN:403,App::add_click_area
FN:407,App::reset_selection
FN:413,App::move_selection_up
FN:422,App::move_selection_down
FN:432,App::get_current_list_len
FN:440,App::set_sort
FN:457,App::cycle_theme
FN:472,App::toggle_source
FN:487,App::toggle_auto_refresh
FN:506,App::increase_refresh_interval
FN:520,App::decrease_refresh_interval
FN:534,App::copy_selected_to_clipboard
FN:555,App::export_to_json
FN:602,App::handle_graph_selection
FN:608,App::set_status
FN:613,App::get_sorted_models
FN:650,App::get_sorted_daily
FN:683,App::is_narrow
FN:687,App::is_very_narrow
FNF:35
FNDA:1,Tab::all
FNDA:4,Tab::as_str
FNDA:4,Tab::short_name
FNDA:4,Tab::next
FNDA:4,Tab::prev
FNDA:6,App::new_with_cached_data
FNDA:0,App::load_data
FNDA:0,App::set_background_loading
FNDA:0,App::update_data
FNDA:0,App::set_error
FNDA:0,App::on_tick
FNDA:0,App::handle_key_event
FNDA:0,App::handle_mouse_event
FNDA:0,App::handle_resize
FNDA:2,App::clamp_selection
FNDA:0,App::clear_click_areas
FNDA:0,App::add_click_area
FNDA:4,App::reset_selection
FNDA:2,App::move_selection_up
FNDA:2,App::move_selection_down
FNDA:4,App::get_current_list_len
FNDA:3,App::set_sort
FNDA:0,App::cycle_theme
FNDA:0,App::toggle_source
FNDA:0,App::toggle_auto_refresh
FNDA:0,App::increase_refresh_interval
FNDA:0,App::decrease_refresh_interval
FNDA:0,App::copy_selected_to_clipboard
FNDA:0,App::export_to_json
FNDA:0,App::handle_graph_selection
FNDA:3,App::set_status
FNDA:0,App::get_sorted_models
FNDA:0,App::get_sorted_daily
FNDA:0,App::is_narrow
FNDA:0,App::is_very_narrow
DA:33,1
DA:34,1
DA:37,4
DA:38,4
DA:39,1
DA:40,1
DA:41,1
DA:42,1
DA:46,4
DA:47,4
DA:48,1
DA:49,1
DA:50,1
DA:51,1
DA:55,4
DA:56,4
DA:57,1
DA:58,1
DA:59,1
DA:60,1
DA:64,4
DA:65,4
DA:66,1
DA:67,1
DA:68,1
DA:69,1
DA:136,6
DA:137,12
DA:138,18
DA:139,6
DA:141,6
DA:142,18
DA:144,12
DA:146,6
DA:147,0
DA:148,0
DA:149,0
DA:150,0
DA:151,0
DA:152,0
DA:153,0
DA:154,0
DA:155,0
DA:156,0
DA:157,0
DA:158,0
DA:162,114
DA:163,108
DA:167,12
DA:168,0
DA:169,6
DA:170,0
DA:172,6
DA:175,18
DA:178,12
DA:179,6
DA:180,6
DA:181,6
DA:184,18
DA:185,12
DA:189,18
DA:190,6
DA:191,6
DA:192,6
DA:193,6
DA:194,6
DA:195,6
DA:196,6
DA:200,6
DA:201,6
DA:202,6
DA:203,6
DA:204,6
DA:205,0
DA:207,6
DA:209,12
DA:212,6
DA:218,0
DA:219,0
DA:220,0
DA:221,0
DA:222,0
DA:223,0
DA:224,0
DA:225,0
DA:226,0
DA:228,0
DA:229,0
DA:230,0
DA:231,0
DA:234,0
DA:237,0
DA:238,0
DA:242,0
DA:243,0
DA:244,0
DA:245,0
DA:248,0
DA:249,0
DA:252,0
DA:253,0
DA:255,0
DA:256,0
DA:257,0
DA:258,0
DA:262,0
DA:263,0
DA:267,0
DA:268,0
DA:269,0
DA:270,0
DA:273,0
DA:275,0
DA:276,0
DA:278,0
DA:279,0
DA:280,0
DA:282,0
DA:283,0
DA:284,0
DA:286,0
DA:287,0
DA:288,0
DA:290,0
DA:291,0
DA:292,0
DA:294,0
DA:295,0
DA:297,0
DA:298,0
DA:300,0
DA:301,0
DA:303,0
DA:304,0
DA:306,0
DA:307,0
DA:309,0
DA:310,0
DA:312,0
DA:313,0
DA:315,0
DA:316,0
DA:318,0
DA:319,0
DA:321,0
DA:322,0
DA:324,0
DA:325,0
DA:327,0
DA:328,0
DA:330,0
DA:331,0
DA:334,0
DA:335,0
DA:338,0
DA:339,0
DA:341,0
DA:343,0
DA:346,0
DA:347,0
DA:348,0
DA:349,0
DA:351,0
DA:352,0
DA:353,0
DA:354,0
DA:355,0
DA:357,0
DA:358,0
DA:359,0
DA:360,0
DA:362,0
DA:363,0
DA:365,0
DA:366,0
DA:368,0
DA:369,0
DA:372,0
DA:378,0
DA:379,0
DA:380,0
DA:382,0
DA:383,0
DA:387,2
DA:388,6
DA:389,2
DA:390,1
DA:391,1
DA:392,1
DA:394,3
DA:395,4
DA:396,2
DA:399,0
DA:400,0
DA:403,0
DA:404,0
DA:407,4
DA:408,4
DA:409,4
DA:410,4
DA:413,2
DA:414,2
DA:415,1
DA:416,1
DA:417,0
DA:422,2
DA:423,8
DA:424,2
DA:425,1
DA:426,2
DA:427,0
DA:432,4
DA:433,4
DA:434,8
DA:435,0
DA:436,0
DA:440,3
DA:441,3
DA:442,2
DA:443,1
DA:444,1
DA:447,1
DA:448,1
DA:450,6
DA:451,9
DA:452,3
DA:453,3
DA:457,0
DA:458,0
DA:459,0
DA:460,0
DA:461,0
DA:462,0
DA:463,0
DA:464,0
DA:465,0
DA:468,0
DA:472,0
DA:473,0
DA:474,0
DA:475,0
DA:476,0
DA:477,0
DA:480,0
DA:481,0
DA:483,0
DA:487,0
DA:488,0
DA:489,0
DA:490,0
DA:491,0
DA:492,0
DA:494,0
DA:497,0
DA:499,0
DA:500,0
DA:502,0
DA:506,0
DA:507,0
DA:508,0
DA:509,0
DA:510,0
DA:511,0
DA:512,0
DA:513,0
DA:514,0
DA:516,0
DA:520,0
DA:521,0
DA:522,0
DA:523,0
DA:524,0
DA:525,0
DA:526,0
DA:527,0
DA:528,0
DA:530,0
DA:534,0
DA:535,0
DA:536,0
DA:538,0
DA:539,0
DA:540,0
DA:542,0
DA:543,0
DA:544,0
DA:547,0
DA:548,0
DA:549,0
DA:550,0
DA:555,0
DA:556,0
DA:557,0
DA:558,0
DA:559,0
DA:560,0
DA:561,0
DA:562,0
DA:563,0
DA:564,0
DA:565,0
DA:566,0
DA:568,0
DA:569,0
DA:570,0
DA:571,0
DA:572,0
DA:573,0
DA:574,0
DA:575,0
DA:576,0
DA:577,0
DA:578,0
DA:580,0
DA:581,0
DA:582,0
DA:583,0
DA:584,0
DA:588,0
DA:590,0
DA:593,0
DA:594,0
DA:595,0
DA:596,0
DA:598,0
DA:602,0
DA:603,0
DA:604,0
DA:608,3
DA:609,6
DA:610,3
DA:613,0
DA:614,0
DA:616,0
DA:617,0
DA:618,0
DA:619,0
DA:620,0
DA:623,0
DA:625,0
DA:628,0
DA:630,0
DA:631,0
DA:632,0
DA:633,0
DA:634,0
DA:636,0
DA:637,0
DA:638,0
DA:639,0
DA:640,0
DA:643,0
DA:647,0
DA:650,0
DA:651,0
DA:653,0
DA:655,0
DA:658,0
DA:660,0
DA:661,0
DA:662,0
DA:663,0
DA:664,0
DA:666,0
DA:667,0
DA:668,0
DA:669,0
DA:670,0
DA:673,0
DA:676,0
DA:680,0
DA:683,0
DA:684,0
DA:687,0
DA:688,0
LF:375
LH:101
end_of_record
TN:
SF:/Users/junhoyeo/tokscale-2/crates/tokscale-cli/src/tui/cache.rs
FN:24,cache_dir
FN:29,cache_file
FN:111,<impl From for CachedTokenBreakdown>::from
FN:123,<impl From for TokenBreakdown>::from
FN:135,<impl From for CachedModelUsage>::from
FN:148,<impl From for ModelUsage>::from
FN:161,<impl From for CachedDailyModelInfo>::from
FN:171,<impl From for DailyModelInfo>::from
FN:181,<impl From for CachedDailyUsage>::from
FN:198,<impl TryFrom for DailyUsage>::try_from
FN:210,<impl From for CachedContributionDay>::from
FN:223,<impl TryFrom for ContributionDay>::try_from
FN:235,<impl From for CachedGraphData>::from
FN:253,<impl TryFrom for GraphData>::try_from
FN:268,<impl From for CachedUsageData>::from
FN:284,<impl TryFrom for UsageData>::try_from
FN:303,sources_match
FN:316,load_cached_data
FN:337,save_cached_data
FN:379,is_cache_stale
FNF:20
FNDA:0,cache_dir
FNDA:0,cache_file
FNDA:0,<impl From for CachedTokenBreakdown>::from
FNDA:0,<impl From for TokenBreakdown>::from
FNDA:0,<impl From for CachedModelUsage>::from
FNDA:0,<impl From for ModelUsage>::from
FNDA:0,<impl From for CachedDailyModelInfo>::from
FNDA:0,<impl From for DailyModelInfo>::from
FNDA:0,<impl From for CachedDailyUsage>::from
FNDA:0,<impl TryFrom for DailyUsage>::try_from
FNDA:0,<impl From for CachedContributionDay>::from
FNDA:0,<impl TryFrom for ContributionDay>::try_from
FNDA:0,<impl From for CachedGraphData>::from
FNDA:0,<impl TryFrom for GraphData>::try_from
FNDA:0,<impl From for CachedUsageData>::from
FNDA:0,<impl TryFrom for UsageData>::try_from
FNDA:0,sources_match
FNDA:0,load_cached_data
FNDA:0,save_cached_data
FNDA:0,is_cache_stale
DA:24,0
DA:25,0
DA:29,0
DA:30,0
DA:111,0
DA:113,0
DA:114,0
DA:115,0
DA:116,0
DA:117,0
DA:123,0
DA:125,0
DA:126,0
DA:127,0
DA:128,0
DA:129,0
DA:135,0
DA:137,0
DA:138,0
DA:139,0
DA:140,0
DA:141,0
DA:142,0
DA:148,0
DA:150,0
DA:151,0
DA:152,0
DA:153,0
DA:154,0
DA:155,0
DA:161,0
DA:163,0
DA:164,0
DA:165,0
DA:171,0
DA:173,0
DA:174,0
DA:175,0
DA:181,0
DA:183,0
DA:184,0
DA:185,0
DA:186,0
DA:198,0
DA:201,0
DA:202,0
DA:203,0
DA:204,0
DA:210,0
DA:212,0
DA:213,0
DA:214,0
DA:215,0
DA:223,0
DA:226,0
DA:227,0
DA:228,0
DA:229,0
DA:235,0
DA:237,0
DA:253,0
DA:254,0
DA:255,0
DA:257,0
DA:258,0
DA:259,0
DA:260,0
DA:263,0
DA:268,0
DA:270,0
DA:271,0
DA:272,0
DA:273,0
DA:274,0
DA:275,0
DA:276,0
DA:284,0
DA:285,0
DA:286,0
DA:289,0
DA:290,0
DA:291,0
DA:292,0
DA:293,0
DA:295,0
DA:296,0
DA:297,0
DA:303,0
DA:304,0
DA:305,0
DA:307,0
DA:308,0
DA:309,0
DA:312,0
DA:316,0
DA:317,0
DA:319,0
DA:320,0
DA:323,0
DA:324,0
DA:325,0
DA:328,0
DA:329,0
DA:333,0
DA:337,0
DA:338,0
DA:339,0
DA:343,0
DA:344,0
DA:345,0
DA:349,0
DA:350,0
DA:351,0
DA:352,0
DA:356,0
DA:360,0
DA:364,0
DA:365,0
DA:366,0
DA:367,0
DA:369,0
DA:371,0
DA:372,0
DA:374,0
DA:379,0
DA:380,0
DA:381,0
DA:384,0
DA:385,0
DA:388,0
DA:389,0
DA:390,0
DA:392,0
DA:393,0
DA:394,0
DA:395,0
DA:399,0
DA:400,0
DA:404,0
DA:405,0
DA:406,0
DA:407,0
DA:409,0
DA:410,0
LF:144
LH:0
end_of_record
TN:
SF:/Users/junhoyeo/tokscale-2/crates/tokscale-cli/src/tui/config.rs
FN:36,TokscaleConfig::config_path
FN:40,TokscaleConfig::load
FN:49,TokscaleConfig::get_provider_color
FN:56,TokscaleConfig::get_source_color
FN:63,TokscaleConfig::get_provider_display_name
FN:70,TokscaleConfig::get_source_display_name
FN:78,parse_hex_color
FNF:7
FNDA:0,TokscaleConfig::config_path
FNDA:0,TokscaleConfig::load
FNDA:0,TokscaleConfig::get_provider_color
FNDA:0,TokscaleConfig::get_source_color
FNDA:0,TokscaleConfig::get_provider_display_name
FNDA:0,TokscaleConfig::get_source_display_name
FNDA:0,parse_hex_color
DA:36,0
DA:37,0
DA:40,0
DA:41,0
DA:42,0
DA:43,0
DA:44,0
DA:45,0
DA:49,0
DA:50,0
DA:51,0
DA:52,0
DA:53,0
DA:56,0
DA:57,0
DA:58,0
DA:59,0
DA:60,0
DA:63,0
DA:64,0
DA:65,0
DA:66,0
DA:67,0
DA:70,0
DA:71,0
DA:72,0
DA:73,0
DA:74,0
DA:78,0
DA:79,0
DA:80,0
DA:81,0
DA:83,0
DA:84,0
DA:85,0
DA:86,0
LF:36
LH:0
end_of_record
TN:
SF:/Users/junhoyeo/tokscale-2/crates/tokscale-cli/src/tui/data/mod.rs
FN:23,TokenBreakdown::total
FN:97,Source::all
FN:111,Source::as_str
FN:125,Source::key
FN:139,Source::from_key
FN:154,Source::to_core_source
FN:177,DataLoader::new
FN:186,DataLoader::with_filters
FN:200,DataLoader::load
FN:334,DataLoader::aggregate_messages
FN:491,DataLoader::apply_date_filters
FN:537,parse_date
FN:541,build_contribution_graph
FN:599,calculate_streaks
FNF:14
FNDA:3,TokenBreakdown::total
FNDA:7,Source::all
FNDA:9,Source::as_str
FNDA:9,Source::key
FNDA:11,Source::from_key
FNDA:0,Source::to_core_source
FNDA:1,DataLoader::new
FNDA:7,DataLoader::with_filters
FNDA:0,DataLoader::load
FNDA:0,DataLoader::aggregate_messages
FNDA:0,DataLoader::apply_date_filters
FNDA:5,parse_date
FNDA:0,build_contribution_graph
FNDA:0,calculate_streaks
DA:23,3
DA:24,3
DA:25,6
DA:26,6
DA:27,6
DA:28,6
DA:97,7
DA:98,7
DA:99,7
DA:100,7
DA:101,7
DA:102,7
DA:103,7
DA:104,7
DA:105,7
DA:106,7
DA:107,7
DA:111,9
DA:112,9
DA:113,1
DA:114,1
DA:115,1
DA:116,1
DA:117,1
DA:118,1
DA:119,1
DA:120,1
DA:121,1
DA:125,9
DA:126,9
DA:127,1
DA:128,1
DA:129,1
DA:130,1
DA:131,1
DA:132,1
DA:133,1
DA:134,1
DA:135,1
DA:139,11
DA:140,11
DA:141,1
DA:142,1
DA:143,1
DA:144,1
DA:145,1
DA:146,1
DA:147,1
DA:148,1
DA:149,1
DA:150,2
DA:154,0
DA:155,0
DA:156,0
DA:157,0
DA:158,0
DA:159,0
DA:160,0
DA:161,0
DA:162,0
DA:163,0
DA:164,0
DA:177,1
DA:186,7
DA:200,0
DA:201,0
DA:202,0
DA:206,0
DA:207,0
DA:208,0
DA:210,0
DA:212,0
DA:215,0
DA:217,0
DA:219,0
DA:220,0
DA:221,0
DA:223,0
DA:225,0
DA:228,0
DA:229,0
DA:230,0
DA:232,0
DA:235,0
DA:236,0
DA:238,0
DA:239,0
DA:240,0
DA:241,0
DA:244,0
DA:247,0
DA:248,0
DA:249,0
DA:251,0
DA:253,0
DA:256,0
DA:257,0
DA:258,0
DA:260,0
DA:262,0
DA:265,0
DA:266,0
DA:267,0
DA:269,0
DA:271,0
DA:274,0
DA:275,0
DA:276,0
DA:278,0
DA:280,0
DA:283,0
DA:284,0
DA:285,0
DA:287,0
DA:289,0
DA:292,0
DA:293,0
DA:294,0
DA:296,0
DA:298,0
DA:301,0
DA:302,0
DA:303,0
DA:305,0
DA:307,0
DA:310,0
DA:311,0
DA:312,0
DA:313,0
DA:314,0
DA:315,0
DA:316,0
DA:317,0
DA:318,0
DA:322,0
DA:323,0
DA:329,0
DA:331,0
DA:334,0
DA:335,0
DA:336,0
DA:337,0
DA:339,0
DA:340,0
DA:342,0
DA:343,0
DA:344,0
DA:345,0
DA:346,0
DA:351,0
DA:352,0
DA:353,0
DA:354,0
DA:355,0
DA:356,0
DA:357,0
DA:358,0
DA:359,0
DA:360,0
DA:361,0
DA:362,0
DA:363,0
DA:364,0
DA:365,0
DA:366,0
DA:367,0
DA:368,0
DA:369,0
DA:370,0
DA:371,0
DA:372,0
DA:374,0
DA:376,0
DA:378,0
DA:379,0
DA:380,0
DA:381,0
DA:384,0
DA:385,0
DA:386,0
DA:387,0
DA:389,0
DA:392,0
DA:393,0
DA:394,0
DA:395,0
DA:396,0
DA:397,0
DA:398,0
DA:399,0
DA:400,0
DA:401,0
DA:402,0
DA:403,0
DA:404,0
DA:405,0
DA:406,0
DA:407,0
DA:408,0
DA:409,0
DA:410,0
DA:411,0
DA:412,0
DA:413,0
DA:415,0
DA:417,0
DA:419,0
DA:420,0
DA:421,0
DA:422,0
DA:423,0
DA:424,0
DA:428,0
DA:429,0
DA:430,0
DA:431,0
DA:432,0
DA:433,0
DA:434,0
DA:435,0
DA:436,0
DA:437,0
DA:438,0
DA:439,0
DA:440,0
DA:441,0
DA:442,0
DA:443,0
DA:444,0
DA:445,0
DA:446,0
DA:447,0
DA:448,0
DA:449,0
DA:451,0
DA:453,0
DA:457,0
DA:458,0
DA:459,0
DA:460,0
DA:461,0
DA:462,0
DA:463,0
DA:466,0
DA:467,0
DA:469,0
DA:470,0
DA:472,0
DA:475,0
DA:476,0
DA:478,0
DA:479,0
DA:480,0
DA:481,0
DA:482,0
DA:483,0
DA:484,0
DA:485,0
DA:486,0
DA:487,0
DA:491,0
DA:493,0
DA:494,0
DA:497,0
DA:499,0
DA:500,0
DA:502,0
DA:503,0
DA:504,0
DA:505,0
DA:511,0
DA:512,0
DA:513,0
DA:514,0
DA:520,0
DA:521,0
DA:522,0
DA:523,0
DA:528,0
DA:530,0
DA:537,5
DA:538,20
DA:541,0
DA:542,0
DA:543,0
DA:546,0
DA:547,0
DA:548,0
DA:549,0
DA:551,0
DA:553,0
DA:555,0
DA:556,0
DA:558,0
DA:559,0
DA:560,0
DA:561,0
DA:562,0
DA:564,0
DA:566,0
DA:567,0
DA:569,0
DA:571,0
DA:572,0
DA:573,0
DA:574,0
DA:575,0
DA:578,0
DA:579,0
DA:580,0
DA:581,0
DA:582,0
DA:586,0
DA:588,0
DA:589,0
DA:590,0
DA:593,0
DA:599,0
DA:600,0
DA:601,0
DA:604,0
DA:605,0
DA:607,0
DA:608,0
DA:610,0
DA:611,0
DA:612,0
DA:615,0
DA:616,0
DA:617,0
DA:618,0
DA:619,0
DA:620,0
DA:624,0
DA:625,0
DA:626,0
DA:628,0
DA:629,0
DA:631,0
DA:632,0
DA:633,0
DA:634,0
DA:636,0
DA:637,0
DA:640,0
DA:642,0
DA:644,0
DA:646,0
LF:348
LH:55
end_of_record
TN:
SF:/Users/junhoyeo/tokscale-2/crates/tokscale-cli/src/tui/event.rs
FN:20,EventHandler::new
FN:53,EventHandler::next
FNF:2
FNDA:0,EventHandler::new
FNDA:0,EventHandler::next
DA:20,0
DA:21,0
DA:22,0
DA:24,0
DA:25,0
DA:26,0
DA:27,0
DA:28,0
DA:29,0
DA:32,0
DA:33,0
DA:34,0
DA:37,0
DA:38,0
DA:39,0
DA:42,0
DA:44,0
DA:45,0
DA:49,0
DA:53,0
DA:54,0
LF:21
LH:0
end_of_record
TN:
SF:/Users/junhoyeo/tokscale-2/crates/tokscale-cli/src/tui/mod.rs
FN:30,run
FN:142,restore_terminal_best_effort
FN:147,restore_terminal
FN:157,run_loop_with_background
FN:218,test_data_loading
FNF:5
FNDA:0,run
FNDA:0,restore_terminal_best_effort
FNDA:0,restore_terminal
FNDA:0,run_loop_with_background
FNDA:0,test_data_loading
DA:30,0
DA:40,0
DA:41,0
DA:47,0
DA:50,0
DA:51,0
DA:52,0
DA:53,0
DA:57,0
DA:58,0
DA:59,0
DA:60,0
DA:61,0
DA:62,0
DA:63,0
DA:64,0
DA:65,0
DA:66,0
DA:67,0
DA:68,0
DA:69,0
DA:70,0
DA:74,0
DA:75,0
DA:79,0
DA:80,0
DA:81,0
DA:83,0
DA:84,0
DA:86,0
DA:87,0
DA:88,0
DA:91,0
DA:92,0
DA:93,0
DA:94,0
DA:95,0
DA:96,0
DA:97,0
DA:101,0
DA:102,0
DA:103,0
DA:104,0
DA:105,0
DA:109,0
DA:110,0
DA:112,0
DA:113,0
DA:115,0
DA:116,0
DA:117,0
DA:118,0
DA:119,0
DA:121,0
DA:122,0
DA:123,0
DA:125,0
DA:126,0
DA:129,0
DA:133,0
DA:135,0
DA:137,0
DA:139,0
DA:142,0
DA:143,0
DA:144,0
DA:147,0
DA:148,0
DA:149,0
DA:150,0
DA:154,0
DA:157,0
DA:164,0
DA:166,0
DA:167,0
DA:168,0
DA:169,0
DA:170,0
DA:171,0
DA:172,0
DA:174,0
DA:175,0
DA:176,0
DA:183,0
DA:184,0
DA:185,0
DA:186,0
DA:189,0
DA:194,0
DA:195,0
DA:196,0
DA:198,0
DA:199,0
DA:200,0
DA:203,0
DA:204,0
DA:206,0
DA:207,0
DA:211,0
DA:212,0
DA:215,0
DA:218,0
DA:219,0
DA:221,0
DA:222,0
DA:223,0
DA:224,0
DA:225,0
DA:226,0
DA:227,0
DA:228,0
DA:229,0
DA:230,0
DA:231,0
DA:234,0
DA:236,0
DA:237,0
DA:239,0
DA:240,0
DA:241,0
DA:242,0
DA:243,0
DA:244,0
DA:246,0
DA:249,0
DA:250,0
DA:253,0
LF:127
LH:0
end_of_record
TN:
SF:/Users/junhoyeo/tokscale-2/crates/tokscale-cli/src/tui/settings.rs
FN:33,default_color_palette
FN:37,default_auto_refresh_ms
FN:41,default_native_timeout_ms
FN:46,<impl Default for Settings>::default
FN:58,Settings::config_path
FN:70,Settings::load
FN:87,Settings::save
FN:94,Settings::theme_name
FN:98,Settings::set_theme
FN:102,Settings::get_auto_refresh_interval
FN:110,Settings::get_native_timeout
FNF:11
FNDA:0,default_color_palette
FNDA:0,default_auto_refresh_ms
FNDA:0,default_native_timeout_ms
FNDA:0,<impl Default for Settings>::default
FNDA:6,Settings::config_path
FNDA:6,Settings::load
FNDA:0,Settings::save
FNDA:0,Settings::theme_name
FNDA:0,Settings::set_theme
FNDA:6,Settings::get_auto_refresh_interval
FNDA:0,Settings::get_native_timeout
DA:33,0
DA:34,0
DA:37,0
DA:38,0
DA:41,0
DA:42,0
DA:46,0
DA:48,0
DA:58,6
DA:59,12
DA:60,6
DA:63,6
DA:64,0
DA:67,6
DA:70,6
DA:71,6
DA:73,24
DA:74,24
DA:75,12
DA:76,6
DA:77,6
DA:78,6
DA:79,6
DA:80,6
DA:81,6
DA:82,6
DA:87,0
DA:88,0
DA:89,0
DA:90,0
DA:91,0
DA:94,0
DA:95,0
DA:98,0
DA:99,0
DA:102,6
DA:103,6
DA:104,0
DA:106,6
DA:110,0
DA:111,0
DA:112,0
DA:114,0
DA:117,0
DA:118,0
LF:45
LH:20
end_of_record
TN:
SF:/Users/junhoyeo/tokscale-2/crates/tokscale-cli/src/tui/themes.rs
FN:17,ThemeName::all
FN:31,ThemeName::next
FN:37,ThemeName::as_str
FN:55,<impl FromStr for ThemeName>::from_str
FN:85,Theme::from_name
FNF:5
FNDA:0,ThemeName::all
FNDA:0,ThemeName::next
FNDA:0,ThemeName::as_str
FNDA:6,<impl FromStr for ThemeName>::from_str
FNDA:6,Theme::from_name
DA:17,0
DA:18,0
DA:19,0
DA:20,0
DA:21,0
DA:22,0
DA:23,0
DA:24,0
DA:25,0
DA:26,0
DA:27,0
DA:31,0
DA:32,0
DA:33,0
DA:34,0
DA:37,0
DA:38,0
DA:39,0
DA:40,0
DA:41,0
DA:42,0
DA:43,0
DA:44,0
DA:45,0
DA:46,0
DA:47,0
DA:55,6
DA:56,6
DA:57,6
DA:58,6
DA:59,6
DA:60,12
DA:61,0
DA:62,0
DA:63,0
DA:64,0
DA:65,0
DA:66,0
DA:85,6
DA:86,12
DA:88,0
DA:89,0
DA:90,0
DA:91,0
DA:92,0
DA:93,0
DA:95,0
DA:96,0
DA:97,0
DA:98,0
DA:99,0
DA:100,0
DA:102,0
DA:103,0
DA:104,0
DA:105,0
DA:106,0
DA:107,0
DA:109,6
DA:110,12
DA:111,12
DA:112,12
DA:113,6
DA:114,6
DA:116,0
DA:117,0
DA:118,0
DA:119,0
DA:120,0
DA:121,0
DA:123,0
DA:124,0
DA:125,0
DA:126,0
DA:127,0
DA:128,0
DA:130,0
DA:131,0
DA:132,0
DA:133,0
DA:134,0
DA:135,0
DA:137,0
DA:138,0
DA:139,0
DA:140,0
DA:141,0
DA:142,0
DA:144,0
DA:145,0
DA:146,0
DA:147,0
DA:148,0
DA:149,0
DA:156,12
DA:157,12
DA:158,12
DA:159,12
DA:160,12
DA:162,6
LF:100
LH:20
end_of_record
TN:
SF:/Users/junhoyeo/tokscale-2/crates/tokscale-cli/src/tui/ui/bar_chart.rs
FN:30,render_stacked_bar_chart
FN:192,get_stacked_bar_content
FNF:2
FNDA:0,render_stacked_bar_chart
FNDA:0,get_stacked_bar_content
DA:30,0
DA:31,0
DA:32,0
DA:35,0
DA:36,0
DA:38,0
DA:39,0
DA:41,0
DA:42,0
DA:45,0
DA:47,0
DA:48,0
DA:51,0
DA:52,0
DA:54,0
DA:55,0
DA:56,0
DA:58,0
DA:59,0
DA:60,0
DA:64,0
DA:65,0
DA:67,0
DA:69,0
DA:70,0
DA:71,0
DA:72,0
DA:73,0
DA:74,0
DA:75,0
DA:80,0
DA:81,0
DA:82,0
DA:85,0
DA:86,0
DA:88,0
DA:90,0
DA:91,0
DA:92,0
DA:93,0
DA:94,0
DA:95,0
DA:96,0
DA:101,0
DA:102,0
DA:103,0
DA:105,0
DA:106,0
DA:107,0
DA:109,0
DA:113,0
DA:114,0
DA:115,0
DA:116,0
DA:117,0
DA:118,0
DA:119,0
DA:122,0
DA:123,0
DA:124,0
DA:125,0
DA:132,0
DA:133,0
DA:134,0
DA:135,0
DA:136,0
DA:137,0
DA:138,0
DA:139,0
DA:140,0
DA:143,0
DA:144,0
DA:146,0
DA:151,0
DA:152,0
DA:153,0
DA:154,0
DA:156,0
DA:157,0
DA:159,0
DA:160,0
DA:161,0
DA:162,0
DA:163,0
DA:165,0
DA:168,0
DA:171,0
DA:174,0
DA:177,0
DA:178,0
DA:180,0
DA:181,0
DA:182,0
DA:183,0
DA:184,0
DA:185,0
DA:192,0
DA:201,0
DA:202,0
DA:205,0
DA:206,0
DA:211,0
DA:212,0
DA:214,0
DA:215,0
DA:217,0
DA:218,0
DA:219,0
DA:221,0
DA:222,0
DA:224,0
DA:225,0
DA:226,0
DA:227,0
DA:229,0
DA:230,0
DA:231,0
DA:233,0
DA:234,0
DA:235,0
DA:239,0
DA:240,0
DA:243,0
DA:244,0
DA:246,0
DA:248,0
DA:249,0
LF:127
LH:0
end_of_record
TN:
SF:/Users/junhoyeo/tokscale-2/crates/tokscale-cli/src/tui/ui/daily.rs
FN:9,render
FNF:1
FNDA:0,render
DA:9,0
DA:10,0
DA:11,0
DA:12,0
DA:13,0
DA:15,0
DA:16,0
DA:17,0
DA:19,0
DA:21,0
DA:22,0
DA:24,0
DA:25,0
DA:27,0
DA:28,0
DA:29,0
DA:30,0
DA:31,0
DA:32,0
DA:33,0
DA:36,0
DA:37,0
DA:38,0
DA:39,0
DA:40,0
DA:41,0
DA:42,0
DA:43,0
DA:45,0
DA:46,0
DA:47,0
DA:48,0
DA:50,0
DA:61,0
DA:62,0
DA:63,0
DA:64,0
DA:65,0
DA:68,0
DA:73,0
DA:74,0
DA:75,0
DA:76,0
DA:77,0
DA:78,0
DA:79,0
DA:80,0
DA:81,0
DA:82,0
DA:83,0
DA:84,0
DA:86,0
DA:88,0
DA:91,0
DA:92,0
DA:93,0
DA:97,0
DA:98,0
DA:99,0
DA:101,0
DA:102,0
DA:105,0
DA:108,0
DA:109,0
DA:110,0
DA:111,0
DA:113,0
DA:114,0
DA:115,0
DA:116,0
DA:118,0
DA:119,0
DA:120,0
DA:121,0
DA:122,0
DA:125,0
DA:126,0
DA:127,0
DA:128,0
DA:129,0
DA:130,0
DA:131,0
DA:132,0
DA:133,0
DA:134,0
DA:135,0
DA:136,0
DA:137,0
DA:141,0
DA:142,0
DA:143,0
DA:144,0
DA:146,0
DA:149,0
DA:153,0
DA:154,0
DA:155,0
DA:156,0
DA:157,0
DA:158,0
DA:159,0
DA:162,0
DA:163,0
DA:164,0
DA:165,0
DA:166,0
DA:167,0
DA:168,0
DA:169,0
DA:173,0
DA:174,0
DA:175,0
DA:177,0
DA:179,0
DA:180,0
DA:181,0
DA:182,0
DA:184,0
DA:186,0
DA:187,0
DA:188,0
DA:189,0
DA:190,0
DA:192,0
LF:124
LH:0
end_of_record
TN:
SF:/Users/junhoyeo/tokscale-2/crates/tokscale-cli/src/tui/ui/footer.rs
FN:9,render
FN:47,render_main_row
FN:114,render_source_badges
FN:195,render_help_row
FN:246,render_status_row
FNF:5
FNDA:0,render
FNDA:0,render_main_row
FNDA:0,render_source_badges
FNDA:0,render_help_row
FNDA:0,render_status_row
DA:9,0
DA:10,0
DA:11,0
DA:12,0
DA:13,0
DA:15,0
DA:16,0
DA:19,0
DA:20,0
DA:21,0
DA:22,0
DA:23,0
DA:25,0
DA:26,0
DA:28,0
DA:31,0
DA:32,0
DA:33,0
DA:34,0
DA:36,0
DA:38,0
DA:39,0
DA:42,0
DA:43,0
DA:47,0
DA:48,0
DA:51,0
DA:52,0
DA:53,0
DA:54,0
DA:57,0
DA:60,0
DA:63,0
DA:64,0
DA:65,0
DA:66,0
DA:67,0
DA:68,0
DA:69,0
DA:70,0
DA:71,0
DA:73,0
DA:79,0
DA:80,0
DA:81,0
DA:82,0
DA:84,0
DA:85,0
DA:86,0
DA:87,0
DA:91,0
DA:94,0
DA:95,0
DA:96,0
DA:97,0
DA:98,0
DA:102,0
DA:103,0
DA:104,0
DA:105,0
DA:109,0
DA:110,0
DA:111,0
DA:114,0
DA:115,0
DA:116,0
DA:117,0
DA:119,0
DA:120,0
DA:121,0
DA:122,0
DA:123,0
DA:124,0
DA:125,0
DA:126,0
DA:127,0
DA:128,0
DA:131,0
DA:132,0
DA:133,0
DA:135,0
DA:136,0
DA:138,0
DA:140,0
DA:142,0
DA:143,0
DA:145,0
DA:148,0
DA:149,0
DA:151,0
DA:152,0
DA:153,0
DA:155,0
DA:159,0
DA:160,0
DA:162,0
DA:163,0
DA:164,0
DA:165,0
DA:168,0
DA:169,0
DA:170,0
DA:171,0
DA:172,0
DA:173,0
DA:175,0
DA:178,0
DA:179,0
DA:181,0
DA:182,0
DA:183,0
DA:184,0
DA:186,0
DA:190,0
DA:191,0
DA:192,0
DA:195,0
DA:196,0
DA:198,0
DA:199,0
DA:200,0
DA:201,0
DA:202,0
DA:203,0
DA:204,0
DA:205,0
DA:206,0
DA:207,0
DA:208,0
DA:209,0
DA:210,0
DA:213,0
DA:214,0
DA:216,0
DA:218,0
DA:219,0
DA:220,0
DA:222,0
DA:223,0
DA:224,0
DA:225,0
DA:227,0
DA:229,0
DA:230,0
DA:232,0
DA:235,0
DA:236,0
DA:237,0
DA:241,0
DA:242,0
DA:243,0
DA:246,0
DA:247,0
DA:249,0
DA:250,0
DA:251,0
DA:252,0
DA:253,0
DA:254,0
DA:255,0
DA:257,0
DA:258,0
DA:259,0
DA:260,0
DA:261,0
DA:262,0
DA:265,0
DA:266,0
DA:267,0
DA:268,0
DA:269,0
DA:271,0
DA:273,0
DA:274,0
DA:275,0
DA:278,0
DA:279,0
DA:280,0
DA:281,0
DA:286,0
DA:287,0
DA:288,0
LF:182
LH:0
end_of_record
TN:
SF:/Users/junhoyeo/tokscale-2/crates/tokscale-cli/src/tui/ui/header.rs
FN:6,render
FN:72,register_tab_click_areas
FNF:2
FNDA:0,render
FNDA:0,register_tab_click_areas
DA:6,0
DA:7,0
DA:9,0
DA:11,0
DA:12,0
DA:13,0
DA:15,0
DA:17,0
DA:18,0
DA:19,0
DA:20,0
DA:22,0
DA:24,0
DA:28,0
DA:30,0
DA:33,0
DA:35,0
DA:36,0
DA:37,0
DA:38,0
DA:40,0
DA:41,0
DA:42,0
DA:44,0
DA:45,0
DA:47,0
DA:48,0
DA:49,0
DA:50,0
DA:51,0
DA:53,0
DA:57,0
DA:58,0
DA:59,0
DA:61,0
DA:62,0
DA:63,0
DA:65,0
DA:67,0
DA:69,0
DA:72,0
DA:73,0
DA:74,0
DA:75,0
DA:76,0
DA:78,0
DA:79,0
DA:80,0
DA:82,0
DA:84,0
DA:85,0
DA:86,0
LF:52
LH:0
end_of_record
TN:
SF:/Users/junhoyeo/tokscale-2/crates/tokscale-cli/src/tui/ui/mod.rs
FN:16,render
FN:52,render_loading
FN:83,render_error
FNF:3
FNDA:0,render
FNDA:0,render_loading
FNDA:0,render_error
DA:16,0
DA:17,0
DA:18,0
DA:19,0
DA:22,0
DA:23,0
DA:25,0
DA:26,0
DA:27,0
DA:28,0
DA:29,0
DA:30,0
DA:32,0
DA:34,0
DA:36,0
DA:37,0
DA:38,0
DA:39,0
DA:41,0
DA:42,0
DA:43,0
DA:44,0
DA:45,0
DA:49,0
DA:52,0
DA:53,0
DA:54,0
DA:55,0
DA:56,0
DA:58,0
DA:59,0
DA:61,0
DA:62,0
DA:63,0
DA:64,0
DA:65,0
DA:66,0
DA:68,0
DA:70,0
DA:71,0
DA:72,0
DA:73,0
DA:74,0
DA:77,0
DA:78,0
DA:80,0
DA:83,0
DA:84,0
DA:85,0
DA:86,0
DA:87,0
DA:89,0
DA:90,0
DA:92,0
DA:93,0
DA:94,0
DA:95,0
DA:96,0
DA:97,0
DA:99,0
DA:101,0
DA:102,0
DA:103,0
DA:104,0
DA:106,0
LF:65
LH:0
end_of_record
TN:
SF:/Users/junhoyeo/tokscale-2/crates/tokscale-cli/src/tui/ui/models.rs
FN:11,render
FN:215,truncate
FNF:2
FNDA:0,render
FNDA:0,truncate
DA:11,0
DA:12,0
DA:13,0
DA:14,0
DA:15,0
DA:17,0
DA:18,0
DA:19,0
DA:21,0
DA:23,0
DA:24,0
DA:26,0
DA:27,0
DA:29,0
DA:30,0
DA:31,0
DA:32,0
DA:33,0
DA:34,0
DA:35,0
DA:36,0
DA:37,0
DA:39,0
DA:40,0
DA:41,0
DA:42,0
DA:43,0
DA:44,0
DA:45,0
DA:46,0
DA:49,0
DA:50,0
DA:51,0
DA:52,0
DA:54,0
DA:68,0
DA:69,0
DA:70,0
DA:71,0
DA:72,0
DA:75,0
DA:80,0
DA:81,0
DA:82,0
DA:83,0
DA:84,0
DA:85,0
DA:86,0
DA:87,0
DA:88,0
DA:89,0
DA:90,0
DA:92,0
DA:94,0
DA:97,0
DA:98,0
DA:99,0
DA:103,0
DA:104,0
DA:105,0
DA:107,0
DA:108,0
DA:111,0
DA:114,0
DA:115,0
DA:116,0
DA:117,0
DA:119,0
DA:121,0
DA:122,0
DA:123,0
DA:124,0
DA:126,0
DA:127,0
DA:128,0
DA:129,0
DA:130,0
DA:133,0
DA:134,0
DA:135,0
DA:136,0
DA:137,0
DA:138,0
DA:140,0
DA:141,0
DA:142,0
DA:143,0
DA:144,0
DA:145,0
DA:146,0
DA:147,0
DA:148,0
DA:149,0
DA:150,0
DA:151,0
DA:152,0
DA:156,0
DA:157,0
DA:158,0
DA:159,0
DA:161,0
DA:164,0
DA:168,0
DA:169,0
DA:170,0
DA:171,0
DA:172,0
DA:173,0
DA:174,0
DA:177,0
DA:178,0
DA:179,0
DA:180,0
DA:181,0
DA:182,0
DA:183,0
DA:184,0
DA:185,0
DA:186,0
DA:187,0
DA:191,0
DA:192,0
DA:193,0
DA:195,0
DA:197,0
DA:198,0
DA:199,0
DA:200,0
DA:202,0
DA:204,0
DA:205,0
DA:206,0
DA:207,0
DA:208,0
DA:210,0
DA:215,0
DA:216,0
DA:217,0
DA:219,0
DA:220,0
DA:221,0
DA:222,0
DA:223,0
DA:225,0
DA:226,0
LF:145
LH:0
end_of_record
TN:
SF:/Users/junhoyeo/tokscale-2/crates/tokscale-cli/src/tui/ui/overview.rs
FN:19,render
FN:42,render_chart
FN:77,render_legend
FN:110,render_top_models
FN:327,truncate_string
FNF:5
FNDA:0,render
FNDA:0,render_chart
FNDA:0,render_legend
FNDA:0,render_top_models
FNDA:0,truncate_string
DA:19,0
DA:20,0
DA:21,0
DA:22,0
DA:24,0
DA:25,0
DA:26,0
DA:27,0
DA:28,0
DA:29,0
DA:31,0
DA:33,0
DA:34,0
DA:35,0
DA:37,0
DA:38,0
DA:39,0
DA:42,0
DA:43,0
DA:44,0
DA:45,0
DA:47,0
DA:52,0
DA:53,0
DA:54,0
DA:56,0
DA:57,0
DA:58,0
DA:59,0
DA:60,0
DA:61,0
DA:62,0
DA:64,0
DA:66,0
DA:67,0
DA:68,0
DA:69,0
DA:74,0
DA:77,0
DA:78,0
DA:79,0
DA:80,0
DA:82,0
DA:85,0
DA:86,0
DA:89,0
DA:90,0
DA:93,0
DA:94,0
DA:95,0
DA:97,0
DA:98,0
DA:100,0
DA:101,0
DA:105,0
DA:106,0
DA:107,0
DA:110,0
DA:114,0
DA:115,0
DA:116,0
DA:117,0
DA:118,0
DA:119,0
DA:120,0
DA:121,0
DA:122,0
DA:123,0
DA:124,0
DA:125,0
DA:127,0
DA:130,0
DA:131,0
DA:132,0
DA:133,0
DA:134,0
DA:135,0
DA:136,0
DA:140,0
DA:141,0
DA:143,0
DA:144,0
DA:145,0
DA:149,0
DA:150,0
DA:152,0
DA:155,0
DA:156,0
DA:157,0
DA:158,0
DA:159,0
DA:160,0
DA:161,0
DA:162,0
DA:165,0
DA:166,0
DA:167,0
DA:169,0
DA:171,0
DA:173,0
DA:174,0
DA:176,0
DA:177,0
DA:178,0
DA:179,0
DA:180,0
DA:181,0
DA:184,0
DA:186,0
DA:189,0
DA:190,0
DA:191,0
DA:192,0
DA:194,0
DA:195,0
DA:198,0
DA:199,0
DA:200,0
DA:201,0
DA:204,0
DA:205,0
DA:206,0
DA:207,0
DA:209,0
DA:212,0
DA:213,0
DA:214,0
DA:215,0
DA:217,0
DA:220,0
DA:221,0
DA:223,0
DA:224,0
DA:225,0
DA:226,0
DA:227,0
DA:228,0
DA:229,0
DA:231,0
DA:233,0
DA:235,0
DA:236,0
DA:237,0
DA:240,0
DA:241,0
DA:242,0
DA:244,0
DA:245,0
DA:246,0
DA:249,0
DA:250,0
DA:252,0
DA:253,0
DA:254,0
DA:255,0
DA:256,0
DA:257,0
DA:259,0
DA:260,0
DA:261,0
DA:262,0
DA:264,0
DA:265,0
DA:266,0
DA:267,0
DA:269,0
DA:270,0
DA:271,0
DA:272,0
DA:276,0
DA:277,0
DA:278,0
DA:279,0
DA:280,0
DA:282,0
DA:283,0
DA:284,0
DA:285,0
DA:287,0
DA:288,0
DA:289,0
DA:290,0
DA:292,0
DA:293,0
DA:294,0
DA:295,0
DA:300,0
DA:301,0
DA:302,0
DA:304,0
DA:307,0
DA:308,0
DA:309,0
DA:310,0
DA:311,0
DA:314,0
DA:316,0
DA:317,0
DA:318,0
DA:319,0
DA:320,0
DA:322,0
DA:327,0
DA:328,0
DA:329,0
DA:331,0
DA:332,0
DA:333,0
DA:334,0
DA:335,0
DA:337,0
DA:338,0
LF:212
LH:0
end_of_record
TN:
SF:/Users/junhoyeo/tokscale-2/crates/tokscale-cli/src/tui/ui/spinner.rs
FN:21,get_scanner_state
FN:50,get_scanner_spans
FN:79,get_phase_message
FNF:3
FNDA:0,get_scanner_state
FNDA:0,get_scanner_spans
FNDA:0,get_phase_message
DA:21,0
DA:22,0
DA:23,0
DA:24,0
DA:25,0
DA:27,0
DA:32,0
DA:34,0
DA:37,0
DA:39,0
DA:50,0
DA:51,0
DA:52,0
DA:54,0
DA:55,0
DA:56,0
DA:57,0
DA:59,0
DA:61,0
DA:62,0
DA:64,0
DA:67,0
DA:68,0
DA:70,0
DA:73,0
DA:76,0
DA:79,0
DA:80,0
DA:81,0
DA:82,0
DA:83,0
DA:84,0
DA:85,0
DA:86,0
LF:34
LH:0
end_of_record
TN:
SF:/Users/junhoyeo/tokscale-2/crates/tokscale-cli/src/tui/ui/stats.rs
FN:15,render
FN:30,render_graph
FN:162,render_stats_panel
FN:391,render_breakdown_panel
FN:560,truncate_model_name
FNF:5
FNDA:0,render
FNDA:0,render_graph
FNDA:0,render_stats_panel
FNDA:0,render_breakdown_panel
FNDA:0,truncate_model_name
DA:15,0
DA:16,0
DA:17,0
DA:18,0
DA:19,0
DA:21,0
DA:23,0
DA:24,0
DA:26,0
DA:30,0
DA:31,0
DA:32,0
DA:33,0
DA:34,0
DA:35,0
DA:36,0
DA:37,0
DA:39,0
DA:40,0
DA:41,0
DA:42,0
DA:44,0
DA:45,0
DA:46,0
DA:48,0
DA:50,0
DA:51,0
DA:53,0
DA:54,0
DA:55,0
DA:58,0
DA:59,0
DA:60,0
DA:62,0
DA:63,0
DA:64,0
DA:65,0
DA:66,0
DA:67,0
DA:68,0
DA:73,0
DA:74,0
DA:75,0
DA:77,0
DA:78,0
DA:79,0
DA:81,0
DA:83,0
DA:84,0
DA:85,0
DA:86,0
DA:87,0
DA:88,0
DA:90,0
DA:93,0
DA:95,0
DA:96,0
DA:98,0
DA:99,0
DA:101,0
DA:102,0
DA:105,0
DA:106,0
DA:108,0
DA:109,0
DA:110,0
DA:111,0
DA:112,0
DA:114,0
DA:118,0
DA:119,0
DA:121,0
DA:126,0
DA:127,0
DA:129,0
DA:133,0
DA:134,0
DA:137,0
DA:138,0
DA:140,0
DA:141,0
DA:142,0
DA:143,0
DA:144,0
DA:145,0
DA:146,0
DA:147,0
DA:148,0
DA:149,0
DA:150,0
DA:151,0
DA:152,0
DA:153,0
DA:154,0
DA:155,0
DA:162,0
DA:163,0
DA:164,0
DA:165,0
DA:166,0
DA:168,0
DA:169,0
DA:170,0
DA:172,0
DA:174,0
DA:175,0
DA:177,0
DA:178,0
DA:180,0
DA:182,0
DA:183,0
DA:184,0
DA:185,0
DA:186,0
DA:187,0
DA:188,0
DA:192,0
DA:194,0
DA:195,0
DA:196,0
DA:197,0
DA:198,0
DA:199,0
DA:200,0
DA:204,0
DA:206,0
DA:207,0
DA:208,0
DA:209,0
DA:210,0
DA:211,0
DA:212,0
DA:216,0
DA:218,0
DA:219,0
DA:220,0
DA:221,0
DA:222,0
DA:223,0
DA:227,0
DA:228,0
DA:229,0
DA:231,0
DA:232,0
DA:233,0
DA:234,0
DA:236,0
DA:239,0
DA:240,0
DA:242,0
DA:243,0
DA:245,0
DA:247,0
DA:248,0
DA:250,0
DA:252,0
DA:253,0
DA:254,0
DA:255,0
DA:256,0
DA:257,0
DA:260,0
DA:262,0
DA:263,0
DA:265,0
DA:267,0
DA:268,0
DA:269,0
DA:270,0
DA:271,0
DA:272,0
DA:275,0
DA:276,0
DA:277,0
DA:280,0
DA:282,0
DA:283,0
DA:284,0
DA:285,0
DA:287,0
DA:289,0
DA:290,0
DA:291,0
DA:292,0
DA:293,0
DA:295,0
DA:296,0
DA:297,0
DA:300,0
DA:303,0
DA:304,0
DA:306,0
DA:308,0
DA:309,0
DA:310,0
DA:311,0
DA:312,0
DA:313,0
DA:316,0
DA:318,0
DA:319,0
DA:321,0
DA:323,0
DA:324,0
DA:325,0
DA:326,0
DA:327,0
DA:328,0
DA:331,0
DA:332,0
DA:333,0
DA:336,0
DA:338,0
DA:339,0
DA:340,0
DA:341,0
DA:342,0
DA:343,0
DA:344,0
DA:347,0
DA:348,0
DA:349,0
DA:352,0
DA:354,0
DA:355,0
DA:356,0
DA:357,0
DA:358,0
DA:359,0
DA:360,0
DA:361,0
DA:362,0
DA:363,0
DA:364,0
DA:366,0
DA:367,0
DA:368,0
DA:369,0
DA:372,0
DA:374,0
DA:375,0
DA:376,0
DA:377,0
DA:378,0
DA:380,0
DA:381,0
DA:382,0
DA:384,0
DA:385,0
DA:386,0
DA:391,0
DA:392,0
DA:393,0
DA:394,0
DA:395,0
DA:397,0
DA:398,0
DA:399,0
DA:401,0
DA:403,0
DA:404,0
DA:406,0
DA:407,0
DA:408,0
DA:411,0
DA:412,0
DA:413,0
DA:416,0
DA:417,0
DA:418,0
DA:419,0
DA:420,0
DA:422,0
DA:424,0
DA:425,0
DA:426,0
DA:427,0
DA:428,0
DA:432,0
DA:434,0
DA:435,0
DA:436,0
DA:437,0
DA:438,0
DA:439,0
DA:440,0
DA:442,0
DA:443,0
DA:444,0
DA:445,0
DA:446,0
DA:447,0
DA:448,0
DA:449,0
DA:452,0
DA:455,0
DA:456,0
DA:457,0
DA:458,0
DA:459,0
DA:460,0
DA:461,0
DA:462,0
DA:464,0
DA:467,0
DA:468,0
DA:470,0
DA:471,0
DA:472,0
DA:473,0
DA:475,0
DA:476,0
DA:477,0
DA:478,0
DA:479,0
DA:480,0
DA:482,0
DA:483,0
DA:484,0
DA:488,0
DA:489,0
DA:490,0
DA:491,0
DA:492,0
DA:493,0
DA:494,0
DA:495,0
DA:499,0
DA:500,0
DA:501,0
DA:502,0
DA:503,0
DA:504,0
DA:505,0
DA:507,0
DA:508,0
DA:509,0
DA:510,0
DA:512,0
DA:513,0
DA:514,0
DA:515,0
DA:517,0
DA:518,0
DA:519,0
DA:520,0
DA:524,0
DA:525,0
DA:526,0
DA:527,0
DA:528,0
DA:530,0
DA:531,0
DA:532,0
DA:533,0
DA:535,0
DA:536,0
DA:537,0
DA:538,0
DA:540,0
DA:541,0
DA:542,0
DA:543,0
DA:550,0
DA:551,0
DA:552,0
DA:556,0
DA:557,0
DA:560,0
DA:561,0
DA:562,0
DA:564,0
DA:565,0
DA:566,0
DA:567,0
DA:568,0
DA:570,0
DA:571,0
LF:378
LH:0
end_of_record
TN:
SF:/Users/junhoyeo/tokscale-2/crates/tokscale-cli/src/tui/ui/widgets.rs
FN:5,format_tokens_compact
FN:17,format_tokens
FN:21,format_tokens_with_commas
FN:33,format_cost
FN:44,get_model_color
FN:62,get_provider_from_model
FN:98,get_source_color
FN:116,get_source_display_name
FN:135,get_provider_display_name
FN:156,capitalize_first
FNF:10
FNDA:0,format_tokens_compact
FNDA:0,format_tokens
FNDA:0,format_tokens_with_commas
FNDA:0,format_cost
FNDA:0,get_model_color
FNDA:0,get_provider_from_model
FNDA:0,get_source_color
FNDA:0,get_source_display_name
FNDA:0,get_provider_display_name
FNDA:0,capitalize_first
DA:5,0
DA:6,0
DA:7,0
DA:8,0
DA:9,0
DA:10,0
DA:11,0
DA:13,0
DA:17,0
DA:18,0
DA:21,0
DA:22,0
DA:23,0
DA:24,0
DA:25,0
DA:26,0
DA:28,0
DA:30,0
DA:33,0
DA:34,0
DA:35,0
DA:37,0
DA:38,0
DA:40,0
DA:44,0
DA:45,0
DA:46,0
DA:47,0
DA:48,0
DA:50,0
DA:51,0
DA:52,0
DA:53,0
DA:54,0
DA:55,0
DA:56,0
DA:57,0
DA:58,0
DA:62,0
DA:63,0
DA:65,0
DA:66,0
DA:67,0
DA:68,0
DA:70,0
DA:71,0
DA:72,0
DA:73,0
DA:74,0
DA:75,0
DA:76,0
DA:77,0
DA:78,0
DA:80,0
DA:81,0
DA:82,0
DA:83,0
DA:84,0
DA:85,0
DA:86,0
DA:87,0
DA:88,0
DA:89,0
DA:90,0
DA:91,0
DA:92,0
DA:94,0
DA:98,0
DA:99,0
DA:100,0
DA:101,0
DA:103,0
DA:104,0
DA:105,0
DA:106,0
DA:107,0
DA:108,0
DA:109,0
DA:110,0
DA:111,0
DA:112,0
DA:116,0
DA:117,0
DA:118,0
DA:119,0
DA:121,0
DA:122,0
DA:123,0
DA:124,0
DA:125,0
DA:126,0
DA:127,0
DA:128,0
DA:129,0
DA:130,0
DA:131,0
DA:135,0
DA:136,0
DA:137,0
DA:138,0
DA:140,0
DA:141,0
DA:142,0
DA:143,0
DA:144,0
DA:145,0
DA:146,0
DA:147,0
DA:148,0
DA:149,0
DA:150,0
DA:151,0
DA:152,0
DA:156,0
DA:157,0
DA:158,0
DA:159,0
DA:160,0
LF:118
LH:0
end_of_record
TN:
SF:/Users/junhoyeo/tokscale-2/crates/tokscale-core/src/aggregator.rs
FN:14,aggregate_by_date
FN:61,calculate_summary
FN:97,calculate_years
FN:136,generate_graph_result
FN:177,<impl Default for DayAccumulator>::default
FN:187,DayAccumulator::add_message
FN:262,DayAccumulator::merge
FN:335,DayAccumulator::into_contribution
FN:380,calculate_intensities
FNF:9
FNDA:13,aggregate_by_date
FNDA:6,calculate_summary
FNDA:7,calculate_years
FNDA:2,generate_graph_result
FNDA:298,<impl Default for DayAccumulator>::default
FNDA:125,DayAccumulator::add_message
FNDA:266,DayAccumulator::merge
FNDA:32,DayAccumulator::into_contribution
FNDA:16,calculate_intensities
DA:14,13
DA:15,26
DA:16,1
DA:20,36
DA:23,36
DA:26,250
DA:27,125
DA:28,750
DA:29,375
DA:30,125
DA:34,250
DA:35,238
DA:36,1036
DA:37,1064
DA:39,238
DA:44,60
DA:45,24
DA:46,12
DA:47,12
DA:48,108
DA:52,147
DA:55,24
DA:57,12
DA:61,6
DA:62,36
DA:63,36
DA:64,38
DA:65,12
DA:67,6
DA:68,6
DA:70,12
DA:71,12
DA:73,14
DA:74,20
DA:75,30
DA:76,18
DA:83,6
DA:85,6
DA:91,18
DA:92,18
DA:97,7
DA:98,21
DA:100,19
DA:102,12
DA:103,1
DA:107,1
DA:109,22
DA:110,66
DA:111,11
DA:112,11
DA:114,33
DA:115,14
DA:117,37
DA:118,22
DA:122,35
DA:123,35
DA:124,7
DA:125,7
DA:126,7
DA:127,7
DA:128,7
DA:131,26
DA:132,7
DA:136,2
DA:140,6
DA:141,6
DA:143,4
DA:145,4
DA:147,4
DA:149,4
DA:153,4
DA:177,298
DA:179,596
DA:180,298
DA:181,298
DA:187,125
DA:188,250
DA:189,125
DA:190,125
DA:191,250
DA:192,250
DA:193,250
DA:194,250
DA:196,250
DA:197,125
DA:198,125
DA:200,250
DA:201,250
DA:202,250
DA:203,250
DA:204,125
DA:205,250
DA:206,250
DA:207,250
DA:208,125
DA:209,250
DA:210,250
DA:211,250
DA:212,125
DA:213,250
DA:214,250
DA:215,250
DA:216,125
DA:219,250
DA:222,250
DA:224,250
DA:225,125
DA:226,250
DA:227,125
DA:228,250
DA:229,250
DA:230,250
DA:231,125
DA:237,500
DA:238,0
DA:241,250
DA:242,250
DA:243,250
DA:244,250
DA:245,250
DA:246,125
DA:247,250
DA:248,250
DA:249,250
DA:250,125
DA:251,250
DA:252,125
DA:253,125
DA:256,500
DA:257,125
DA:258,250
DA:259,375
DA:262,266
DA:263,532
DA:264,266
DA:265,532
DA:267,532
DA:268,532
DA:269,532
DA:270,266
DA:271,532
DA:272,532
DA:273,532
DA:274,266
DA:275,532
DA:276,532
DA:277,532
DA:278,266
DA:279,532
DA:280,532
DA:281,532
DA:282,266
DA:283,532
DA:284,532
DA:285,532
DA:286,266
DA:288,800
DA:289,534
DA:290,267
DA:291,534
DA:292,267
DA:293,352
DA:294,352
DA:295,352
DA:296,176
DA:302,534
DA:303,1068
DA:304,0
DA:308,534
DA:309,534
DA:310,534
DA:311,534
DA:312,534
DA:313,267
DA:314,534
DA:315,534
DA:316,534
DA:317,267
DA:318,534
DA:319,534
DA:320,534
DA:321,267
DA:322,267
DA:323,534
DA:327,1070
DA:328,1345
DA:329,538
DA:330,807
DA:331,807
DA:335,32
DA:337,96
DA:338,96
DA:339,96
DA:340,96
DA:341,32
DA:344,96
DA:345,32
DA:347,66
DA:348,34
DA:349,34
DA:350,34
DA:351,34
DA:352,34
DA:353,34
DA:354,34
DA:360,64
DA:380,16
DA:381,32
DA:383,16
DA:384,16
DA:386,16
DA:387,2
DA:390,69
DA:391,82
DA:392,41
DA:393,28
DA:394,13
DA:395,9
DA:396,4
DA:397,3
DA:398,1
DA:399,1
DA:401,0
LF:223
LH:220
end_of_record
TN:
SF:/Users/junhoyeo/tokscale-2/crates/tokscale-core/src/lib.rs
FN:19,version
FN:23,health_check
FN:27,normalize_model_for_grouping
FN:68,<impl Default for GroupBy>::default
FN:74,<impl Display for GroupBy>::fmt
FN:86,<impl FromStr for GroupBy>::from_str
FN:110,TokenBreakdown::total
FN:274,get_home_dir_string
FN:284,parse_all_messages_with_pricing
FN:509,get_model_report
FN:641,get_monthly_report
FN:712,generate_graph
FN:744,filter_messages_for_report
FN:766,is_headless_path
FN:770,apply_headless_agent
FN:776,parse_local_sources
FN:933,unified_to_parsed
FN:950,filter_parsed_messages
FN:972,parsed_to_unified
FNF:19
FNDA:0,version
FNDA:0,health_check
FNDA:266,normalize_model_for_grouping
FNDA:1,<impl Default for GroupBy>::default
FNDA:3,<impl Display for GroupBy>::fmt
FNDA:14,<impl FromStr for GroupBy>::from_str
FNDA:0,TokenBreakdown::total
FNDA:2,get_home_dir_string
FNDA:2,parse_all_messages_with_pricing
FNDA:4,get_model_report
FNDA:0,get_monthly_report
FNDA:0,generate_graph
FNDA:2,filter_messages_for_report
FNDA:0,is_headless_path
FNDA:0,apply_headless_agent
FNDA:0,parse_local_sources
FNDA:0,unified_to_parsed
FNDA:0,filter_parsed_messages
FNDA:0,parsed_to_unified
DA:19,0
DA:20,0
DA:23,0
DA:24,0
DA:27,266
DA:28,798
DA:30,266
DA:31,738
DA:32,1510
DA:33,12
DA:35,12
DA:39,266
DA:40,976
DA:41,976
DA:42,4405
DA:43,4161
DA:44,4
DA:45,8
DA:46,8
DA:47,8
DA:49,4
DA:51,12471
DA:54,488
DA:57,266
DA:68,1
DA:69,1
DA:74,3
DA:75,3
DA:76,2
DA:77,2
DA:78,2
DA:86,14
DA:87,162
DA:88,14
DA:89,17
DA:90,23
DA:91,11
DA:92,1
DA:93,1
DA:94,1
DA:110,0
DA:111,0
DA:274,2
DA:275,2
DA:277,6
DA:278,2
DA:279,2
DA:280,0
DA:284,2
DA:289,8
DA:290,6
DA:292,6
DA:293,2
DA:295,605892
DA:296,1817670
DA:297,1339524
DA:298,893016
DA:299,893016
DA:300,893016
DA:301,893016
DA:302,446508
DA:303,446508
DA:305,446508
DA:308,6
DA:310,6
DA:311,2
DA:313,1686
DA:314,3368
DA:315,1684
DA:316,33058
DA:317,125496
DA:318,94122
DA:319,62748
DA:320,62748
DA:321,62748
DA:322,62748
DA:323,31374
DA:324,31374
DA:326,31374
DA:328,1684
DA:332,6
DA:333,6
DA:335,165246
DA:336,2
DA:338,6
DA:340,6
DA:341,2
DA:343,36
DA:344,68
DA:345,34
DA:346,50
DA:347,48
DA:348,32
DA:349,32
DA:350,32
DA:351,32
DA:352,16
DA:353,16
DA:355,16
DA:357,34
DA:360,6
DA:362,6
DA:363,2
DA:365,26
DA:366,48
DA:367,24
DA:368,594
DA:369,1710
DA:370,1140
DA:371,1140
DA:372,570
DA:373,570
DA:374,570
DA:375,570
DA:377,570
DA:379,24
DA:382,6
DA:384,6
DA:385,2
DA:387,4
DA:388,4
DA:389,2
DA:390,10068
DA:391,20132
DA:392,30198
DA:393,10066
DA:394,10066
DA:395,10066
DA:396,10066
DA:397,10066
DA:398,10066
DA:400,10066
DA:401,5890
DA:403,4176
DA:405,10066
DA:407,2
DA:410,6
DA:412,6
DA:413,2
DA:415,6
DA:416,8
DA:417,4
DA:418,234
DA:419,460
DA:420,690
DA:421,230
DA:422,230
DA:423,230
DA:424,230
DA:425,230
DA:426,230
DA:428,230
DA:429,230
DA:431,0
DA:433,230
DA:435,4
DA:438,6
DA:440,6
DA:441,2
DA:443,4
DA:444,4
DA:445,2
DA:446,4
DA:447,6
DA:448,4
DA:449,4
DA:450,4
DA:451,4
DA:452,2
DA:453,2
DA:455,2
DA:457,2
DA:460,6
DA:462,6
DA:463,2
DA:465,4
DA:466,4
DA:467,2
DA:468,2526
DA:469,7572
DA:470,5048
DA:471,5048
DA:472,5048
DA:473,5048
DA:474,2524
DA:475,2524
DA:477,2524
DA:479,2
DA:482,6
DA:484,6
DA:485,2
DA:487,8
DA:488,12
DA:489,6
DA:490,26
DA:491,60
DA:492,40
DA:493,40
DA:494,40
DA:495,40
DA:496,20
DA:497,20
DA:499,20
DA:501,6
DA:504,6
DA:506,2
DA:509,4
DA:510,4
DA:512,6
DA:514,10
DA:515,2
DA:516,4
DA:517,4
DA:518,4
DA:519,4
DA:520,4
DA:521,4
DA:522,4
DA:523,4
DA:524,4
DA:528,4
DA:529,10
DA:531,8
DA:533,6
DA:534,4
DA:536,2
DA:537,0
DA:538,0
DA:539,0
DA:540,0
DA:542,0
DA:545,0
DA:546,0
DA:547,0
DA:548,0
DA:550,0
DA:552,0
DA:553,0
DA:563,0
DA:564,0
DA:565,0
DA:568,0
DA:569,0
DA:570,0
DA:575,0
DA:576,0
DA:577,0
DA:581,0
DA:582,0
DA:583,0
DA:584,0
DA:585,0
DA:586,0
DA:587,0
DA:590,6
DA:592,2
DA:594,0
DA:595,0
DA:596,0
DA:597,0
DA:598,0
DA:601,4
DA:602,0
DA:603,0
DA:604,0
DA:605,0
DA:606,0
DA:607,0
DA:608,0
DA:611,10
DA:612,10
DA:613,10
DA:614,10
DA:615,10
DA:616,10
DA:618,2
DA:619,4
DA:620,4
DA:621,4
DA:622,4
DA:623,4
DA:624,4
DA:625,4
DA:626,2
DA:641,0
DA:642,0
DA:644,0
DA:646,0
DA:647,0
DA:648,0
DA:649,0
DA:650,0
DA:651,0
DA:652,0
DA:653,0
DA:654,0
DA:655,0
DA:656,0
DA:660,0
DA:661,0
DA:663,0
DA:665,0
DA:667,0
DA:668,0
DA:669,0
DA:671,0
DA:674,0
DA:676,0
DA:677,0
DA:678,0
DA:679,0
DA:680,0
DA:681,0
DA:682,0
DA:683,0
DA:684,0
DA:687,0
DA:689,0
DA:690,0
DA:691,0
DA:692,0
DA:693,0
DA:694,0
DA:695,0
DA:696,0
DA:697,0
DA:701,0
DA:703,0
DA:705,0
DA:706,0
DA:707,0
DA:708,0
DA:712,0
DA:713,0
DA:715,0
DA:717,0
DA:718,0
DA:719,0
DA:720,0
DA:721,0
DA:722,0
DA:723,0
DA:724,0
DA:725,0
DA:726,0
DA:727,0
DA:731,0
DA:732,0
DA:734,0
DA:736,0
DA:738,0
DA:739,0
DA:741,0
DA:744,2
DA:748,4
DA:750,3
DA:751,2
DA:752,730313
DA:755,3
DA:756,486876
DA:759,2
DA:760,0
DA:763,2
DA:766,0
DA:767,0
DA:770,0
DA:771,0
DA:772,0
DA:776,0
DA:777,0
DA:779,0
DA:781,0
DA:782,0
DA:783,0
DA:784,0
DA:785,0
DA:786,0
DA:787,0
DA:788,0
DA:789,0
DA:790,0
DA:794,0
DA:796,0
DA:797,0
DA:799,0
DA:801,0
DA:802,0
DA:804,0
DA:805,0
DA:806,0
DA:809,0
DA:810,0
DA:812,0
DA:813,0
DA:815,0
DA:816,0
DA:817,0
DA:818,0
DA:819,0
DA:820,0
DA:822,0
DA:826,0
DA:827,0
DA:829,0
DA:830,0
DA:832,0
DA:833,0
DA:835,0
DA:836,0
DA:838,0
DA:839,0
DA:840,0
DA:841,0
DA:842,0
DA:843,0
DA:844,0
DA:846,0
DA:849,0
DA:850,0
DA:852,0
DA:853,0
DA:855,0
DA:856,0
DA:857,0
DA:858,0
DA:859,0
DA:862,0
DA:863,0
DA:865,0
DA:866,0
DA:868,0
DA:869,0
DA:870,0
DA:871,0
DA:872,0
DA:875,0
DA:876,0
DA:878,0
DA:879,0
DA:881,0
DA:882,0
DA:883,0
DA:884,0
DA:885,0
DA:888,0
DA:889,0
DA:891,0
DA:892,0
DA:894,0
DA:895,0
DA:896,0
DA:897,0
DA:898,0
DA:901,0
DA:902,0
DA:904,0
DA:905,0
DA:907,0
DA:908,0
DA:909,0
DA:910,0
DA:911,0
DA:914,0
DA:915,0
DA:917,0
DA:919,0
DA:920,0
DA:921,0
DA:922,0
DA:923,0
DA:924,0
DA:925,0
DA:926,0
DA:927,0
DA:928,0
DA:929,0
DA:933,0
DA:935,0
DA:936,0
DA:937,0
DA:938,0
DA:939,0
DA:940,0
DA:941,0
DA:942,0
DA:943,0
DA:944,0
DA:945,0
DA:946,0
DA:950,0
DA:954,0
DA:956,0
DA:957,0
DA:958,0
DA:961,0
DA:962,0
DA:965,0
DA:966,0
DA:969,0
DA:972,0
DA:974,0
DA:975,0
DA:976,0
DA:977,0
DA:978,0
DA:979,0
DA:980,0
DA:988,0
LF:508
LH:245
end_of_record
TN:
SF:/Users/junhoyeo/tokscale-2/crates/tokscale-core/src/parser.rs
FN:10,parse_json_file
FN:17,parse_jsonl_file
FNF:2
FNDA:6,parse_json_file
FNDA:6,parse_jsonl_file
DA:10,6
DA:11,26
DA:13,19
DA:17,6
DA:22,26
DA:23,15
DA:25,1021
DA:26,3033
DA:27,2022
DA:28,2022
DA:29,2
DA:32,3027
DA:33,1009
DA:34,2014
DA:35,2
DA:39,5
LF:16
LH:16
end_of_record
TN:
SF:/Users/junhoyeo/tokscale-2/crates/tokscale-core/src/pricing/aliases.rs
FN:15,resolve_alias
FNF:1
FNDA:223,resolve_alias
DA:4,3
DA:5,6
DA:6,6
DA:7,12
DA:8,12
DA:9,12
DA:10,12
DA:11,12
DA:12,3
DA:15,223
DA:16,892
LF:11
LH:11
end_of_record
TN:
SF:/Users/junhoyeo/tokscale-2/crates/tokscale-core/src/pricing/cache.rs
FN:8,get_cache_dir
FN:14,get_cache_path
FN:24,load_cache
FN:41,save_cache
FNF:4
FNDA:4,get_cache_dir
FNDA:4,get_cache_path
FNDA:4,load_cache
FNDA:0,save_cache
DA:8,4
DA:9,4
DA:10,4
[...]
DA:556,304639
DA:557,990
DA:558,567
DA:559,189
DA:560,837
DA:561,378
DA:563,152036
DA:567,178
DA:568,534
DA:570,178
DA:571,36
DA:572,13
DA:573,6
DA:574,6
DA:577,159
DA:578,48
DA:579,11
DA:580,22
DA:581,4
DA:582,10
DA:583,10
DA:584,0
DA:585,0
DA:588,134
DA:589,0
DA:590,0
DA:591,0
DA:592,0
DA:596,134
DA:599,336
DA:600,1344
DA:601,1680
DA:602,672
DA:604,5206
DA:605,4870
DA:606,625
DA:607,1250
DA:608,1250
DA:609,416
DA:611,128
DA:612,146
DA:613,92
DA:615,36
DA:616,12
DA:618,56
DA:619,28
DA:622,14514
DA:626,336
DA:627,28
DA:629,308
DA:633,150
DA:634,150
DA:635,18
DA:637,264
DA:643,75
DA:647,375
DA:649,75
DA:650,12
DA:653,189
DA:655,148
DA:656,595
DA:658,85
DA:659,128
DA:660,43
DA:665,20
DA:671,23
DA:675,115
DA:677,23
DA:678,8
DA:681,45
DA:683,35
DA:684,100
DA:686,20
DA:688,26
DA:689,8
DA:693,21
DA:694,1
DA:699,6
DA:702,200
DA:703,600
DA:704,200
DA:706,6431
DA:709,74
DA:710,222
DA:711,74
DA:713,1814
DA:716,478
DA:721,956
DA:722,436
DA:725,427
DA:726,75
DA:727,25
DA:728,75
DA:729,75
DA:730,25
DA:735,110
DA:736,30
DA:737,10
DA:738,30
DA:739,30
DA:740,10
DA:745,14
DA:746,28
DA:747,14
DA:748,14
DA:749,14
LF:372
LH:306
end_of_record
TN:
SF:/Users/junhoyeo/tokscale-2/crates/tokscale-core/src/pricing/mod.rs
FN:21,PricingService::new
FN:30,PricingService::fetch_inner
FN:39,PricingService::get_or_init
FN:46,PricingService::lookup_with_source
FN:54,PricingService::calculate_cost
FNF:5
FNDA:2,PricingService::new
FNDA:4,PricingService::fetch_inner
FNDA:4,PricingService::get_or_init
FNDA:0,PricingService::lookup_with_source
FNDA:491310,PricingService::calculate_cost
DA:21,2
DA:26,4
DA:30,4
DA:31,4
DA:32,6
DA:34,6
DA:36,4
DA:39,4
DA:40,2
DA:41,12
DA:42,2
DA:43,2
DA:46,0
DA:51,0
DA:54,491310
DA:63,491310
DA:64,3439170
LF:17
LH:15
end_of_record
TN:
SF:/Users/junhoyeo/tokscale-2/crates/tokscale-core/src/pricing/openrouter.rs
FN:67,get_author_provider_name
FN:87,load_cached
FN:91,parse_price
FN:98,fetch_author_pricing
FN:175,fetch_all_models
FN:306,fetch_all_mapped
FNF:6
FNDA:0,get_author_provider_name
FNDA:2,load_cached
FNDA:0,parse_price
FNDA:0,fetch_author_pricing
FNDA:4,fetch_all_models
FNDA:4,fetch_all_mapped
DA:67,0
DA:68,0
DA:70,0
DA:71,0
DA:72,0
DA:73,0
DA:74,0
DA:75,0
DA:76,0
DA:77,0
DA:78,0
DA:79,0
DA:80,0
DA:81,0
DA:82,0
DA:83,0
DA:87,2
DA:88,4
DA:91,0
DA:92,0
DA:95,0
DA:98,0
DA:104,0
DA:106,0
DA:107,0
DA:108,0
DA:111,0
DA:113,0
DA:114,0
DA:115,0
DA:116,0
DA:117,0
DA:119,0
DA:121,0
DA:125,0
DA:126,0
DA:129,0
DA:130,0
DA:132,0
DA:137,0
DA:138,0
DA:139,0
DA:140,0
DA:141,0
DA:143,0
DA:145,0
DA:149,0
DA:150,0
DA:152,0
DA:153,0
DA:159,0
DA:164,0
DA:171,0
DA:175,4
DA:176,4
DA:177,2
DA:181,0
DA:182,0
DA:183,0
DA:184,0
DA:185,0
DA:188,0
DA:190,0
DA:191,0
DA:192,0
DA:193,0
DA:194,0
DA:195,0
DA:196,0
DA:198,0
DA:199,0
DA:200,0
DA:201,0
DA:202,0
DA:203,0
DA:205,0
DA:207,0
DA:211,0
DA:212,0
DA:213,0
DA:214,0
DA:215,0
DA:216,0
DA:217,0
DA:219,0
DA:221,0
DA:224,0
DA:225,0
DA:226,0
DA:229,0
DA:230,0
DA:231,0
DA:232,0
DA:233,0
DA:237,0
DA:238,0
DA:239,0
DA:240,0
DA:241,0
DA:242,0
DA:243,0
DA:244,0
DA:245,0
DA:246,0
DA:247,0
DA:248,0
DA:251,0
DA:253,0
DA:256,0
DA:257,0
DA:258,0
DA:259,0
DA:262,0
DA:265,0
DA:266,0
DA:269,0
DA:271,0
DA:274,0
DA:276,0
DA:278,0
DA:279,0
DA:280,0
DA:282,0
DA:284,0
DA:287,0
DA:291,0
DA:293,0
DA:294,0
DA:295,0
DA:299,0
DA:300,0
DA:303,0
DA:306,4
DA:307,2
LF:134
LH:7
end_of_record
TN:
SF:/Users/junhoyeo/tokscale-2/crates/tokscale-core/src/scanner.rs
FN:39,ScanResult::total_files
FN:52,ScanResult::all_files
FN:87,headless_roots
FN:108,scan_directory
FN:170,scan_all_sources
FNF:5
FNDA:4,ScanResult::total_files
FNDA:2,ScanResult::all_files
FNDA:10,headless_roots
FNDA:48,scan_directory
FNDA:8,scan_all_sources
DA:39,4
DA:40,40
DA:41,32
DA:42,28
DA:43,24
DA:44,20
DA:45,16
DA:46,12
DA:47,8
DA:48,4
DA:52,2
DA:53,8
DA:55,4
DA:56,4
DA:58,4
DA:59,4
DA:61,4
DA:62,4
DA:64,4
DA:65,4
DA:67,4
DA:68,4
DA:70,2
DA:71,0
DA:73,2
DA:74,0
DA:76,2
DA:77,0
DA:79,4
DA:80,4
DA:83,2
DA:87,10
DA:88,11
DA:89,3
DA:92,18
DA:93,36
DA:98,27
DA:102,27
DA:104,9
DA:108,48
DA:109,48
DA:110,13
DA:113,70
DA:116,1288391
DA:117,644213
DA:118,1932534
DA:119,644178
DA:120,35714
DA:123,4867712
DA:125,7905045
DA:126,12159306
DA:127,12159306
DA:128,6079653
DA:131,608464
DA:132,1820260
DA:133,6828
DA:134,441
DA:135,432
DA:136,2
DA:137,0
DA:140,2
DA:141,2
DA:145,0
DA:146,0
DA:150,0
DA:151,0
DA:154,0
DA:156,430
DA:157,136
DA:159,406
DA:160,394
DA:161,764
DA:162,0
DA:165,1215367
DA:170,8
DA:171,16
DA:173,24
DA:174,54
DA:175,52
DA:176,60
DA:177,66
DA:178,70
DA:179,74
DA:180,78
DA:181,82
DA:182,86
DA:184,24
DA:187,24
DA:189,8
DA:191,3
DA:192,8
DA:193,6
DA:194,12
DA:197,13
DA:199,15
DA:200,20
DA:203,8
DA:205,4
DA:206,11
DA:207,8
DA:208,16
DA:211,20
DA:212,24
DA:213,32
DA:214,32
DA:218,13
DA:220,15
DA:221,20
DA:224,10
DA:226,6
DA:228,8
DA:231,8
DA:233,2
DA:234,6
DA:235,4
DA:236,8
DA:239,10
DA:241,6
DA:242,8
DA:245,10
DA:247,6
DA:248,10
DA:250,6
DA:251,10
DA:252,6
DA:253,10
DA:254,6
DA:255,8
DA:258,10
DA:260,6
DA:261,8
DA:265,24
DA:267,49
DA:268,164
DA:269,41
DA:274,90
DA:275,41
DA:276,9
DA:277,15
DA:278,36
DA:279,15
DA:280,6
DA:281,6
DA:282,6
DA:283,24
DA:284,6
DA:288,8
LF:147
LH:137
end_of_record
TN:
SF:/Users/junhoyeo/tokscale-2/crates/tokscale-core/src/sessions/amp.rs
FN:69,get_provider_from_model
FN:91,parse_amp_file
FNF:2
FNDA:230,get_provider_from_model
FNDA:4,parse_amp_file
DA:69,230
DA:70,690
DA:71,230
DA:72,0
DA:73,0
DA:74,0
DA:76,230
DA:78,0
DA:79,0
DA:81,0
DA:82,0
DA:84,0
DA:85,0
DA:87,0
DA:91,4
DA:92,8
DA:93,8
DA:94,0
DA:97,8
DA:98,12
DA:99,8
DA:100,0
DA:103,16
DA:104,0
DA:105,0
DA:106,0
DA:107,0
DA:110,8
DA:113,6
DA:114,4
DA:115,232
DA:116,460
DA:117,460
DA:118,0
DA:121,460
DA:122,230
DA:123,920
DA:124,690
DA:127,230
DA:128,0
DA:131,920
DA:132,460
DA:133,460
DA:134,230
DA:135,230
DA:138,690
DA:140,230
DA:141,460
DA:142,460
DA:143,230
DA:144,230
DA:145,920
DA:146,920
DA:147,920
DA:148,460
DA:149,230
DA:151,690
DA:154,2
DA:155,2
DA:161,6
DA:162,4
DA:163,2
DA:164,0
DA:165,0
DA:168,0
DA:169,0
DA:170,0
DA:173,0
DA:174,0
DA:175,0
DA:179,0
DA:180,0
DA:182,0
DA:184,0
DA:185,0
DA:186,0
DA:187,0
DA:188,0
DA:189,0
DA:190,0
DA:191,0
DA:192,0
DA:193,0
DA:195,0
DA:200,2
LF:85
LH:45
end_of_record
TN:
SF:/Users/junhoyeo/tokscale-2/crates/tokscale-core/src/sessions/claudecode.rs
FN:45,parse_claude_file
FN:173,parse_claude_headless_json
FN:197,process_claude_headless_line
FN:246,extract_claude_headless_message
FN:278,extract_claude_model
FN:286,extract_claude_timestamp
FN:294,update_claude_usage
FN:309,finalize_headless_state
FNF:8
FNDA:1691,parse_claude_file
FNDA:1,parse_claude_headless_json
FNDA:118348,process_claude_headless_line
FNDA:118346,extract_claude_headless_message
FNDA:2,extract_claude_model
FNDA:2,extract_claude_timestamp
FNDA:2,update_claude_usage
FNDA:1692,finalize_headless_state
DA:45,1691
DA:46,3382
DA:48,5073
DA:52,5073
DA:54,10134
DA:55,5
DA:56,1
DA:57,1
DA:61,3380
DA:62,3380
DA:63,0
DA:66,5070
DA:67,3380
DA:68,5070
DA:69,3380
DA:71,185277
DA:72,363794
DA:73,363794
DA:74,0
DA:77,363794
DA:78,363794
DA:79,0
DA:82,363794
DA:83,545691
DA:84,363794
DA:86,181897
DA:87,127098
DA:88,127098
DA:89,0
DA:93,158480
DA:94,115594
DA:95,115594
DA:96,173391
DA:97,32167
DA:99,25630
DA:101,5752
DA:104,62764
DA:105,62764
DA:106,0
DA:109,62764
DA:110,62764
DA:111,0
DA:114,62764
DA:115,31382
DA:116,125528
DA:117,94146
DA:118,62764
DA:120,94146
DA:122,31382
DA:124,62764
DA:125,31382
DA:126,31382
DA:127,125528
DA:128,125528
DA:129,125528
DA:130,62764
DA:131,31382
DA:134,31382
DA:136,31382
DA:140,149730
DA:141,31382
DA:145,236696
DA:146,236696
DA:147,118348
DA:148,118348
DA:150,2
DA:154,0
DA:155,5070
DA:157,0
DA:160,1690
DA:173,1
DA:178,2
DA:179,2
DA:180,0
DA:183,2
DA:184,3
DA:185,2
DA:186,0
DA:189,2
DA:190,5
DA:191,2
DA:194,1
DA:197,118348
DA:203,355044
DA:204,591740
DA:206,946784
DA:207,355044
DA:209,118348
DA:210,118348
DA:211,5
DA:213,3
DA:214,3
DA:215,2
DA:217,3
DA:218,1
DA:220,2
DA:223,118347
DA:224,2
DA:226,1
DA:228,2
DA:231,118347
DA:232,4
DA:235,0
DA:236,355035
DA:238,0
DA:243,118348
DA:246,118346
DA:251,118347
DA:253,668729
DA:254,3
DA:255,5
DA:257,2
DA:258,1
DA:259,2
DA:260,1
DA:261,3
DA:262,2
DA:263,1
DA:264,6
DA:265,6
DA:266,4
DA:267,2
DA:268,2
DA:269,4
DA:270,1
DA:271,1
DA:272,1
DA:274,1
DA:278,2
DA:279,10
DA:280,2
DA:281,2
DA:282,8
DA:286,2
DA:287,2
DA:289,4
DA:290,7
DA:291,2
DA:294,2
DA:295,6
DA:296,2
DA:298,6
DA:299,2
DA:301,6
DA:302,2
DA:304,6
DA:305,2
DA:309,1692
DA:314,5076
DA:315,4
DA:316,1
DA:317,0
DA:318,0
DA:323,1
DA:325,2
DA:326,1
DA:327,1
DA:328,3
DA:329,3
DA:330,3
DA:331,1
DA:332,1
DA:337,2
DA:338,1
LF:164
LH:150
end_of_record
TN:
SF:/Users/junhoyeo/tokscale-2/crates/tokscale-core/src/sessions/codex.rs
FN:52,parse_codex_file
FN:230,extract_model
FN:248,parse_codex_headless_line
FN:289,extract_headless_usage
FN:322,extract_model_from_value
FN:342,extract_timestamp_from_value
FNF:6
FNDA:37,parse_codex_file
FNDA:31,extract_model
FNDA:194,parse_codex_headless_line
FNDA:72,extract_headless_usage
FNDA:74,extract_model_from_value
FNDA:2,extract_timestamp_from_value
DA:52,37
DA:53,74
DA:54,74
DA:55,0
DA:58,74
DA:60,111
DA:64,111
DA:66,111
DA:67,74
DA:70,111
DA:71,111
DA:72,74
DA:74,356
DA:75,564
DA:76,564
DA:77,0
DA:80,564
DA:81,564
DA:82,52
DA:85,460
DA:86,690
DA:87,338
DA:88,214
DA:90,112
DA:91,1
DA:94,116
DA:95,30
DA:96,10
DA:100,106
DA:101,49
DA:104,21
DA:105,0
DA:108,38
DA:109,34
DA:110,4
DA:114,68
DA:115,0
DA:118,34
DA:120,19
DA:125,85
DA:126,51
DA:127,34
DA:128,17
DA:129,34
DA:132,68
DA:133,34
DA:134,17
DA:136,0
DA:137,0
DA:139,0
DA:140,0
DA:141,0
DA:142,0
DA:143,0
DA:146,0
DA:147,0
DA:149,0
DA:150,0
DA:151,0
DA:154,0
DA:158,49
DA:159,16
DA:160,48
DA:161,48
DA:162,32
DA:163,32
DA:164,32
DA:165,16
DA:170,17
DA:171,0
DA:174,34
DA:175,17
DA:176,68
DA:177,51
DA:178,34
DA:180,34
DA:181,1
DA:183,16
DA:186,51
DA:188,17
DA:190,34
DA:191,17
DA:192,17
DA:193,51
DA:194,51
DA:195,17
DA:196,17
DA:197,17
DA:200,17
DA:202,17
DA:207,109
DA:208,5
DA:212,226
DA:213,32
DA:216,2
DA:217,776
DA:219,4
DA:220,2
DA:221,0
DA:223,6
DA:227,37
DA:230,31
DA:231,31
DA:232,31
DA:234,93
DA:235,158
DA:236,158
DA:237,51
DA:248,194
DA:254,582
DA:255,848
DA:257,76
DA:258,2
DA:261,216
DA:262,4
DA:263,2
DA:264,2
DA:265,2
DA:266,8
DA:268,2
DA:269,0
DA:272,4
DA:273,2
DA:274,4
DA:275,2
DA:276,6
DA:277,4
DA:278,2
DA:279,6
DA:280,6
DA:281,2
DA:282,2
DA:283,2
DA:285,2
DA:289,72
DA:290,74
DA:292,287
DA:293,282
DA:294,352
DA:296,8
DA:297,2
DA:298,2
DA:300,8
DA:301,2
DA:302,2
DA:304,8
DA:305,2
DA:306,2
DA:309,6
DA:310,2
DA:311,6
DA:313,2
DA:314,8
DA:315,4
DA:316,4
DA:317,2
DA:318,2
DA:322,74
DA:323,222
DA:324,290
DA:325,146
DA:326,72
DA:327,72
DA:328,78
DA:330,146
DA:331,72
DA:332,72
DA:333,78
DA:335,144
DA:336,70
DA:337,70
DA:338,70
DA:342,2
DA:343,2
DA:345,6
DA:346,6
DA:347,10
DA:348,2
LF:178
LH:158
end_of_record
TN:
SF:/Users/junhoyeo/tokscale-2/crates/tokscale-core/src/sessions/cursor.rs
FN:14,account_id_from_cursor_cache_path
FN:49,infer_provider
FN:73,parse_cost
FN:90,parse_cursor_file
FN:208,parse_csv_line
FN:234,parse_date_to_timestamp
FNF:6
FNDA:4,account_id_from_cursor_cache_path
FNDA:10076,infer_provider
FNDA:10077,parse_cost
FNDA:4,parse_cursor_file
FNDA:10075,parse_csv_line
FNDA:10074,parse_date_to_timestamp
DA:14,4
DA:15,8
DA:17,12
DA:20,4
DA:21,8
DA:24,0
DA:26,0
DA:29,0
DA:31,0
DA:32,0
DA:33,0
DA:35,0
DA:39,0
DA:40,0
DA:42,0
DA:45,0
DA:49,10076
DA:50,30228
DA:52,10076
DA:53,4763
DA:54,4763
DA:55,4763
DA:57,5313
DA:58,11165
DA:59,1840
DA:60,2923
DA:61,105
DA:62,2818
DA:63,1
DA:64,5633
DA:65,1
DA:67,2816
DA:73,10077
DA:74,50385
DA:75,20154
DA:78,50379
DA:79,3518
DA:82,19677
DA:90,4
DA:91,8
DA:92,8
DA:93,0
DA:96,8
DA:97,8
DA:100,8
DA:101,8
DA:102,0
DA:106,8
DA:107,0
DA:111,16
DA:112,42
DA:116,4
DA:117,4
DA:118,4
DA:119,4
DA:120,4
DA:121,4
DA:122,4
DA:124,3
DA:127,1
DA:130,12
DA:132,10074
DA:133,20140
DA:134,0
DA:138,40280
DA:141,20140
DA:142,20140
DA:143,0
DA:146,30210
DA:147,30210
DA:148,30210
DA:153,30210
DA:158,30210
DA:163,30210
DA:168,30210
DA:169,30210
DA:172,20140
DA:173,0
DA:177,30210
DA:178,10070
DA:179,0
DA:183,30210
DA:185,20140
DA:187,30210
DA:189,10070
DA:190,20140
DA:191,10070
DA:192,10070
DA:193,10070
DA:194,30210
DA:195,30210
DA:196,20140
DA:197,10070
DA:198,10070
DA:200,20140
DA:204,4
DA:208,10075
DA:209,20150
DA:210,20150
DA:211,20150
DA:212,30225
DA:214,1993105
DA:215,91155
DA:216,201360
DA:217,181342
DA:218,362684
DA:219,90671
DA:221,689409
DA:226,30225
DA:227,30225
DA:230,10075
DA:234,10074
DA:238,30218
DA:239,30210
DA:243,8
DA:244,0
DA:248,8
DA:249,0
DA:253,8
DA:254,0
DA:258,11
DA:259,12
DA:260,9
DA:263,1
LF:124
LH:103
end_of_record
TN:
SF:/Users/junhoyeo/tokscale-2/crates/tokscale-core/src/sessions/droid.rs
FN:41,normalize_model_name
FN:89,get_provider_from_model
FN:118,get_default_model_from_provider
FN:130,extract_model_from_jsonl
FN:157,parse_droid_file
FNF:5
FNDA:5,normalize_model_name
FNDA:10,get_provider_from_model
FNDA:5,get_default_model_from_provider
FNDA:0,extract_model_from_jsonl
FNDA:2,parse_droid_file
DA:41,5
DA:43,25
DA:47,10
DA:48,10
DA:50,132
DA:51,123
DA:52,2
DA:53,2
DA:54,420
DA:55,18
DA:59,10
DA:63,15
DA:66,10
DA:69,15
DA:72,10
DA:73,10
DA:74,109
DA:75,104
DA:76,37
DA:77,36
DA:79,19
DA:81,255
DA:82,85
DA:86,5
DA:89,10
DA:90,30
DA:92,10
DA:93,9
DA:94,9
DA:95,8
DA:96,7
DA:98,4
DA:100,6
DA:101,5
DA:102,5
DA:103,4
DA:105,3
DA:107,5
DA:108,1
DA:110,2
DA:111,1
DA:114,1
DA:118,5
DA:119,5
DA:120,7
DA:121,6
DA:122,5
DA:123,4
DA:124,1
DA:130,0
DA:131,0
DA:132,0
DA:136,0
DA:137,0
DA:139,0
DA:140,0
DA:142,0
DA:144,0
DA:146,0
DA:147,0
DA:148,0
DA:153,0
DA:157,2
DA:158,4
DA:159,4
DA:160,0
DA:163,4
DA:164,6
DA:165,4
DA:166,0
DA:170,4
DA:171,4
DA:172,0
DA:176,14
DA:177,8
DA:178,6
DA:179,4
DA:180,2
DA:182,2
DA:183,0
DA:187,4
DA:189,6
DA:195,8
DA:196,0
DA:199,6
DA:200,4
DA:203,0
DA:205,0
DA:206,0
DA:208,0
DA:209,0
DA:210,0
DA:212,0
DA:217,4
DA:218,2
DA:219,8
DA:220,6
DA:221,2
DA:222,0
DA:223,0
DA:224,0
DA:225,0
DA:226,0
DA:227,0
DA:228,0
DA:233,2
DA:234,0
DA:237,4
DA:239,2
DA:240,2
DA:241,2
DA:242,2
DA:243,2
DA:244,8
DA:245,8
DA:246,8
DA:247,8
DA:248,4
LF:118
LH:85
end_of_record
TN:
SF:/Users/junhoyeo/tokscale-2/crates/tokscale-core/src/sessions/gemini.rs
FN:56,parse_gemini_file
FN:89,parse_gemini_session
FN:135,parse_gemini_headless_jsonl
FN:197,parse_gemini_headless_value
FN:216,build_messages_from_stats
FN:253,extract_gemini_usages
FN:318,extract_timestamp_from_value
FNF:7
FNDA:26,parse_gemini_file
FNDA:24,parse_gemini_session
FNDA:1,parse_gemini_headless_jsonl
FNDA:1,parse_gemini_headless_value
FNDA:2,build_messages_from_stats
FNDA:2,extract_gemini_usages
FNDA:2,extract_timestamp_from_value
DA:56,26
DA:57,78
DA:59,156
DA:60,3
DA:63,50
DA:64,50
DA:65,0
DA:68,75
DA:69,49
DA:70,72
DA:73,2
DA:74,2
DA:75,2
DA:77,3
DA:80,5
DA:81,1
DA:82,1
DA:86,0
DA:89,24
DA:90,48
DA:91,72
DA:93,760
DA:95,736
DA:96,166
DA:99,1140
DA:100,1140
DA:101,0
DA:104,1140
DA:105,1140
DA:106,0
DA:109,1140
DA:110,570
DA:111,2280
DA:112,1710
DA:113,1140
DA:115,1710
DA:117,570
DA:119,1140
DA:120,570
DA:121,570
DA:122,2280
DA:123,2280
DA:124,2280
DA:125,570
DA:126,1140
DA:132,24
DA:135,1
DA:136,2
DA:137,2
DA:138,0
DA:141,2
DA:143,3
DA:146,3
DA:147,3
DA:148,2
DA:150,4
DA:151,4
DA:152,4
DA:153,0
DA:156,4
DA:157,4
DA:158,0
DA:161,6
DA:162,6
DA:163,4
DA:164,0
DA:167,16
DA:168,2
DA:169,4
DA:170,1
DA:172,1
DA:173,4
DA:175,1
DA:177,1
DA:180,2
DA:182,1
DA:183,3
DA:184,6
DA:185,4
DA:186,2
DA:187,3
DA:188,1
DA:189,1
DA:194,1
DA:197,1
DA:202,2
DA:203,1
DA:204,1
DA:206,2
DA:207,0
DA:210,4
DA:211,5
DA:213,5
DA:216,2
DA:222,8
DA:223,2
DA:225,4
DA:226,2
DA:228,2
DA:230,4
DA:231,2
DA:232,2
DA:233,6
DA:234,6
DA:235,6
DA:236,2
DA:237,2
DA:253,2
DA:254,9
DA:255,2
DA:256,3
DA:257,2
DA:258,2
DA:259,0
DA:261,4
DA:262,1
DA:263,1
DA:265,4
DA:266,1
DA:267,1
DA:269,4
DA:270,1
DA:272,4
DA:273,1
DA:276,1
DA:277,0
DA:280,3
DA:281,3
DA:282,2
DA:283,2
DA:284,1
DA:285,1
DA:289,1
DA:290,1
DA:294,4
DA:295,1
DA:297,4
DA:298,1
DA:300,5
DA:301,4
DA:302,4
DA:305,1
DA:306,0
DA:309,1
DA:310,2
DA:311,1
DA:312,1
DA:313,1
DA:314,1
DA:318,2
DA:319,2
DA:321,6
DA:322,2
LF:153
LH:141
end_of_record
TN:
SF:/Users/junhoyeo/tokscale-2/crates/tokscale-core/src/sessions/mod.rs
FN:32,normalize_agent_name
FN:50,UnifiedMessage::new
FN:73,UnifiedMessage::new_with_agent
FN:97,UnifiedMessage::new_with_dedup
FN:121,UnifiedMessage::new_full
FN:149,timestamp_to_date
FNF:6
FNDA:446517,normalize_agent_name
FNDA:13428,UnifiedMessage::new
FNDA:446526,UnifiedMessage::new_with_agent
FNDA:31382,UnifiedMessage::new_with_dedup
FNDA:491336,UnifiedMessage::new_full
FNDA:491339,timestamp_to_date
DA:32,446517
DA:33,1339551
DA:35,446517
DA:36,8100
DA:37,510
DA:39,7620
DA:42,874490
DA:43,201656
DA:46,683248
DA:50,13428
DA:60,13428
DA:61,13428
DA:62,13428
DA:63,13428
DA:64,13428
DA:65,13428
DA:66,13428
DA:67,13428
DA:68,13428
DA:73,446526
DA:84,446526
DA:85,446526
DA:86,446526
DA:87,446526
DA:88,446526
DA:89,446526
DA:90,446526
DA:91,446526
DA:92,446526
DA:97,31382
DA:108,31382
DA:109,31382
DA:110,31382
DA:111,31382
DA:112,31382
DA:113,31382
DA:114,31382
DA:115,31382
DA:116,31382
DA:121,491336
DA:132,1474008
DA:134,1474008
DA:135,1474008
DA:136,1474008
DA:137,1474008
DA:149,491339
DA:152,1965356
DA:153,491339
DA:154,1965356
DA:155,0
LF:50
LH:49
end_of_record
TN:
SF:/Users/junhoyeo/tokscale-2/crates/tokscale-core/src/sessions/openclaw.rs
FN:63,parse_openclaw_index
FN:90,parse_openclaw_session
FNF:2
FNDA:3,parse_openclaw_index
FNDA:330,parse_openclaw_session
DA:63,3
DA:64,6
DA:65,6
DA:66,0
DA:69,6
DA:70,9
DA:71,6
DA:72,0
DA:75,6
DA:77,661
DA:78,656
DA:79,981
DA:80,981
DA:81,1635
DA:82,654
DA:87,3
DA:90,330
DA:91,660
DA:92,660
DA:93,0
DA:97,990
DA:98,990
DA:100,1320
DA:101,990
DA:104,990
DA:105,660
DA:106,990
DA:107,990
DA:109,7496
DA:110,13672
DA:111,13672
DA:112,0
DA:115,13672
DA:116,13672
DA:117,0
DA:120,20508
DA:121,20508
DA:122,13672
DA:123,0
DA:126,6836
DA:127,6836
DA:128,243
DA:129,81
DA:131,243
DA:132,81
DA:135,6755
DA:136,11122
DA:137,5561
DA:138,2609
DA:141,5904
DA:142,5904
DA:143,0
DA:146,5479
DA:147,7581
DA:148,425
DA:151,5054
DA:153,2527
DA:154,10108
DA:155,10108
DA:157,7581
DA:159,2527
DA:160,2527
DA:161,5054
DA:162,2527
DA:163,2527
DA:164,10108
DA:165,10108
DA:166,10108
DA:167,5054
DA:168,2527
DA:170,5054
DA:174,1194
DA:178,330
LF:73
LH:66
end_of_record
TN:
SF:/Users/junhoyeo/tokscale-2/crates/tokscale-core/src/sessions/opencode.rs
FN:50,parse_opencode_file
FNF:1
FNDA:605891,parse_opencode_file
DA:50,605891
DA:51,2423564
DA:52,1211782
DA:54,3029449
DA:56,605885
DA:57,159376
DA:60,893018
DA:61,893018
DA:62,1786036
DA:63,2232543
DA:65,446509
DA:67,446509
DA:68,893018
DA:69,893018
DA:70,446509
DA:71,446509
DA:72,1339527
DA:73,1339527
DA:74,1339527
DA:75,1339527
DA:76,893018
DA:78,1339527
DA:79,446509
LF:23
LH:23
end_of_record
TN:
SF:/Users/junhoyeo/tokscale-2/crates/tokscale-core/src/sessions/pi.rs
FN:58,parse_pi_file
FNF:1
FNDA:10,parse_pi_file
DA:58,10
DA:59,20
DA:60,20
DA:61,0
DA:64,30
DA:66,30
DA:67,30
DA:69,30
DA:70,81
DA:71,122
DA:72,122
DA:73,0
DA:76,122
DA:77,122
DA:78,0
DA:81,122
DA:82,30
DA:83,20
DA:84,20
DA:85,0
DA:88,10
DA:89,0
DA:91,20
DA:92,10
DA:95,153
DA:96,101
DA:97,100
DA:98,1
DA:101,50
DA:102,10
DA:105,80
DA:106,80
DA:107,0
DA:110,40
DA:111,17
DA:114,45
DA:115,44
DA:116,1
DA:119,44
DA:120,44
DA:121,0
DA:124,44
DA:125,44
DA:126,0
DA:129,44
DA:130,22
DA:131,88
DA:132,66
DA:133,44
DA:135,66
DA:137,22
DA:138,22
DA:139,66
DA:140,22
DA:141,22
DA:142,88
DA:143,88
DA:144,88
DA:145,44
DA:146,22
DA:152,10
LF:61
LH:53
end_of_record
TN:
SF:/Users/junhoyeo/tokscale-2/crates/tokscale-core/src/sessions/utils.rs
FN:7,extract_i64
FN:15,extract_string
FN:19,parse_timestamp_value
FN:35,parse_timestamp_str
FN:50,file_modified_timestamp_ms
FNF:5
FNDA:27,extract_i64
FNDA:157,extract_string
FNDA:1,parse_timestamp_value
FNDA:1,parse_timestamp_str
FNDA:1764,file_modified_timestamp_ms
DA:7,27
DA:8,73
DA:9,38
DA:10,19
DA:11,19
DA:15,157
DA:16,354
DA:19,1
DA:20,2
DA:21,2
DA:24,0
DA:26,0
DA:28,0
DA:29,0
DA:31,0
DA:35,1
DA:36,2
DA:37,1
DA:40,0
DA:41,0
DA:42,0
DA:44,0
DA:47,0
DA:50,1764
DA:51,3528
DA:52,5292
DA:54,7056
DA:55,5292
DA:56,1764
LF:29
LH:19
end_of_record
